{ time: [34m15-03-2022 10:34:50[39m level: [31merror[39m message: Validation error: The providing value should either be male or femaleValidation error: The providing value should either be male or female stack: SequelizeValidationError: Validation error: The providing value should either be male or female
    at InstanceValidator._validate (C:\CREDITCLAN\web_hook\hospital_chatbot\node_modules\sequelize\lib\instance-validator.js:50:13)
    at processTicksAndRejections (internal/process/task_queues.js:93:5)
    at async InstanceValidator._validateAndRunHooks (C:\CREDITCLAN\web_hook\hospital_chatbot\node_modules\sequelize\lib\instance-validator.js:60:7)
    at async InstanceValidator.validate (C:\CREDITCLAN\web_hook\hospital_chatbot\node_modules\sequelize\lib\instance-validator.js:54:12)
    at async model.save (C:\CREDITCLAN\web_hook\hospital_chatbot\node_modules\sequelize\lib\model.js:2353:7)
    at async Function.create (C:\CREDITCLAN\web_hook\hospital_chatbot\node_modules\sequelize\lib\model.js:1329:12)
    at async exports.registerPatient (C:\CREDITCLAN\web_hook\hospital_chatbot\controllers\patient.controller.js:34:19) }
{ time: [34m15-03-2022 10:38:41[39m level: [31merror[39m message: this.getValue is not a functionthis.getValue is not a function stack: TypeError: this.getValue is not a function
    at model.get (C:\CREDITCLAN\web_hook\hospital_chatbot\models\patient-signup.model.js:17:23)
    at model.get (C:\CREDITCLAN\web_hook\hospital_chatbot\node_modules\sequelize\lib\model.js:2101:41)
    at model.get (C:\CREDITCLAN\web_hook\hospital_chatbot\node_modules\sequelize\lib\model.js:2123:33)
    at model.toJSON (C:\CREDITCLAN\web_hook\hospital_chatbot\node_modules\sequelize\lib\model.js:2611:29)
    at JSON.stringify (<anonymous>)
    at stringify (C:\CREDITCLAN\web_hook\hospital_chatbot\node_modules\express\lib\response.js:1128:12)
    at ServerResponse.json (C:\CREDITCLAN\web_hook\hospital_chatbot\node_modules\express\lib\response.js:260:14)
    at exports.registerPatient (C:\CREDITCLAN\web_hook\hospital_chatbot\controllers\patient.controller.js:35:14)
    at processTicksAndRejections (internal/process/task_queues.js:93:5) }
{ time: [34m15-03-2022 10:39:56[39m level: [31merror[39m message: Validation error: The providing value should either be male or femaleValidation error: The providing value should either be male or female stack: SequelizeValidationError: Validation error: The providing value should either be male or female
    at InstanceValidator._validate (C:\CREDITCLAN\web_hook\hospital_chatbot\node_modules\sequelize\lib\instance-validator.js:50:13)
    at processTicksAndRejections (internal/process/task_queues.js:93:5)
    at async InstanceValidator._validateAndRunHooks (C:\CREDITCLAN\web_hook\hospital_chatbot\node_modules\sequelize\lib\instance-validator.js:60:7)
    at async InstanceValidator.validate (C:\CREDITCLAN\web_hook\hospital_chatbot\node_modules\sequelize\lib\instance-validator.js:54:12)
    at async model.save (C:\CREDITCLAN\web_hook\hospital_chatbot\node_modules\sequelize\lib\model.js:2353:7)
    at async Function.create (C:\CREDITCLAN\web_hook\hospital_chatbot\node_modules\sequelize\lib\model.js:1329:12)
    at async exports.registerPatient (C:\CREDITCLAN\web_hook\hospital_chatbot\controllers\patient.controller.js:34:19) }
{ time: [34m15-03-2022 11:51:14[39m level: [31merror[39m message: getUser is not definedgetUser is not defined stack: ReferenceError: getUser is not defined
    at exports.registerPatient (C:\CREDITCLAN\web_hook\hospital_chatbot\controllers\patient.controller.js:39:60)
    at processTicksAndRejections (internal/process/task_queues.js:93:5) }
{ time: [34m15-03-2022 11:57:34[39m level: [31merror[39m message: Unknown column 'patient.deleteAt' in 'where clause'Unknown column 'patient.deleteAt' in 'where clause' stack: Error
    at Query.run (C:\CREDITCLAN\web_hook\hospital_chatbot\node_modules\sequelize\lib\dialects\mysql\query.js:52:25)
    at C:\CREDITCLAN\web_hook\hospital_chatbot\node_modules\sequelize\lib\sequelize.js:313:28
    at processTicksAndRejections (internal/process/task_queues.js:93:5)
    at async MySQLQueryInterface.select (C:\CREDITCLAN\web_hook\hospital_chatbot\node_modules\sequelize\lib\dialects\abstract\query-interface.js:396:12)
    at async Function.findAll (C:\CREDITCLAN\web_hook\hospital_chatbot\node_modules\sequelize\lib\model.js:1119:21)
    at async exports.registerPatient (C:\CREDITCLAN\web_hook\hospital_chatbot\controllers\patient.controller.js:38:19) }
{ time: [34m15-03-2022 15:07:07[39m level: [31merror[39m message: Incorrect integer value: 'Number 9' for column 'jersey_number' at row 1Incorrect integer value: 'Number 9' for column 'jersey_number' at row 1 stack: Error
    at Query.run (C:\CREDITCLAN\web_hook\hospital_chatbot\node_modules\sequelize\lib\dialects\mysql\query.js:52:25)
    at C:\CREDITCLAN\web_hook\hospital_chatbot\node_modules\sequelize\lib\sequelize.js:313:28
    at processTicksAndRejections (internal/process/task_queues.js:93:5)
    at async MySQLQueryInterface.bulkInsert (C:\CREDITCLAN\web_hook\hospital_chatbot\node_modules\sequelize\lib\dialects\abstract\query-interface.js:335:21)
    at async recursiveBulkCreate (C:\CREDITCLAN\web_hook\hospital_chatbot\node_modules\sequelize\lib\model.js:1648:25)
    at async Function.bulkCreate (C:\CREDITCLAN\web_hook\hospital_chatbot\node_modules\sequelize\lib\model.js:1737:12)
    at async exports.registerPatient (C:\CREDITCLAN\web_hook\hospital_chatbot\controllers\patient.controller.js:47:19) }
{ time: [34m15-03-2022 16:14:52[39m level: [31merror[39m message: players is not definedplayers is not defined stack: ReferenceError: players is not defined
    at exports.registerPatient (C:\CREDITCLAN\web_hook\hospital_chatbot\controllers\patient.controller.js:59:11)
    at processTicksAndRejections (internal/process/task_queues.js:93:5) }
{ time: [34m15-03-2022 17:29:45[39m level: [31merror[39m message: player.create is not a functionplayer.create is not a function stack: TypeError: player.create is not a function
    at exports.registerPatient (C:\CREDITCLAN\web_hook\hospital_chatbot\controllers\patient.controller.js:59:37)
    at processTicksAndRejections (internal/process/task_queues.js:93:5) }
{ time: [34m18-03-2022 19:20:13[39m level: [31merror[39m message: Validation error: Validation len on phone failedValidation error: Validation len on phone failed stack: SequelizeValidationError: Validation error: Validation len on phone failed
    at InstanceValidator._validate (C:\CREDITCLAN\web_hook\sequelize_api\node_modules\sequelize\lib\instance-validator.js:50:13)
    at processTicksAndRejections (internal/process/task_queues.js:93:5)
    at async InstanceValidator._validateAndRunHooks (C:\CREDITCLAN\web_hook\sequelize_api\node_modules\sequelize\lib\instance-validator.js:60:7)
    at async InstanceValidator.validate (C:\CREDITCLAN\web_hook\sequelize_api\node_modules\sequelize\lib\instance-validator.js:54:12)
    at async model.save (C:\CREDITCLAN\web_hook\sequelize_api\node_modules\sequelize\lib\model.js:2353:7)
    at async Function.create (C:\CREDITCLAN\web_hook\sequelize_api\node_modules\sequelize\lib\model.js:1329:12)
    at async exports.registerPatient (C:\CREDITCLAN\web_hook\sequelize_api\controllers\patient.controller.js:14:20) }
{ time: [34m18-03-2022 19:22:39[39m level: [31merror[39m message: Validation error: Validation isEmail on email failedValidation error: Validation isEmail on email failed stack: SequelizeValidationError: Validation error: Validation isEmail on email failed
    at InstanceValidator._validate (C:\CREDITCLAN\web_hook\sequelize_api\node_modules\sequelize\lib\instance-validator.js:50:13)
    at processTicksAndRejections (internal/process/task_queues.js:93:5)
    at async InstanceValidator._validateAndRunHooks (C:\CREDITCLAN\web_hook\sequelize_api\node_modules\sequelize\lib\instance-validator.js:60:7)
    at async InstanceValidator.validate (C:\CREDITCLAN\web_hook\sequelize_api\node_modules\sequelize\lib\instance-validator.js:54:12)
    at async model.save (C:\CREDITCLAN\web_hook\sequelize_api\node_modules\sequelize\lib\model.js:2353:7)
    at async Function.create (C:\CREDITCLAN\web_hook\sequelize_api\node_modules\sequelize\lib\model.js:1329:12)
    at async exports.registerPatient (C:\CREDITCLAN\web_hook\sequelize_api\controllers\patient.controller.js:14:20) }
{ time: [34m20-03-2022 15:27:21[39m level: [31merror[39m message: depth.getEmployee is not a functiondepth.getEmployee is not a function stack: TypeError: depth.getEmployee is not a function
    at exports.registerPatient (C:\CREDITCLAN\web_hook\sequelize_api\controllers\patient.controller.js:38:30)
    at processTicksAndRejections (internal/process/task_queues.js:93:5) }
{ time: [34m20-03-2022 15:54:48[39m level: [31merror[39m message: Cannot read property 'createJob' of nullCannot read property 'createJob' of null stack: TypeError: Cannot read property 'createJob' of null
    at exports.registerPatient (C:\CREDITCLAN\web_hook\sequelize_api\controllers\patient.controller.js:47:33)
    at processTicksAndRejections (internal/process/task_queues.js:93:5) }
{ time: [34m20-03-2022 15:56:26[39m level: [31merror[39m message: Cannot read property 'createJobs' of nullCannot read property 'createJobs' of null stack: TypeError: Cannot read property 'createJobs' of null
    at exports.registerPatient (C:\CREDITCLAN\web_hook\sequelize_api\controllers\patient.controller.js:47:33)
    at processTicksAndRejections (internal/process/task_queues.js:93:5) }
{ time: [34m20-03-2022 15:58:24[39m level: [31merror[39m message: Cannot read property 'createJobs' of nullCannot read property 'createJobs' of null stack: TypeError: Cannot read property 'createJobs' of null
    at exports.registerPatient (C:\CREDITCLAN\web_hook\sequelize_api\controllers\patient.controller.js:48:33)
    at processTicksAndRejections (internal/process/task_queues.js:93:5) }
{ time: [34m20-03-2022 15:59:27[39m level: [31merror[39m message: Cannot read property 'createJobs' of nullCannot read property 'createJobs' of null stack: TypeError: Cannot read property 'createJobs' of null
    at exports.registerPatient (C:\CREDITCLAN\web_hook\sequelize_api\controllers\patient.controller.js:48:33)
    at processTicksAndRejections (internal/process/task_queues.js:93:5) }
{ time: [34m20-03-2022 16:01:22[39m level: [31merror[39m message: employee.createJobs is not a functionemployee.createJobs is not a function stack: TypeError: employee.createJobs is not a function
    at exports.registerPatient (C:\CREDITCLAN\web_hook\sequelize_api\controllers\patient.controller.js:48:33)
    at processTicksAndRejections (internal/process/task_queues.js:93:5) }
{ time: [34m21-03-2022 19:03:02[39m level: [31merror[39m message: Missing where or truncate attribute in the options parameter of model.destroy.Missing where or truncate attribute in the options parameter of model.destroy. stack: Error: Missing where or truncate attribute in the options parameter of model.destroy.
    at Function.destroy (C:\CREDITCLAN\web_hook\sequelize_api\node_modules\sequelize\lib\model.js:1748:13)
    at exports.registerPatient (C:\CREDITCLAN\web_hook\sequelize_api\controllers\patient.controller.js:40:18)
    at processTicksAndRejections (internal/process/task_queues.js:93:5) }
{ time: [34m21-03-2022 19:47:16[39m level: [31merror[39m message: result is not definedresult is not defined stack: ReferenceError: result is not defined
    at exports.registerPatient (C:\CREDITCLAN\web_hook\sequelize_api\controllers\patient.controller.js:68:5)
    at processTicksAndRejections (internal/process/task_queues.js:93:5) }
{ time: [34m22-03-2022 03:47:25[39m level: [31merror[39m message: include.model.getTableName is not a functioninclude.model.getTableName is not a function stack: TypeError: include.model.getTableName is not a function
    at Function._validateIncludedElement (C:\CREDITCLAN\web_hook\sequelize_api\node_modules\sequelize\lib\model.js:476:30)
    at C:\CREDITCLAN\web_hook\sequelize_api\node_modules\sequelize\lib\model.js:421:37
    at Array.map (<anonymous>)
    at Function._validateIncludedElements (C:\CREDITCLAN\web_hook\sequelize_api\node_modules\sequelize\lib\model.js:417:39)
    at Function.findAll (C:\CREDITCLAN\web_hook\sequelize_api\node_modules\sequelize\lib\model.js:1103:12)
    at processTicksAndRejections (internal/process/task_queues.js:93:5)
    at async exports.registerPatient (C:\CREDITCLAN\web_hook\sequelize_api\controllers\patient.controller.js:73:18) }
{ time: [34m22-03-2022 03:48:35[39m level: [31merror[39m message: include.model.getTableName is not a functioninclude.model.getTableName is not a function stack: TypeError: include.model.getTableName is not a function
    at Function._validateIncludedElement (C:\CREDITCLAN\web_hook\sequelize_api\node_modules\sequelize\lib\model.js:476:30)
    at C:\CREDITCLAN\web_hook\sequelize_api\node_modules\sequelize\lib\model.js:421:37
    at Array.map (<anonymous>)
    at Function._validateIncludedElements (C:\CREDITCLAN\web_hook\sequelize_api\node_modules\sequelize\lib\model.js:417:39)
    at Function.findAll (C:\CREDITCLAN\web_hook\sequelize_api\node_modules\sequelize\lib\model.js:1103:12)
    at processTicksAndRejections (internal/process/task_queues.js:93:5)
    at async exports.registerPatient (C:\CREDITCLAN\web_hook\sequelize_api\controllers\patient.controller.js:73:18) }
{ time: [34m22-03-2022 03:49:13[39m level: [31merror[39m message: include.model.getTableName is not a functioninclude.model.getTableName is not a function stack: TypeError: include.model.getTableName is not a function
    at Function._validateIncludedElement (C:\CREDITCLAN\web_hook\sequelize_api\node_modules\sequelize\lib\model.js:476:30)
    at C:\CREDITCLAN\web_hook\sequelize_api\node_modules\sequelize\lib\model.js:421:37
    at Array.map (<anonymous>)
    at Function._validateIncludedElements (C:\CREDITCLAN\web_hook\sequelize_api\node_modules\sequelize\lib\model.js:417:39)
    at Function.findAll (C:\CREDITCLAN\web_hook\sequelize_api\node_modules\sequelize\lib\model.js:1103:12)
    at processTicksAndRejections (internal/process/task_queues.js:93:5)
    at async exports.registerPatient (C:\CREDITCLAN\web_hook\sequelize_api\controllers\patient.controller.js:73:18) }
{ time: [34m22-03-2022 03:49:54[39m level: [31merror[39m message: include.model.getTableName is not a functioninclude.model.getTableName is not a function stack: TypeError: include.model.getTableName is not a function
    at Function._validateIncludedElement (C:\CREDITCLAN\web_hook\sequelize_api\node_modules\sequelize\lib\model.js:476:30)
    at C:\CREDITCLAN\web_hook\sequelize_api\node_modules\sequelize\lib\model.js:421:37
    at Array.map (<anonymous>)
    at Function._validateIncludedElements (C:\CREDITCLAN\web_hook\sequelize_api\node_modules\sequelize\lib\model.js:417:39)
    at Function.findAll (C:\CREDITCLAN\web_hook\sequelize_api\node_modules\sequelize\lib\model.js:1103:12)
    at processTicksAndRejections (internal/process/task_queues.js:93:5)
    at async exports.registerPatient (C:\CREDITCLAN\web_hook\sequelize_api\controllers\patient.controller.js:73:18) }
{ time: [34m22-03-2022 03:51:10[39m level: [31merror[39m message: include.model.getTableName is not a functioninclude.model.getTableName is not a function stack: TypeError: include.model.getTableName is not a function
    at Function._validateIncludedElement (C:\CREDITCLAN\web_hook\sequelize_api\node_modules\sequelize\lib\model.js:476:30)
    at C:\CREDITCLAN\web_hook\sequelize_api\node_modules\sequelize\lib\model.js:421:37
    at Array.map (<anonymous>)
    at Function._validateIncludedElements (C:\CREDITCLAN\web_hook\sequelize_api\node_modules\sequelize\lib\model.js:417:39)
    at Function.findAll (C:\CREDITCLAN\web_hook\sequelize_api\node_modules\sequelize\lib\model.js:1103:12)
    at processTicksAndRejections (internal/process/task_queues.js:93:5)
    at async exports.registerPatient (C:\CREDITCLAN\web_hook\sequelize_api\controllers\patient.controller.js:73:18) }
{ time: [34m22-03-2022 09:08:53[39m level: [31merror[39m message: employeesjob is not associated to employee!employeesjob is not associated to employee! stack: SequelizeEagerLoadingError: employeesjob is not associated to employee!
    at Function._getIncludedAssociation (C:\CREDITCLAN\web_hook\sequelize_api\node_modules\sequelize\lib\model.js:565:13)
    at Function._validateIncludedElement (C:\CREDITCLAN\web_hook\sequelize_api\node_modules\sequelize\lib\model.js:502:53)
    at C:\CREDITCLAN\web_hook\sequelize_api\node_modules\sequelize\lib\model.js:421:37
    at Array.map (<anonymous>)
    at Function._validateIncludedElements (C:\CREDITCLAN\web_hook\sequelize_api\node_modules\sequelize\lib\model.js:417:39)
    at Function.findAll (C:\CREDITCLAN\web_hook\sequelize_api\node_modules\sequelize\lib\model.js:1103:12)
    at processTicksAndRejections (internal/process/task_queues.js:93:5)
    at async exports.registerPatient (C:\CREDITCLAN\web_hook\sequelize_api\controllers\patient.controller.js:73:18) }
{ time: [34m23-03-2022 16:49:57[39m level: [31merror[39m message: Cannot read property 'path' of undefinedCannot read property 'path' of undefined stack: TypeError: Cannot read property 'path' of undefined
    at exports.FileToCloudinary (C:\CREDITCLAN\web_hook\sequelize_api\controllers\patient.controller.js:101:60)
    at C:\CREDITCLAN\web_hook\sequelize_api\node_modules\express-async-errors\index.js:17:20
    at Layer.handle [as handle_request] (C:\CREDITCLAN\web_hook\sequelize_api\node_modules\express\lib\router\layer.js:95:5)
    at next (C:\CREDITCLAN\web_hook\sequelize_api\node_modules\express\lib\router\route.js:137:13)
    at multerMiddleware (C:\CREDITCLAN\web_hook\sequelize_api\node_modules\multer\lib\make-middleware.js:18:41)
    at C:\CREDITCLAN\web_hook\sequelize_api\node_modules\express-async-errors\index.js:17:20
    at Layer.handle [as handle_request] (C:\CREDITCLAN\web_hook\sequelize_api\node_modules\express\lib\router\layer.js:95:5)
    at next (C:\CREDITCLAN\web_hook\sequelize_api\node_modules\express\lib\router\route.js:137:13)
    at Route.dispatch (C:\CREDITCLAN\web_hook\sequelize_api\node_modules\express\lib\router\route.js:112:3)
    at C:\CREDITCLAN\web_hook\sequelize_api\node_modules\express-async-errors\index.js:17:20 }
{ time: [34m23-03-2022 17:16:21[39m level: [31merror[39m message: Cannot read property 'path' of undefinedCannot read property 'path' of undefined stack: TypeError: Cannot read property 'path' of undefined
    at exports.FileToCloudinary (C:\CREDITCLAN\web_hook\sequelize_api\controllers\patient.controller.js:102:60)
    at C:\CREDITCLAN\web_hook\sequelize_api\node_modules\express-async-errors\index.js:17:20
    at Layer.handle [as handle_request] (C:\CREDITCLAN\web_hook\sequelize_api\node_modules\express\lib\router\layer.js:95:5)
    at next (C:\CREDITCLAN\web_hook\sequelize_api\node_modules\express\lib\router\route.js:137:13)
    at Array.<anonymous> (C:\CREDITCLAN\web_hook\sequelize_api\node_modules\multer\lib\make-middleware.js:53:37)
    at listener (C:\CREDITCLAN\web_hook\sequelize_api\node_modules\on-finished\index.js:169:15)
    at onFinish (C:\CREDITCLAN\web_hook\sequelize_api\node_modules\on-finished\index.js:100:5)
    at callback (C:\CREDITCLAN\web_hook\sequelize_api\node_modules\ee-first\index.js:55:10)
    at IncomingMessage.onevent (C:\CREDITCLAN\web_hook\sequelize_api\node_modules\ee-first\index.js:93:5)
    at IncomingMessage.emit (events.js:327:22) }
{ time: [34m23-03-2022 17:28:31[39m level: [31merror[39m message: Cannot read property 'path' of undefinedCannot read property 'path' of undefined stack: TypeError: Cannot read property 'path' of undefined
    at exports.FileToCloudinary (C:\CREDITCLAN\web_hook\sequelize_api\controllers\patient.controller.js:102:60)
    at C:\CREDITCLAN\web_hook\sequelize_api\node_modules\express-async-errors\index.js:17:20
    at Layer.handle [as handle_request] (C:\CREDITCLAN\web_hook\sequelize_api\node_modules\express\lib\router\layer.js:95:5)
    at next (C:\CREDITCLAN\web_hook\sequelize_api\node_modules\express\lib\router\route.js:137:13)
    at multerMiddleware (C:\CREDITCLAN\web_hook\sequelize_api\node_modules\multer\lib\make-middleware.js:18:41)
    at C:\CREDITCLAN\web_hook\sequelize_api\node_modules\express-async-errors\index.js:17:20
    at Layer.handle [as handle_request] (C:\CREDITCLAN\web_hook\sequelize_api\node_modules\express\lib\router\layer.js:95:5)
    at next (C:\CREDITCLAN\web_hook\sequelize_api\node_modules\express\lib\router\route.js:137:13)
    at Route.dispatch (C:\CREDITCLAN\web_hook\sequelize_api\node_modules\express\lib\router\route.js:112:3)
    at C:\CREDITCLAN\web_hook\sequelize_api\node_modules\express-async-errors\index.js:17:20 }
{ time: [34m23-03-2022 21:48:27[39m level: [31merror[39m message: undefined stack: undefined }
{ time: [34m23-03-2022 23:16:06[39m level: [31merror[39m message: ENOENT: no such file or directory, open 'C:\CREDITCLAN\web_hook\sequelize_api\uploads\2022-03-23T22:16:06.788Z-IMG-20211028-WA0087.jpg'ENOENT: no such file or directory, open 'C:\CREDITCLAN\web_hook\sequelize_api\uploads\2022-03-23T22:16:06.788Z-IMG-20211028-WA0087.jpg' stack: Error: ENOENT: no such file or directory, open 'C:\CREDITCLAN\web_hook\sequelize_api\uploads\2022-03-23T22:16:06.788Z-IMG-20211028-WA0087.jpg' }
{ time: [34m23-03-2022 23:16:28[39m level: [31merror[39m message: ENOENT: no such file or directory, open 'C:\Users\USER\AppData\Local\Temp\2022-03-23T22:16:28.982Z-IMG-20211028-WA0087.jpg'ENOENT: no such file or directory, open 'C:\Users\USER\AppData\Local\Temp\2022-03-23T22:16:28.982Z-IMG-20211028-WA0087.jpg' stack: Error: ENOENT: no such file or directory, open 'C:\Users\USER\AppData\Local\Temp\2022-03-23T22:16:28.982Z-IMG-20211028-WA0087.jpg' }
{ time: [34m23-03-2022 23:16:34[39m level: [31merror[39m message: ENOENT: no such file or directory, open 'C:\Users\USER\AppData\Local\Temp\2022-03-23T22:16:34.760Z-IMG-20211028-WA0087.jpg'ENOENT: no such file or directory, open 'C:\Users\USER\AppData\Local\Temp\2022-03-23T22:16:34.760Z-IMG-20211028-WA0087.jpg' stack: Error: ENOENT: no such file or directory, open 'C:\Users\USER\AppData\Local\Temp\2022-03-23T22:16:34.760Z-IMG-20211028-WA0087.jpg' }
{ time: [34m23-03-2022 23:28:45[39m level: [31merror[39m message: Unsupported file format stack: undefined }
{ time: [34m23-03-2022 23:30:50[39m level: [31merror[39m message: Unsupported file format stack: undefined }
{ time: [34m23-03-2022 23:35:21[39m level: [31merror[39m message: ENOENT: no such file or directory, open 'C:\Users\USER\AppData\Local\Temp\2022-03-23T22:35:21.373Z-IMG-20211028-WA0119.jpg'ENOENT: no such file or directory, open 'C:\Users\USER\AppData\Local\Temp\2022-03-23T22:35:21.373Z-IMG-20211028-WA0119.jpg' stack: Error: ENOENT: no such file or directory, open 'C:\Users\USER\AppData\Local\Temp\2022-03-23T22:35:21.373Z-IMG-20211028-WA0119.jpg' }
{ time: [34m23-03-2022 23:40:13[39m level: [31merror[39m message: ENOENT: no such file or directory, open 'C:\Users\USER\AppData\Local\Temp\2022-03-23T22:40:13.339Z-IMG-20211028-WA0119.jpg'ENOENT: no such file or directory, open 'C:\Users\USER\AppData\Local\Temp\2022-03-23T22:40:13.339Z-IMG-20211028-WA0119.jpg' stack: Error: ENOENT: no such file or directory, open 'C:\Users\USER\AppData\Local\Temp\2022-03-23T22:40:13.339Z-IMG-20211028-WA0119.jpg' }
{ time: [34m23-03-2022 23:42:22[39m level: [31merror[39m message: ENOENT: no such file or directory, open 'C:\Users\USER\AppData\Local\Temp\2022-03-23T22:42:22.949Z-IMG-20211028-WA0119.jpg'ENOENT: no such file or directory, open 'C:\Users\USER\AppData\Local\Temp\2022-03-23T22:42:22.949Z-IMG-20211028-WA0119.jpg' stack: Error: ENOENT: no such file or directory, open 'C:\Users\USER\AppData\Local\Temp\2022-03-23T22:42:22.949Z-IMG-20211028-WA0119.jpg' }
{ time: [34m24-03-2022 08:35:05[39m level: [31merror[39m message: updated is not definedupdated is not defined stack: ReferenceError: updated is not defined
    at exports.FileToCloudinary (C:\CREDITCLAN\web_hook\sequelize_api\controllers\patient.controller.js:125:61)
    at processTicksAndRejections (internal/process/task_queues.js:93:5) }
{ time: [34m24-03-2022 14:39:18[39m level: [31merror[39m message: Cannot destructure property 'path' of 'req.file' as it is undefined.Cannot destructure property 'path' of 'req.file' as it is undefined. stack: TypeError: Cannot destructure property 'path' of 'req.file' as it is undefined.
    at module.exports.audioUpload (C:\CREDITCLAN\web_hook\sequelize_api\controllers\patient.controller.js:147:11)
    at C:\CREDITCLAN\web_hook\sequelize_api\node_modules\express-async-errors\index.js:17:20
    at Layer.handle [as handle_request] (C:\CREDITCLAN\web_hook\sequelize_api\node_modules\express\lib\router\layer.js:95:5)
    at next (C:\CREDITCLAN\web_hook\sequelize_api\node_modules\express\lib\router\route.js:137:13)
    at Array.<anonymous> (C:\CREDITCLAN\web_hook\sequelize_api\node_modules\multer\lib\make-middleware.js:53:37)
    at listener (C:\CREDITCLAN\web_hook\sequelize_api\node_modules\on-finished\index.js:169:15)
    at onFinish (C:\CREDITCLAN\web_hook\sequelize_api\node_modules\on-finished\index.js:100:5)
    at callback (C:\CREDITCLAN\web_hook\sequelize_api\node_modules\ee-first\index.js:55:10)
    at IncomingMessage.onevent (C:\CREDITCLAN\web_hook\sequelize_api\node_modules\ee-first\index.js:93:5)
    at IncomingMessage.emit (events.js:327:22) }
{ time: [34m24-03-2022 14:58:20[39m level: [31merror[39m message: Cannot destructure property 'path' of 'req.file' as it is undefined.Cannot destructure property 'path' of 'req.file' as it is undefined. stack: TypeError: Cannot destructure property 'path' of 'req.file' as it is undefined.
    at module.exports.audioUpload (C:\CREDITCLAN\web_hook\sequelize_api\controllers\patient.controller.js:147:11)
    at C:\CREDITCLAN\web_hook\sequelize_api\node_modules\express-async-errors\index.js:17:20
    at Layer.handle [as handle_request] (C:\CREDITCLAN\web_hook\sequelize_api\node_modules\express\lib\router\layer.js:95:5)
    at next (C:\CREDITCLAN\web_hook\sequelize_api\node_modules\express\lib\router\route.js:137:13)
    at Array.<anonymous> (C:\CREDITCLAN\web_hook\sequelize_api\node_modules\multer\lib\make-middleware.js:53:37)
    at listener (C:\CREDITCLAN\web_hook\sequelize_api\node_modules\on-finished\index.js:169:15)
    at onFinish (C:\CREDITCLAN\web_hook\sequelize_api\node_modules\on-finished\index.js:100:5)
    at callback (C:\CREDITCLAN\web_hook\sequelize_api\node_modules\ee-first\index.js:55:10)
    at IncomingMessage.onevent (C:\CREDITCLAN\web_hook\sequelize_api\node_modules\ee-first\index.js:93:5)
    at IncomingMessage.emit (events.js:327:22) }
{ time: [34m24-03-2022 15:33:24[39m level: [31merror[39m message: upload is not definedupload is not defined stack: ReferenceError: upload is not defined
    at module.exports.audioUpload (C:\CREDITCLAN\web_hook\sequelize_api\controllers\patient.controller.js:182:3)
    at C:\CREDITCLAN\web_hook\sequelize_api\node_modules\express-async-errors\index.js:17:20
    at Layer.handle [as handle_request] (C:\CREDITCLAN\web_hook\sequelize_api\node_modules\express\lib\router\layer.js:95:5)
    at next (C:\CREDITCLAN\web_hook\sequelize_api\node_modules\express\lib\router\route.js:137:13)
    at Array.<anonymous> (C:\CREDITCLAN\web_hook\sequelize_api\node_modules\multer\lib\make-middleware.js:53:37)
    at listener (C:\CREDITCLAN\web_hook\sequelize_api\node_modules\on-finished\index.js:169:15)
    at onFinish (C:\CREDITCLAN\web_hook\sequelize_api\node_modules\on-finished\index.js:100:5)
    at callback (C:\CREDITCLAN\web_hook\sequelize_api\node_modules\ee-first\index.js:55:10)
    at IncomingMessage.onevent (C:\CREDITCLAN\web_hook\sequelize_api\node_modules\ee-first\index.js:93:5)
    at IncomingMessage.emit (events.js:327:22) }
{ time: [34m24-03-2022 15:34:08[39m level: [31merror[39m message: Cannot destructure property 'path' of 'req.file' as it is undefined.Cannot destructure property 'path' of 'req.file' as it is undefined. stack: TypeError: Cannot destructure property 'path' of 'req.file' as it is undefined.
    at module.exports.audioUpload (C:\CREDITCLAN\web_hook\sequelize_api\controllers\patient.controller.js:193:11)
    at C:\CREDITCLAN\web_hook\sequelize_api\node_modules\express-async-errors\index.js:17:20
    at Layer.handle [as handle_request] (C:\CREDITCLAN\web_hook\sequelize_api\node_modules\express\lib\router\layer.js:95:5)
    at next (C:\CREDITCLAN\web_hook\sequelize_api\node_modules\express\lib\router\route.js:137:13)
    at Array.<anonymous> (C:\CREDITCLAN\web_hook\sequelize_api\node_modules\multer\lib\make-middleware.js:53:37)
    at listener (C:\CREDITCLAN\web_hook\sequelize_api\node_modules\on-finished\index.js:169:15)
    at onFinish (C:\CREDITCLAN\web_hook\sequelize_api\node_modules\on-finished\index.js:100:5)
    at callback (C:\CREDITCLAN\web_hook\sequelize_api\node_modules\ee-first\index.js:55:10)
    at IncomingMessage.onevent (C:\CREDITCLAN\web_hook\sequelize_api\node_modules\ee-first\index.js:93:5)
    at IncomingMessage.emit (events.js:327:22) }
{ time: [34m24-03-2022 18:31:44[39m level: [31merror[39m message: Unsupported File Format stack: undefined }
{ time: [34m24-03-2022 18:32:55[39m level: [31merror[39m message: Unsupported File Format stack: undefined }
{ time: [34m24-03-2022 18:33:16[39m level: [31merror[39m message: Unsupported File Format stack: undefined }
{ time: [34m24-03-2022 18:33:18[39m level: [31merror[39m message: Unsupported File Format stack: undefined }
{ time: [34m20-04-2022 15:43:19[39m level: [31merror[39m message: Options contain unknown keys: minDomainAtomsOptions contain unknown keys: minDomainAtoms stack: Error: Options contain unknown keys: minDomainAtoms
    at new module.exports (C:\CREDITCLAN\web_hook\Inventory\node_modules\@hapi\hoek\lib\error.js:23:19)
    at module.exports (C:\CREDITCLAN\web_hook\Inventory\node_modules\@hapi\hoek\lib\assert.js:20:11)
    at Object.exports.assertOptions (C:\CREDITCLAN\web_hook\Inventory\node_modules\joi\lib\common.js:69:5)
    at internals.Base.method [as email] (C:\CREDITCLAN\web_hook\Inventory\node_modules\joi\lib\types\string.js:286:24)
    at validateUserDetail (C:\CREDITCLAN\web_hook\Inventory\validator\author\register-validator.js:6:32)
    at exports.registerAuthor (C:\CREDITCLAN\web_hook\Inventory\controllers\process.controller.js:5:28)
    at C:\CREDITCLAN\web_hook\Inventory\node_modules\express-async-errors\index.js:17:20
    at Layer.handle [as handle_request] (C:\CREDITCLAN\web_hook\Inventory\node_modules\express\lib\router\layer.js:95:5)
    at next (C:\CREDITCLAN\web_hook\Inventory\node_modules\express\lib\router\route.js:137:13)
    at Route.dispatch (C:\CREDITCLAN\web_hook\Inventory\node_modules\express\lib\router\route.js:112:3) }
