{ time: [34m14-03-2022 16:28:50[39m level: [31merror[39m message: uncaughtException: Unexpected token ':'
C:\CREDITCLAN\web_hook\hospital_chatbot\controllers\patient.controller.js:16
  const patient = await PatientSignUp.findAll({ where: age:{ [Op.gt]: 25 }})
                                                          ^

SyntaxError: Unexpected token ':'
    at wrapSafe (internal/modules/cjs/loader.js:979:16)
    at Module._compile (internal/modules/cjs/loader.js:1027:27)
    at Object.Module._extensions..js (internal/modules/cjs/loader.js:1092:10)
    at Module.load (internal/modules/cjs/loader.js:928:32)
    at Function.Module._load (internal/modules/cjs/loader.js:769:14)
    at Module.require (internal/modules/cjs/loader.js:952:19)
    at require (internal/modules/cjs/helpers.js:88:18)
    at Object.<anonymous> (C:\CREDITCLAN\web_hook\hospital_chatbot\routes\patient.route.js:2:18)
    at Module._compile (internal/modules/cjs/loader.js:1063:30)
    at Object.Module._extensions..js (internal/modules/cjs/loader.js:1092:10) stack: C:\CREDITCLAN\web_hook\hospital_chatbot\controllers\patient.controller.js:16
  const patient = await PatientSignUp.findAll({ where: age:{ [Op.gt]: 25 }})
                                                          ^

SyntaxError: Unexpected token ':'
    at wrapSafe (internal/modules/cjs/loader.js:979:16)
    at Module._compile (internal/modules/cjs/loader.js:1027:27)
    at Object.Module._extensions..js (internal/modules/cjs/loader.js:1092:10)
    at Module.load (internal/modules/cjs/loader.js:928:32)
    at Function.Module._load (internal/modules/cjs/loader.js:769:14)
    at Module.require (internal/modules/cjs/loader.js:952:19)
    at require (internal/modules/cjs/helpers.js:88:18)
    at Object.<anonymous> (C:\CREDITCLAN\web_hook\hospital_chatbot\routes\patient.route.js:2:18)
    at Module._compile (internal/modules/cjs/loader.js:1063:30)
    at Object.Module._extensions..js (internal/modules/cjs/loader.js:1092:10) }
{ time: [34m14-03-2022 16:29:40[39m level: [31merror[39m message: uncaughtException: Identifier 'patient' has already been declared
C:\CREDITCLAN\web_hook\hospital_chatbot\controllers\patient.controller.js:20
  const patient = await PatientSignUp.create(req.body);
        ^

SyntaxError: Identifier 'patient' has already been declared
    at wrapSafe (internal/modules/cjs/loader.js:979:16)
    at Module._compile (internal/modules/cjs/loader.js:1027:27)
    at Object.Module._extensions..js (internal/modules/cjs/loader.js:1092:10)
    at Module.load (internal/modules/cjs/loader.js:928:32)
    at Function.Module._load (internal/modules/cjs/loader.js:769:14)
    at Module.require (internal/modules/cjs/loader.js:952:19)
    at require (internal/modules/cjs/helpers.js:88:18)
    at Object.<anonymous> (C:\CREDITCLAN\web_hook\hospital_chatbot\routes\patient.route.js:2:18)
    at Module._compile (internal/modules/cjs/loader.js:1063:30)
    at Object.Module._extensions..js (internal/modules/cjs/loader.js:1092:10) stack: C:\CREDITCLAN\web_hook\hospital_chatbot\controllers\patient.controller.js:20
  const patient = await PatientSignUp.create(req.body);
        ^

SyntaxError: Identifier 'patient' has already been declared
    at wrapSafe (internal/modules/cjs/loader.js:979:16)
    at Module._compile (internal/modules/cjs/loader.js:1027:27)
    at Object.Module._extensions..js (internal/modules/cjs/loader.js:1092:10)
    at Module.load (internal/modules/cjs/loader.js:928:32)
    at Function.Module._load (internal/modules/cjs/loader.js:769:14)
    at Module.require (internal/modules/cjs/loader.js:952:19)
    at require (internal/modules/cjs/helpers.js:88:18)
    at Object.<anonymous> (C:\CREDITCLAN\web_hook\hospital_chatbot\routes\patient.route.js:2:18)
    at Module._compile (internal/modules/cjs/loader.js:1063:30)
    at Object.Module._extensions..js (internal/modules/cjs/loader.js:1092:10) }
{ time: [34m15-03-2022 11:05:39[39m level: [31merror[39m message: uncaughtException: Identifier 'getUser' has already been declared
C:\CREDITCLAN\web_hook\hospital_chatbot\controllers\patient.controller.js:37
  const getUser = await PatientSignUp.findOne({
        ^

SyntaxError: Identifier 'getUser' has already been declared
    at wrapSafe (internal/modules/cjs/loader.js:979:16)
    at Module._compile (internal/modules/cjs/loader.js:1027:27)
    at Object.Module._extensions..js (internal/modules/cjs/loader.js:1092:10)
    at Module.load (internal/modules/cjs/loader.js:928:32)
    at Function.Module._load (internal/modules/cjs/loader.js:769:14)
    at Module.require (internal/modules/cjs/loader.js:952:19)
    at require (internal/modules/cjs/helpers.js:88:18)
    at Object.<anonymous> (C:\CREDITCLAN\web_hook\hospital_chatbot\routes\patient.route.js:2:18)
    at Module._compile (internal/modules/cjs/loader.js:1063:30)
    at Object.Module._extensions..js (internal/modules/cjs/loader.js:1092:10) stack: C:\CREDITCLAN\web_hook\hospital_chatbot\controllers\patient.controller.js:37
  const getUser = await PatientSignUp.findOne({
        ^

SyntaxError: Identifier 'getUser' has already been declared
    at wrapSafe (internal/modules/cjs/loader.js:979:16)
    at Module._compile (internal/modules/cjs/loader.js:1027:27)
    at Object.Module._extensions..js (internal/modules/cjs/loader.js:1092:10)
    at Module.load (internal/modules/cjs/loader.js:928:32)
    at Function.Module._load (internal/modules/cjs/loader.js:769:14)
    at Module.require (internal/modules/cjs/loader.js:952:19)
    at require (internal/modules/cjs/helpers.js:88:18)
    at Object.<anonymous> (C:\CREDITCLAN\web_hook\hospital_chatbot\routes\patient.route.js:2:18)
    at Module._compile (internal/modules/cjs/loader.js:1063:30)
    at Object.Module._extensions..js (internal/modules/cjs/loader.js:1092:10) }
{ time: [34m15-03-2022 14:39:15[39m level: [31merror[39m message: unhandledRejection: Unknown database 'hospital_db'
SequelizeConnectionError: Unknown database 'hospital_db'
    at ConnectionManager.connect (C:\CREDITCLAN\web_hook\hospital_chatbot\node_modules\sequelize\lib\dialects\mysql\connection-manager.js:102:17)
    at processTicksAndRejections (internal/process/task_queues.js:93:5)
    at async ConnectionManager._connect (C:\CREDITCLAN\web_hook\hospital_chatbot\node_modules\sequelize\lib\dialects\abstract\connection-manager.js:216:24)
    at async C:\CREDITCLAN\web_hook\hospital_chatbot\node_modules\sequelize\lib\dialects\abstract\connection-manager.js:174:32
    at async ConnectionManager.getConnection (C:\CREDITCLAN\web_hook\hospital_chatbot\node_modules\sequelize\lib\dialects\abstract\connection-manager.js:197:7)
    at async C:\CREDITCLAN\web_hook\hospital_chatbot\node_modules\sequelize\lib\sequelize.js:303:26
    at async MySQLQueryInterface.createTable (C:\CREDITCLAN\web_hook\hospital_chatbot\node_modules\sequelize\lib\dialects\abstract\query-interface.js:94:12)
    at async Function.sync (C:\CREDITCLAN\web_hook\hospital_chatbot\node_modules\sequelize\lib\model.js:930:5)
    at async Sequelize.sync (C:\CREDITCLAN\web_hook\hospital_chatbot\node_modules\sequelize\lib\sequelize.js:377:9) stack: SequelizeConnectionError: Unknown database 'hospital_db'
    at ConnectionManager.connect (C:\CREDITCLAN\web_hook\hospital_chatbot\node_modules\sequelize\lib\dialects\mysql\connection-manager.js:102:17)
    at processTicksAndRejections (internal/process/task_queues.js:93:5)
    at async ConnectionManager._connect (C:\CREDITCLAN\web_hook\hospital_chatbot\node_modules\sequelize\lib\dialects\abstract\connection-manager.js:216:24)
    at async C:\CREDITCLAN\web_hook\hospital_chatbot\node_modules\sequelize\lib\dialects\abstract\connection-manager.js:174:32
    at async ConnectionManager.getConnection (C:\CREDITCLAN\web_hook\hospital_chatbot\node_modules\sequelize\lib\dialects\abstract\connection-manager.js:197:7)
    at async C:\CREDITCLAN\web_hook\hospital_chatbot\node_modules\sequelize\lib\sequelize.js:303:26
    at async MySQLQueryInterface.createTable (C:\CREDITCLAN\web_hook\hospital_chatbot\node_modules\sequelize\lib\dialects\abstract\query-interface.js:94:12)
    at async Function.sync (C:\CREDITCLAN\web_hook\hospital_chatbot\node_modules\sequelize\lib\model.js:930:5)
    at async Sequelize.sync (C:\CREDITCLAN\web_hook\hospital_chatbot\node_modules\sequelize\lib\sequelize.js:377:9) }
{ time: [34m15-03-2022 14:53:11[39m level: [31merror[39m message: uncaughtException: Cannot find module './models'
Require stack:
- C:\CREDITCLAN\web_hook\hospital_chatbot\controllers\patient.controller.js
- C:\CREDITCLAN\web_hook\hospital_chatbot\routes\patient.route.js
- C:\CREDITCLAN\web_hook\hospital_chatbot\util\middleware&route.js
- C:\CREDITCLAN\web_hook\hospital_chatbot\index.js
Error: Cannot find module './models'
Require stack:
- C:\CREDITCLAN\web_hook\hospital_chatbot\controllers\patient.controller.js
- C:\CREDITCLAN\web_hook\hospital_chatbot\routes\patient.route.js
- C:\CREDITCLAN\web_hook\hospital_chatbot\util\middleware&route.js
- C:\CREDITCLAN\web_hook\hospital_chatbot\index.js
    at Function.Module._resolveFilename (internal/modules/cjs/loader.js:880:15)
    at Function.Module._load (internal/modules/cjs/loader.js:725:27)
    at Module.require (internal/modules/cjs/loader.js:952:19)
    at require (internal/modules/cjs/helpers.js:88:18)
    at Object.<anonymous> (C:\CREDITCLAN\web_hook\hospital_chatbot\controllers\patient.controller.js:2:34)
    at Module._compile (internal/modules/cjs/loader.js:1063:30)
    at Object.Module._extensions..js (internal/modules/cjs/loader.js:1092:10)
    at Module.load (internal/modules/cjs/loader.js:928:32)
    at Function.Module._load (internal/modules/cjs/loader.js:769:14)
    at Module.require (internal/modules/cjs/loader.js:952:19) stack: Error: Cannot find module './models'
Require stack:
- C:\CREDITCLAN\web_hook\hospital_chatbot\controllers\patient.controller.js
- C:\CREDITCLAN\web_hook\hospital_chatbot\routes\patient.route.js
- C:\CREDITCLAN\web_hook\hospital_chatbot\util\middleware&route.js
- C:\CREDITCLAN\web_hook\hospital_chatbot\index.js
    at Function.Module._resolveFilename (internal/modules/cjs/loader.js:880:15)
    at Function.Module._load (internal/modules/cjs/loader.js:725:27)
    at Module.require (internal/modules/cjs/loader.js:952:19)
    at require (internal/modules/cjs/helpers.js:88:18)
    at Object.<anonymous> (C:\CREDITCLAN\web_hook\hospital_chatbot\controllers\patient.controller.js:2:34)
    at Module._compile (internal/modules/cjs/loader.js:1063:30)
    at Object.Module._extensions..js (internal/modules/cjs/loader.js:1092:10)
    at Module.load (internal/modules/cjs/loader.js:928:32)
    at Function.Module._load (internal/modules/cjs/loader.js:769:14)
    at Module.require (internal/modules/cjs/loader.js:952:19) }
{ time: [34m15-03-2022 17:51:10[39m level: [31merror[39m message: uncaughtException: Cannot read property 'INTEGER' of undefined
TypeError: Cannot read property 'INTEGER' of undefined
    at Object.<anonymous> (C:\CREDITCLAN\web_hook\hospital_chatbot\index.js:7:52)
    at Module._compile (internal/modules/cjs/loader.js:1063:30)
    at Object.Module._extensions..js (internal/modules/cjs/loader.js:1092:10)
    at Module.load (internal/modules/cjs/loader.js:928:32)
    at Function.Module._load (internal/modules/cjs/loader.js:769:14)
    at Function.executeUserEntryPoint [as runMain] (internal/modules/run_main.js:72:12)
    at internal/main/run_main_module.js:17:47 stack: TypeError: Cannot read property 'INTEGER' of undefined
    at Object.<anonymous> (C:\CREDITCLAN\web_hook\hospital_chatbot\index.js:7:52)
    at Module._compile (internal/modules/cjs/loader.js:1063:30)
    at Object.Module._extensions..js (internal/modules/cjs/loader.js:1092:10)
    at Module.load (internal/modules/cjs/loader.js:928:32)
    at Function.Module._load (internal/modules/cjs/loader.js:769:14)
    at Function.executeUserEntryPoint [as runMain] (internal/modules/run_main.js:72:12)
    at internal/main/run_main_module.js:17:47 }
{ time: [34m15-03-2022 18:42:38[39m level: [31merror[39m message: unhandledRejection: Cyclic dependency found. players is dependent of itself.
Dependency chain: players -> jerseys => players
Error: Cyclic dependency found. players is dependent of itself.
Dependency chain: players -> jerseys => players
    at visit (C:\CREDITCLAN\web_hook\hospital_chatbot\node_modules\toposort-class\build\toposort.js:173:27)
    at visit (C:\CREDITCLAN\web_hook\hospital_chatbot\node_modules\toposort-class\build\toposort.js:212:29)
    at Toposort.sort (C:\CREDITCLAN\web_hook\hospital_chatbot\node_modules\toposort-class\build\toposort.js:252:29)
    at ModelManager.forEachModel (C:\CREDITCLAN\web_hook\hospital_chatbot\node_modules\sequelize\lib\model-manager.js:57:21)
    at Sequelize.sync (C:\CREDITCLAN\web_hook\hospital_chatbot\node_modules\sequelize\lib\sequelize.js:367:23)
    at processTicksAndRejections (internal/process/task_queues.js:93:5) stack: Error: Cyclic dependency found. players is dependent of itself.
Dependency chain: players -> jerseys => players
    at visit (C:\CREDITCLAN\web_hook\hospital_chatbot\node_modules\toposort-class\build\toposort.js:173:27)
    at visit (C:\CREDITCLAN\web_hook\hospital_chatbot\node_modules\toposort-class\build\toposort.js:212:29)
    at Toposort.sort (C:\CREDITCLAN\web_hook\hospital_chatbot\node_modules\toposort-class\build\toposort.js:252:29)
    at ModelManager.forEachModel (C:\CREDITCLAN\web_hook\hospital_chatbot\node_modules\sequelize\lib\model-manager.js:57:21)
    at Sequelize.sync (C:\CREDITCLAN\web_hook\hospital_chatbot\node_modules\sequelize\lib\sequelize.js:367:23)
    at processTicksAndRejections (internal/process/task_queues.js:93:5) }
{ time: [34m15-03-2022 18:48:32[39m level: [31merror[39m message: unhandledRejection: Cyclic dependency found. players is dependent of itself.
Dependency chain: players -> jerseys => players
Error: Cyclic dependency found. players is dependent of itself.
Dependency chain: players -> jerseys => players
    at visit (C:\CREDITCLAN\web_hook\hospital_chatbot\node_modules\toposort-class\build\toposort.js:173:27)
    at visit (C:\CREDITCLAN\web_hook\hospital_chatbot\node_modules\toposort-class\build\toposort.js:212:29)
    at Toposort.sort (C:\CREDITCLAN\web_hook\hospital_chatbot\node_modules\toposort-class\build\toposort.js:252:29)
    at ModelManager.forEachModel (C:\CREDITCLAN\web_hook\hospital_chatbot\node_modules\sequelize\lib\model-manager.js:57:21)
    at Sequelize.sync (C:\CREDITCLAN\web_hook\hospital_chatbot\node_modules\sequelize\lib\sequelize.js:367:23)
    at processTicksAndRejections (internal/process/task_queues.js:93:5) stack: Error: Cyclic dependency found. players is dependent of itself.
Dependency chain: players -> jerseys => players
    at visit (C:\CREDITCLAN\web_hook\hospital_chatbot\node_modules\toposort-class\build\toposort.js:173:27)
    at visit (C:\CREDITCLAN\web_hook\hospital_chatbot\node_modules\toposort-class\build\toposort.js:212:29)
    at Toposort.sort (C:\CREDITCLAN\web_hook\hospital_chatbot\node_modules\toposort-class\build\toposort.js:252:29)
    at ModelManager.forEachModel (C:\CREDITCLAN\web_hook\hospital_chatbot\node_modules\sequelize\lib\model-manager.js:57:21)
    at Sequelize.sync (C:\CREDITCLAN\web_hook\hospital_chatbot\node_modules\sequelize\lib\sequelize.js:367:23)
    at processTicksAndRejections (internal/process/task_queues.js:93:5) }
{ time: [34m15-03-2022 18:48:34[39m level: [31merror[39m message: unhandledRejection: Cyclic dependency found. players is dependent of itself.
Dependency chain: players -> jerseys => players
Error: Cyclic dependency found. players is dependent of itself.
Dependency chain: players -> jerseys => players
    at visit (C:\CREDITCLAN\web_hook\hospital_chatbot\node_modules\toposort-class\build\toposort.js:173:27)
    at visit (C:\CREDITCLAN\web_hook\hospital_chatbot\node_modules\toposort-class\build\toposort.js:212:29)
    at Toposort.sort (C:\CREDITCLAN\web_hook\hospital_chatbot\node_modules\toposort-class\build\toposort.js:252:29)
    at ModelManager.forEachModel (C:\CREDITCLAN\web_hook\hospital_chatbot\node_modules\sequelize\lib\model-manager.js:57:21)
    at Sequelize.sync (C:\CREDITCLAN\web_hook\hospital_chatbot\node_modules\sequelize\lib\sequelize.js:367:23)
    at processTicksAndRejections (internal/process/task_queues.js:93:5) stack: Error: Cyclic dependency found. players is dependent of itself.
Dependency chain: players -> jerseys => players
    at visit (C:\CREDITCLAN\web_hook\hospital_chatbot\node_modules\toposort-class\build\toposort.js:173:27)
    at visit (C:\CREDITCLAN\web_hook\hospital_chatbot\node_modules\toposort-class\build\toposort.js:212:29)
    at Toposort.sort (C:\CREDITCLAN\web_hook\hospital_chatbot\node_modules\toposort-class\build\toposort.js:252:29)
    at ModelManager.forEachModel (C:\CREDITCLAN\web_hook\hospital_chatbot\node_modules\sequelize\lib\model-manager.js:57:21)
    at Sequelize.sync (C:\CREDITCLAN\web_hook\hospital_chatbot\node_modules\sequelize\lib\sequelize.js:367:23)
    at processTicksAndRejections (internal/process/task_queues.js:93:5) }
{ time: [34m15-03-2022 18:52:25[39m level: [31merror[39m message: unhandledRejection: Cyclic dependency found. players is dependent of itself.
Dependency chain: players -> jerseys => players
Error: Cyclic dependency found. players is dependent of itself.
Dependency chain: players -> jerseys => players
    at visit (C:\CREDITCLAN\web_hook\hospital_chatbot\node_modules\toposort-class\build\toposort.js:173:27)
    at visit (C:\CREDITCLAN\web_hook\hospital_chatbot\node_modules\toposort-class\build\toposort.js:212:29)
    at Toposort.sort (C:\CREDITCLAN\web_hook\hospital_chatbot\node_modules\toposort-class\build\toposort.js:252:29)
    at ModelManager.forEachModel (C:\CREDITCLAN\web_hook\hospital_chatbot\node_modules\sequelize\lib\model-manager.js:57:21)
    at Sequelize.sync (C:\CREDITCLAN\web_hook\hospital_chatbot\node_modules\sequelize\lib\sequelize.js:367:23)
    at processTicksAndRejections (internal/process/task_queues.js:93:5) stack: Error: Cyclic dependency found. players is dependent of itself.
Dependency chain: players -> jerseys => players
    at visit (C:\CREDITCLAN\web_hook\hospital_chatbot\node_modules\toposort-class\build\toposort.js:173:27)
    at visit (C:\CREDITCLAN\web_hook\hospital_chatbot\node_modules\toposort-class\build\toposort.js:212:29)
    at Toposort.sort (C:\CREDITCLAN\web_hook\hospital_chatbot\node_modules\toposort-class\build\toposort.js:252:29)
    at ModelManager.forEachModel (C:\CREDITCLAN\web_hook\hospital_chatbot\node_modules\sequelize\lib\model-manager.js:57:21)
    at Sequelize.sync (C:\CREDITCLAN\web_hook\hospital_chatbot\node_modules\sequelize\lib\sequelize.js:367:23)
    at processTicksAndRejections (internal/process/task_queues.js:93:5) }
{ time: [34m15-03-2022 18:52:37[39m level: [31merror[39m message: unhandledRejection: Cyclic dependency found. players is dependent of itself.
Dependency chain: players -> jerseys => players
Error: Cyclic dependency found. players is dependent of itself.
Dependency chain: players -> jerseys => players
    at visit (C:\CREDITCLAN\web_hook\hospital_chatbot\node_modules\toposort-class\build\toposort.js:173:27)
    at visit (C:\CREDITCLAN\web_hook\hospital_chatbot\node_modules\toposort-class\build\toposort.js:212:29)
    at Toposort.sort (C:\CREDITCLAN\web_hook\hospital_chatbot\node_modules\toposort-class\build\toposort.js:252:29)
    at ModelManager.forEachModel (C:\CREDITCLAN\web_hook\hospital_chatbot\node_modules\sequelize\lib\model-manager.js:57:21)
    at Sequelize.sync (C:\CREDITCLAN\web_hook\hospital_chatbot\node_modules\sequelize\lib\sequelize.js:367:23)
    at processTicksAndRejections (internal/process/task_queues.js:93:5) stack: Error: Cyclic dependency found. players is dependent of itself.
Dependency chain: players -> jerseys => players
    at visit (C:\CREDITCLAN\web_hook\hospital_chatbot\node_modules\toposort-class\build\toposort.js:173:27)
    at visit (C:\CREDITCLAN\web_hook\hospital_chatbot\node_modules\toposort-class\build\toposort.js:212:29)
    at Toposort.sort (C:\CREDITCLAN\web_hook\hospital_chatbot\node_modules\toposort-class\build\toposort.js:252:29)
    at ModelManager.forEachModel (C:\CREDITCLAN\web_hook\hospital_chatbot\node_modules\sequelize\lib\model-manager.js:57:21)
    at Sequelize.sync (C:\CREDITCLAN\web_hook\hospital_chatbot\node_modules\sequelize\lib\sequelize.js:367:23)
    at processTicksAndRejections (internal/process/task_queues.js:93:5) }
{ time: [34m15-03-2022 19:18:40[39m level: [31merror[39m message: uncaughtException: Cannot find module './product.model'
Require stack:
- C:\CREDITCLAN\web_hook\hospital_chatbot\models\index.js
- C:\CREDITCLAN\web_hook\hospital_chatbot\index.js
Error: Cannot find module './product.model'
Require stack:
- C:\CREDITCLAN\web_hook\hospital_chatbot\models\index.js
- C:\CREDITCLAN\web_hook\hospital_chatbot\index.js
    at Function.Module._resolveFilename (internal/modules/cjs/loader.js:880:15)
    at Function.Module._load (internal/modules/cjs/loader.js:725:27)
    at Module.require (internal/modules/cjs/loader.js:952:19)
    at require (internal/modules/cjs/helpers.js:88:18)
    at Object.<anonymous> (C:\CREDITCLAN\web_hook\hospital_chatbot\models\index.js:23:17)
    at Module._compile (internal/modules/cjs/loader.js:1063:30)
    at Object.Module._extensions..js (internal/modules/cjs/loader.js:1092:10)
    at Module.load (internal/modules/cjs/loader.js:928:32)
    at Function.Module._load (internal/modules/cjs/loader.js:769:14)
    at Module.require (internal/modules/cjs/loader.js:952:19) stack: Error: Cannot find module './product.model'
Require stack:
- C:\CREDITCLAN\web_hook\hospital_chatbot\models\index.js
- C:\CREDITCLAN\web_hook\hospital_chatbot\index.js
    at Function.Module._resolveFilename (internal/modules/cjs/loader.js:880:15)
    at Function.Module._load (internal/modules/cjs/loader.js:725:27)
    at Module.require (internal/modules/cjs/loader.js:952:19)
    at require (internal/modules/cjs/helpers.js:88:18)
    at Object.<anonymous> (C:\CREDITCLAN\web_hook\hospital_chatbot\models\index.js:23:17)
    at Module._compile (internal/modules/cjs/loader.js:1063:30)
    at Object.Module._extensions..js (internal/modules/cjs/loader.js:1092:10)
    at Module.load (internal/modules/cjs/loader.js:928:32)
    at Function.Module._load (internal/modules/cjs/loader.js:769:14)
    at Module.require (internal/modules/cjs/loader.js:952:19) }
{ time: [34m15-03-2022 19:18:54[39m level: [31merror[39m message: uncaughtException: Cannot find module './product.model'
Require stack:
- C:\CREDITCLAN\web_hook\hospital_chatbot\models\index.js
- C:\CREDITCLAN\web_hook\hospital_chatbot\index.js
Error: Cannot find module './product.model'
Require stack:
- C:\CREDITCLAN\web_hook\hospital_chatbot\models\index.js
- C:\CREDITCLAN\web_hook\hospital_chatbot\index.js
    at Function.Module._resolveFilename (internal/modules/cjs/loader.js:880:15)
    at Function.Module._load (internal/modules/cjs/loader.js:725:27)
    at Module.require (internal/modules/cjs/loader.js:952:19)
    at require (internal/modules/cjs/helpers.js:88:18)
    at Object.<anonymous> (C:\CREDITCLAN\web_hook\hospital_chatbot\models\index.js:23:17)
    at Module._compile (internal/modules/cjs/loader.js:1063:30)
    at Object.Module._extensions..js (internal/modules/cjs/loader.js:1092:10)
    at Module.load (internal/modules/cjs/loader.js:928:32)
    at Function.Module._load (internal/modules/cjs/loader.js:769:14)
    at Module.require (internal/modules/cjs/loader.js:952:19) stack: Error: Cannot find module './product.model'
Require stack:
- C:\CREDITCLAN\web_hook\hospital_chatbot\models\index.js
- C:\CREDITCLAN\web_hook\hospital_chatbot\index.js
    at Function.Module._resolveFilename (internal/modules/cjs/loader.js:880:15)
    at Function.Module._load (internal/modules/cjs/loader.js:725:27)
    at Module.require (internal/modules/cjs/loader.js:952:19)
    at require (internal/modules/cjs/helpers.js:88:18)
    at Object.<anonymous> (C:\CREDITCLAN\web_hook\hospital_chatbot\models\index.js:23:17)
    at Module._compile (internal/modules/cjs/loader.js:1063:30)
    at Object.Module._extensions..js (internal/modules/cjs/loader.js:1092:10)
    at Module.load (internal/modules/cjs/loader.js:928:32)
    at Function.Module._load (internal/modules/cjs/loader.js:769:14)
    at Module.require (internal/modules/cjs/loader.js:952:19) }
{ time: [34m15-03-2022 19:26:00[39m level: [31merror[39m message: unhandledRejection: Cyclic dependency found. customers is dependent of itself.
Dependency chain: customers -> products => customers
Error: Cyclic dependency found. customers is dependent of itself.
Dependency chain: customers -> products => customers
    at visit (C:\CREDITCLAN\web_hook\hospital_chatbot\node_modules\toposort-class\build\toposort.js:173:27)
    at visit (C:\CREDITCLAN\web_hook\hospital_chatbot\node_modules\toposort-class\build\toposort.js:212:29)
    at Toposort.sort (C:\CREDITCLAN\web_hook\hospital_chatbot\node_modules\toposort-class\build\toposort.js:252:29)
    at ModelManager.forEachModel (C:\CREDITCLAN\web_hook\hospital_chatbot\node_modules\sequelize\lib\model-manager.js:57:21)
    at Sequelize.sync (C:\CREDITCLAN\web_hook\hospital_chatbot\node_modules\sequelize\lib\sequelize.js:367:23)
    at processTicksAndRejections (internal/process/task_queues.js:93:5) stack: Error: Cyclic dependency found. customers is dependent of itself.
Dependency chain: customers -> products => customers
    at visit (C:\CREDITCLAN\web_hook\hospital_chatbot\node_modules\toposort-class\build\toposort.js:173:27)
    at visit (C:\CREDITCLAN\web_hook\hospital_chatbot\node_modules\toposort-class\build\toposort.js:212:29)
    at Toposort.sort (C:\CREDITCLAN\web_hook\hospital_chatbot\node_modules\toposort-class\build\toposort.js:252:29)
    at ModelManager.forEachModel (C:\CREDITCLAN\web_hook\hospital_chatbot\node_modules\sequelize\lib\model-manager.js:57:21)
    at Sequelize.sync (C:\CREDITCLAN\web_hook\hospital_chatbot\node_modules\sequelize\lib\sequelize.js:367:23)
    at processTicksAndRejections (internal/process/task_queues.js:93:5) }
{ time: [34m15-03-2022 19:30:45[39m level: [31merror[39m message: unhandledRejection: Cyclic dependency found. customers is dependent of itself.
Dependency chain: customers -> products => customers
Error: Cyclic dependency found. customers is dependent of itself.
Dependency chain: customers -> products => customers
    at visit (C:\CREDITCLAN\web_hook\hospital_chatbot\node_modules\toposort-class\build\toposort.js:173:27)
    at visit (C:\CREDITCLAN\web_hook\hospital_chatbot\node_modules\toposort-class\build\toposort.js:212:29)
    at Toposort.sort (C:\CREDITCLAN\web_hook\hospital_chatbot\node_modules\toposort-class\build\toposort.js:252:29)
    at ModelManager.forEachModel (C:\CREDITCLAN\web_hook\hospital_chatbot\node_modules\sequelize\lib\model-manager.js:57:21)
    at Sequelize.sync (C:\CREDITCLAN\web_hook\hospital_chatbot\node_modules\sequelize\lib\sequelize.js:367:23)
    at processTicksAndRejections (internal/process/task_queues.js:93:5) stack: Error: Cyclic dependency found. customers is dependent of itself.
Dependency chain: customers -> products => customers
    at visit (C:\CREDITCLAN\web_hook\hospital_chatbot\node_modules\toposort-class\build\toposort.js:173:27)
    at visit (C:\CREDITCLAN\web_hook\hospital_chatbot\node_modules\toposort-class\build\toposort.js:212:29)
    at Toposort.sort (C:\CREDITCLAN\web_hook\hospital_chatbot\node_modules\toposort-class\build\toposort.js:252:29)
    at ModelManager.forEachModel (C:\CREDITCLAN\web_hook\hospital_chatbot\node_modules\sequelize\lib\model-manager.js:57:21)
    at Sequelize.sync (C:\CREDITCLAN\web_hook\hospital_chatbot\node_modules\sequelize\lib\sequelize.js:367:23)
    at processTicksAndRejections (internal/process/task_queues.js:93:5) }
{ time: [34m15-03-2022 19:30:47[39m level: [31merror[39m message: unhandledRejection: Cyclic dependency found. customers is dependent of itself.
Dependency chain: customers -> products => customers
Error: Cyclic dependency found. customers is dependent of itself.
Dependency chain: customers -> products => customers
    at visit (C:\CREDITCLAN\web_hook\hospital_chatbot\node_modules\toposort-class\build\toposort.js:173:27)
    at visit (C:\CREDITCLAN\web_hook\hospital_chatbot\node_modules\toposort-class\build\toposort.js:212:29)
    at Toposort.sort (C:\CREDITCLAN\web_hook\hospital_chatbot\node_modules\toposort-class\build\toposort.js:252:29)
    at ModelManager.forEachModel (C:\CREDITCLAN\web_hook\hospital_chatbot\node_modules\sequelize\lib\model-manager.js:57:21)
    at Sequelize.sync (C:\CREDITCLAN\web_hook\hospital_chatbot\node_modules\sequelize\lib\sequelize.js:367:23)
    at processTicksAndRejections (internal/process/task_queues.js:93:5) stack: Error: Cyclic dependency found. customers is dependent of itself.
Dependency chain: customers -> products => customers
    at visit (C:\CREDITCLAN\web_hook\hospital_chatbot\node_modules\toposort-class\build\toposort.js:173:27)
    at visit (C:\CREDITCLAN\web_hook\hospital_chatbot\node_modules\toposort-class\build\toposort.js:212:29)
    at Toposort.sort (C:\CREDITCLAN\web_hook\hospital_chatbot\node_modules\toposort-class\build\toposort.js:252:29)
    at ModelManager.forEachModel (C:\CREDITCLAN\web_hook\hospital_chatbot\node_modules\sequelize\lib\model-manager.js:57:21)
    at Sequelize.sync (C:\CREDITCLAN\web_hook\hospital_chatbot\node_modules\sequelize\lib\sequelize.js:367:23)
    at processTicksAndRejections (internal/process/task_queues.js:93:5) }
{ time: [34m15-03-2022 19:35:40[39m level: [31merror[39m message: unhandledRejection: Multiple primary key defined
Error
    at Query.run (C:\CREDITCLAN\web_hook\hospital_chatbot\node_modules\sequelize\lib\dialects\mysql\query.js:52:25)
    at C:\CREDITCLAN\web_hook\hospital_chatbot\node_modules\sequelize\lib\sequelize.js:313:28
    at processTicksAndRejections (internal/process/task_queues.js:93:5)
    at async MySQLQueryInterface.addColumn (C:\CREDITCLAN\web_hook\hospital_chatbot\node_modules\sequelize\lib\dialects\abstract\query-interface.js:173:12)
    at async Function.sync (C:\CREDITCLAN\web_hook\hospital_chatbot\node_modules\sequelize\lib\model.js:943:11)
    at async Sequelize.sync (C:\CREDITCLAN\web_hook\hospital_chatbot\node_modules\sequelize\lib\sequelize.js:377:9) stack: Error
    at Query.run (C:\CREDITCLAN\web_hook\hospital_chatbot\node_modules\sequelize\lib\dialects\mysql\query.js:52:25)
    at C:\CREDITCLAN\web_hook\hospital_chatbot\node_modules\sequelize\lib\sequelize.js:313:28
    at processTicksAndRejections (internal/process/task_queues.js:93:5)
    at async MySQLQueryInterface.addColumn (C:\CREDITCLAN\web_hook\hospital_chatbot\node_modules\sequelize\lib\dialects\abstract\query-interface.js:173:12)
    at async Function.sync (C:\CREDITCLAN\web_hook\hospital_chatbot\node_modules\sequelize\lib\model.js:943:11)
    at async Sequelize.sync (C:\CREDITCLAN\web_hook\hospital_chatbot\node_modules\sequelize\lib\sequelize.js:377:9) }
{ time: [34m15-03-2022 19:36:07[39m level: [31merror[39m message: unhandledRejection: Multiple primary key defined
Error
    at Query.run (C:\CREDITCLAN\web_hook\hospital_chatbot\node_modules\sequelize\lib\dialects\mysql\query.js:52:25)
    at C:\CREDITCLAN\web_hook\hospital_chatbot\node_modules\sequelize\lib\sequelize.js:313:28
    at processTicksAndRejections (internal/process/task_queues.js:93:5)
    at async MySQLQueryInterface.addColumn (C:\CREDITCLAN\web_hook\hospital_chatbot\node_modules\sequelize\lib\dialects\abstract\query-interface.js:173:12)
    at async Function.sync (C:\CREDITCLAN\web_hook\hospital_chatbot\node_modules\sequelize\lib\model.js:943:11)
    at async Sequelize.sync (C:\CREDITCLAN\web_hook\hospital_chatbot\node_modules\sequelize\lib\sequelize.js:377:9) stack: Error
    at Query.run (C:\CREDITCLAN\web_hook\hospital_chatbot\node_modules\sequelize\lib\dialects\mysql\query.js:52:25)
    at C:\CREDITCLAN\web_hook\hospital_chatbot\node_modules\sequelize\lib\sequelize.js:313:28
    at processTicksAndRejections (internal/process/task_queues.js:93:5)
    at async MySQLQueryInterface.addColumn (C:\CREDITCLAN\web_hook\hospital_chatbot\node_modules\sequelize\lib\dialects\abstract\query-interface.js:173:12)
    at async Function.sync (C:\CREDITCLAN\web_hook\hospital_chatbot\node_modules\sequelize\lib\model.js:943:11)
    at async Sequelize.sync (C:\CREDITCLAN\web_hook\hospital_chatbot\node_modules\sequelize\lib\sequelize.js:377:9) }
{ time: [34m15-03-2022 19:39:47[39m level: [31merror[39m message: unhandledRejection: Multiple primary key defined
Error
    at Query.run (C:\CREDITCLAN\web_hook\hospital_chatbot\node_modules\sequelize\lib\dialects\mysql\query.js:52:25)
    at C:\CREDITCLAN\web_hook\hospital_chatbot\node_modules\sequelize\lib\sequelize.js:313:28
    at processTicksAndRejections (internal/process/task_queues.js:93:5)
    at async MySQLQueryInterface.addColumn (C:\CREDITCLAN\web_hook\hospital_chatbot\node_modules\sequelize\lib\dialects\abstract\query-interface.js:173:12)
    at async Function.sync (C:\CREDITCLAN\web_hook\hospital_chatbot\node_modules\sequelize\lib\model.js:943:11)
    at async Sequelize.sync (C:\CREDITCLAN\web_hook\hospital_chatbot\node_modules\sequelize\lib\sequelize.js:377:9) stack: Error
    at Query.run (C:\CREDITCLAN\web_hook\hospital_chatbot\node_modules\sequelize\lib\dialects\mysql\query.js:52:25)
    at C:\CREDITCLAN\web_hook\hospital_chatbot\node_modules\sequelize\lib\sequelize.js:313:28
    at processTicksAndRejections (internal/process/task_queues.js:93:5)
    at async MySQLQueryInterface.addColumn (C:\CREDITCLAN\web_hook\hospital_chatbot\node_modules\sequelize\lib\dialects\abstract\query-interface.js:173:12)
    at async Function.sync (C:\CREDITCLAN\web_hook\hospital_chatbot\node_modules\sequelize\lib\model.js:943:11)
    at async Sequelize.sync (C:\CREDITCLAN\web_hook\hospital_chatbot\node_modules\sequelize\lib\sequelize.js:377:9) }
{ time: [34m18-03-2022 19:11:40[39m level: [31merror[39m message: uncaughtException: Route.post() requires a callback function but got a [object Undefined]
Error: Route.post() requires a callback function but got a [object Undefined]
    at Route.<computed> [as post] (C:\CREDITCLAN\web_hook\sequelize_api\node_modules\express\lib\router\route.js:202:15)
    at Function.proto.<computed> [as post] (C:\CREDITCLAN\web_hook\sequelize_api\node_modules\express\lib\router\index.js:516:19)
    at Object.<anonymous> (C:\CREDITCLAN\web_hook\sequelize_api\routes\patient.route.js:9:8)
    at Module._compile (internal/modules/cjs/loader.js:1063:30)
    at Object.Module._extensions..js (internal/modules/cjs/loader.js:1092:10)
    at Module.load (internal/modules/cjs/loader.js:928:32)
    at Function.Module._load (internal/modules/cjs/loader.js:769:14)
    at Module.require (internal/modules/cjs/loader.js:952:19)
    at require (internal/modules/cjs/helpers.js:88:18)
    at Object.<anonymous> (C:\CREDITCLAN\web_hook\sequelize_api\util\middleware&route.js:4:22) stack: Error: Route.post() requires a callback function but got a [object Undefined]
    at Route.<computed> [as post] (C:\CREDITCLAN\web_hook\sequelize_api\node_modules\express\lib\router\route.js:202:15)
    at Function.proto.<computed> [as post] (C:\CREDITCLAN\web_hook\sequelize_api\node_modules\express\lib\router\index.js:516:19)
    at Object.<anonymous> (C:\CREDITCLAN\web_hook\sequelize_api\routes\patient.route.js:9:8)
    at Module._compile (internal/modules/cjs/loader.js:1063:30)
    at Object.Module._extensions..js (internal/modules/cjs/loader.js:1092:10)
    at Module.load (internal/modules/cjs/loader.js:928:32)
    at Function.Module._load (internal/modules/cjs/loader.js:769:14)
    at Module.require (internal/modules/cjs/loader.js:952:19)
    at require (internal/modules/cjs/helpers.js:88:18)
    at Object.<anonymous> (C:\CREDITCLAN\web_hook\sequelize_api\util\middleware&route.js:4:22) }
{ time: [34m18-03-2022 19:13:25[39m level: [31merror[39m message: uncaughtException: Route.post() requires a callback function but got a [object Undefined]
Error: Route.post() requires a callback function but got a [object Undefined]
    at Route.<computed> [as post] (C:\CREDITCLAN\web_hook\sequelize_api\node_modules\express\lib\router\route.js:202:15)
    at Function.proto.<computed> [as post] (C:\CREDITCLAN\web_hook\sequelize_api\node_modules\express\lib\router\index.js:516:19)
    at Object.<anonymous> (C:\CREDITCLAN\web_hook\sequelize_api\routes\patient.route.js:9:8)
    at Module._compile (internal/modules/cjs/loader.js:1063:30)
    at Object.Module._extensions..js (internal/modules/cjs/loader.js:1092:10)
    at Module.load (internal/modules/cjs/loader.js:928:32)
    at Function.Module._load (internal/modules/cjs/loader.js:769:14)
    at Module.require (internal/modules/cjs/loader.js:952:19)
    at require (internal/modules/cjs/helpers.js:88:18)
    at Object.<anonymous> (C:\CREDITCLAN\web_hook\sequelize_api\util\middleware&route.js:4:22) stack: Error: Route.post() requires a callback function but got a [object Undefined]
    at Route.<computed> [as post] (C:\CREDITCLAN\web_hook\sequelize_api\node_modules\express\lib\router\route.js:202:15)
    at Function.proto.<computed> [as post] (C:\CREDITCLAN\web_hook\sequelize_api\node_modules\express\lib\router\index.js:516:19)
    at Object.<anonymous> (C:\CREDITCLAN\web_hook\sequelize_api\routes\patient.route.js:9:8)
    at Module._compile (internal/modules/cjs/loader.js:1063:30)
    at Object.Module._extensions..js (internal/modules/cjs/loader.js:1092:10)
    at Module.load (internal/modules/cjs/loader.js:928:32)
    at Function.Module._load (internal/modules/cjs/loader.js:769:14)
    at Module.require (internal/modules/cjs/loader.js:952:19)
    at require (internal/modules/cjs/helpers.js:88:18)
    at Object.<anonymous> (C:\CREDITCLAN\web_hook\sequelize_api\util\middleware&route.js:4:22) }
{ time: [34m20-03-2022 15:26:32[39m level: [31merror[39m message: uncaughtException: Identifier 'result' has already been declared
C:\CREDITCLAN\web_hook\sequelize_api\controllers\patient.controller.js:38
  const result = await depth.getEmployee();
        ^

SyntaxError: Identifier 'result' has already been declared
    at wrapSafe (internal/modules/cjs/loader.js:979:16)
    at Module._compile (internal/modules/cjs/loader.js:1027:27)
    at Object.Module._extensions..js (internal/modules/cjs/loader.js:1092:10)
    at Module.load (internal/modules/cjs/loader.js:928:32)
    at Function.Module._load (internal/modules/cjs/loader.js:769:14)
    at Module.require (internal/modules/cjs/loader.js:952:19)
    at require (internal/modules/cjs/helpers.js:88:18)
    at Object.<anonymous> (C:\CREDITCLAN\web_hook\sequelize_api\routes\patient.route.js:2:19)
    at Module._compile (internal/modules/cjs/loader.js:1063:30)
    at Object.Module._extensions..js (internal/modules/cjs/loader.js:1092:10) stack: C:\CREDITCLAN\web_hook\sequelize_api\controllers\patient.controller.js:38
  const result = await depth.getEmployee();
        ^

SyntaxError: Identifier 'result' has already been declared
    at wrapSafe (internal/modules/cjs/loader.js:979:16)
    at Module._compile (internal/modules/cjs/loader.js:1027:27)
    at Object.Module._extensions..js (internal/modules/cjs/loader.js:1092:10)
    at Module.load (internal/modules/cjs/loader.js:928:32)
    at Function.Module._load (internal/modules/cjs/loader.js:769:14)
    at Module.require (internal/modules/cjs/loader.js:952:19)
    at require (internal/modules/cjs/helpers.js:88:18)
    at Object.<anonymous> (C:\CREDITCLAN\web_hook\sequelize_api\routes\patient.route.js:2:19)
    at Module._compile (internal/modules/cjs/loader.js:1063:30)
    at Object.Module._extensions..js (internal/modules/cjs/loader.js:1092:10) }
{ time: [34m20-03-2022 15:50:52[39m level: [31merror[39m message: uncaughtException: Route.post() requires a callback function but got a [object Undefined]
Error: Route.post() requires a callback function but got a [object Undefined]
    at Route.<computed> [as post] (C:\CREDITCLAN\web_hook\sequelize_api\node_modules\express\lib\router\route.js:202:15)
    at Function.proto.<computed> [as post] (C:\CREDITCLAN\web_hook\sequelize_api\node_modules\express\lib\router\index.js:516:19)
    at Object.<anonymous> (C:\CREDITCLAN\web_hook\sequelize_api\routes\patient.route.js:7:8)
    at Module._compile (internal/modules/cjs/loader.js:1063:30)
    at Object.Module._extensions..js (internal/modules/cjs/loader.js:1092:10)
    at Module.load (internal/modules/cjs/loader.js:928:32)
    at Function.Module._load (internal/modules/cjs/loader.js:769:14)
    at Module.require (internal/modules/cjs/loader.js:952:19)
    at require (internal/modules/cjs/helpers.js:88:18)
    at Object.<anonymous> (C:\CREDITCLAN\web_hook\sequelize_api\util\middleware&route.js:4:22) stack: Error: Route.post() requires a callback function but got a [object Undefined]
    at Route.<computed> [as post] (C:\CREDITCLAN\web_hook\sequelize_api\node_modules\express\lib\router\route.js:202:15)
    at Function.proto.<computed> [as post] (C:\CREDITCLAN\web_hook\sequelize_api\node_modules\express\lib\router\index.js:516:19)
    at Object.<anonymous> (C:\CREDITCLAN\web_hook\sequelize_api\routes\patient.route.js:7:8)
    at Module._compile (internal/modules/cjs/loader.js:1063:30)
    at Object.Module._extensions..js (internal/modules/cjs/loader.js:1092:10)
    at Module.load (internal/modules/cjs/loader.js:928:32)
    at Function.Module._load (internal/modules/cjs/loader.js:769:14)
    at Module.require (internal/modules/cjs/loader.js:952:19)
    at require (internal/modules/cjs/helpers.js:88:18)
    at Object.<anonymous> (C:\CREDITCLAN\web_hook\sequelize_api\util\middleware&route.js:4:22) }
{ time: [34m21-03-2022 04:36:03[39m level: [31merror[39m message: unhandledRejection: Cyclic dependency found. employees is dependent of itself.
Dependency chain: employees -> salaries => employees
Error: Cyclic dependency found. employees is dependent of itself.
Dependency chain: employees -> salaries => employees
    at visit (C:\CREDITCLAN\web_hook\sequelize_api\node_modules\toposort-class\build\toposort.js:173:27)
    at visit (C:\CREDITCLAN\web_hook\sequelize_api\node_modules\toposort-class\build\toposort.js:212:29)
    at Toposort.sort (C:\CREDITCLAN\web_hook\sequelize_api\node_modules\toposort-class\build\toposort.js:252:29)
    at ModelManager.forEachModel (C:\CREDITCLAN\web_hook\sequelize_api\node_modules\sequelize\lib\model-manager.js:57:21)
    at Sequelize.sync (C:\CREDITCLAN\web_hook\sequelize_api\node_modules\sequelize\lib\sequelize.js:367:23)
    at processTicksAndRejections (internal/process/task_queues.js:93:5) stack: Error: Cyclic dependency found. employees is dependent of itself.
Dependency chain: employees -> salaries => employees
    at visit (C:\CREDITCLAN\web_hook\sequelize_api\node_modules\toposort-class\build\toposort.js:173:27)
    at visit (C:\CREDITCLAN\web_hook\sequelize_api\node_modules\toposort-class\build\toposort.js:212:29)
    at Toposort.sort (C:\CREDITCLAN\web_hook\sequelize_api\node_modules\toposort-class\build\toposort.js:252:29)
    at ModelManager.forEachModel (C:\CREDITCLAN\web_hook\sequelize_api\node_modules\sequelize\lib\model-manager.js:57:21)
    at Sequelize.sync (C:\CREDITCLAN\web_hook\sequelize_api\node_modules\sequelize\lib\sequelize.js:367:23)
    at processTicksAndRejections (internal/process/task_queues.js:93:5) }
{ time: [34m21-03-2022 12:50:14[39m level: [31merror[39m message: unhandledRejection: Dependency name must be given as a not empty string
TypeError: Dependency name must be given as a not empty string
    at Toposort.add (C:\CREDITCLAN\web_hook\sequelize_api\node_modules\toposort-class\build\toposort.js:92:31)
    at ModelManager.forEachModel (C:\CREDITCLAN\web_hook\sequelize_api\node_modules\sequelize\lib\model-manager.js:55:14)
    at Sequelize.sync (C:\CREDITCLAN\web_hook\sequelize_api\node_modules\sequelize\lib\sequelize.js:367:23)
    at processTicksAndRejections (internal/process/task_queues.js:93:5) stack: TypeError: Dependency name must be given as a not empty string
    at Toposort.add (C:\CREDITCLAN\web_hook\sequelize_api\node_modules\toposort-class\build\toposort.js:92:31)
    at ModelManager.forEachModel (C:\CREDITCLAN\web_hook\sequelize_api\node_modules\sequelize\lib\model-manager.js:55:14)
    at Sequelize.sync (C:\CREDITCLAN\web_hook\sequelize_api\node_modules\sequelize\lib\sequelize.js:367:23)
    at processTicksAndRejections (internal/process/task_queues.js:93:5) }
{ time: [34m21-03-2022 12:52:59[39m level: [31merror[39m message: unhandledRejection: Dependency name must be given as a not empty string
TypeError: Dependency name must be given as a not empty string
    at Toposort.add (C:\CREDITCLAN\web_hook\sequelize_api\node_modules\toposort-class\build\toposort.js:92:31)
    at ModelManager.forEachModel (C:\CREDITCLAN\web_hook\sequelize_api\node_modules\sequelize\lib\model-manager.js:55:14)
    at Sequelize.sync (C:\CREDITCLAN\web_hook\sequelize_api\node_modules\sequelize\lib\sequelize.js:367:23)
    at processTicksAndRejections (internal/process/task_queues.js:93:5) stack: TypeError: Dependency name must be given as a not empty string
    at Toposort.add (C:\CREDITCLAN\web_hook\sequelize_api\node_modules\toposort-class\build\toposort.js:92:31)
    at ModelManager.forEachModel (C:\CREDITCLAN\web_hook\sequelize_api\node_modules\sequelize\lib\model-manager.js:55:14)
    at Sequelize.sync (C:\CREDITCLAN\web_hook\sequelize_api\node_modules\sequelize\lib\sequelize.js:367:23)
    at processTicksAndRejections (internal/process/task_queues.js:93:5) }
{ time: [34m21-03-2022 12:55:03[39m level: [31merror[39m message: unhandledRejection: Dependency name must be given as a not empty string
TypeError: Dependency name must be given as a not empty string
    at Toposort.add (C:\CREDITCLAN\web_hook\sequelize_api\node_modules\toposort-class\build\toposort.js:92:31)
    at ModelManager.forEachModel (C:\CREDITCLAN\web_hook\sequelize_api\node_modules\sequelize\lib\model-manager.js:55:14)
    at Sequelize.sync (C:\CREDITCLAN\web_hook\sequelize_api\node_modules\sequelize\lib\sequelize.js:367:23)
    at processTicksAndRejections (internal/process/task_queues.js:93:5) stack: TypeError: Dependency name must be given as a not empty string
    at Toposort.add (C:\CREDITCLAN\web_hook\sequelize_api\node_modules\toposort-class\build\toposort.js:92:31)
    at ModelManager.forEachModel (C:\CREDITCLAN\web_hook\sequelize_api\node_modules\sequelize\lib\model-manager.js:55:14)
    at Sequelize.sync (C:\CREDITCLAN\web_hook\sequelize_api\node_modules\sequelize\lib\sequelize.js:367:23)
    at processTicksAndRejections (internal/process/task_queues.js:93:5) }
{ time: [34m21-03-2022 12:55:24[39m level: [31merror[39m message: unhandledRejection: Dependency name must be given as a not empty string
TypeError: Dependency name must be given as a not empty string
    at Toposort.add (C:\CREDITCLAN\web_hook\sequelize_api\node_modules\toposort-class\build\toposort.js:92:31)
    at ModelManager.forEachModel (C:\CREDITCLAN\web_hook\sequelize_api\node_modules\sequelize\lib\model-manager.js:55:14)
    at Sequelize.sync (C:\CREDITCLAN\web_hook\sequelize_api\node_modules\sequelize\lib\sequelize.js:367:23)
    at processTicksAndRejections (internal/process/task_queues.js:93:5) stack: TypeError: Dependency name must be given as a not empty string
    at Toposort.add (C:\CREDITCLAN\web_hook\sequelize_api\node_modules\toposort-class\build\toposort.js:92:31)
    at ModelManager.forEachModel (C:\CREDITCLAN\web_hook\sequelize_api\node_modules\sequelize\lib\model-manager.js:55:14)
    at Sequelize.sync (C:\CREDITCLAN\web_hook\sequelize_api\node_modules\sequelize\lib\sequelize.js:367:23)
    at processTicksAndRejections (internal/process/task_queues.js:93:5) }
{ time: [34m21-03-2022 12:55:36[39m level: [31merror[39m message: unhandledRejection: Dependency name must be given as a not empty string
TypeError: Dependency name must be given as a not empty string
    at Toposort.add (C:\CREDITCLAN\web_hook\sequelize_api\node_modules\toposort-class\build\toposort.js:92:31)
    at ModelManager.forEachModel (C:\CREDITCLAN\web_hook\sequelize_api\node_modules\sequelize\lib\model-manager.js:55:14)
    at Sequelize.sync (C:\CREDITCLAN\web_hook\sequelize_api\node_modules\sequelize\lib\sequelize.js:367:23)
    at processTicksAndRejections (internal/process/task_queues.js:93:5) stack: TypeError: Dependency name must be given as a not empty string
    at Toposort.add (C:\CREDITCLAN\web_hook\sequelize_api\node_modules\toposort-class\build\toposort.js:92:31)
    at ModelManager.forEachModel (C:\CREDITCLAN\web_hook\sequelize_api\node_modules\sequelize\lib\model-manager.js:55:14)
    at Sequelize.sync (C:\CREDITCLAN\web_hook\sequelize_api\node_modules\sequelize\lib\sequelize.js:367:23)
    at processTicksAndRejections (internal/process/task_queues.js:93:5) }
{ time: [34m21-03-2022 12:56:06[39m level: [31merror[39m message: unhandledRejection: Dependency name must be given as a not empty string
TypeError: Dependency name must be given as a not empty string
    at Toposort.add (C:\CREDITCLAN\web_hook\sequelize_api\node_modules\toposort-class\build\toposort.js:92:31)
    at ModelManager.forEachModel (C:\CREDITCLAN\web_hook\sequelize_api\node_modules\sequelize\lib\model-manager.js:55:14)
    at Sequelize.sync (C:\CREDITCLAN\web_hook\sequelize_api\node_modules\sequelize\lib\sequelize.js:367:23)
    at processTicksAndRejections (internal/process/task_queues.js:93:5) stack: TypeError: Dependency name must be given as a not empty string
    at Toposort.add (C:\CREDITCLAN\web_hook\sequelize_api\node_modules\toposort-class\build\toposort.js:92:31)
    at ModelManager.forEachModel (C:\CREDITCLAN\web_hook\sequelize_api\node_modules\sequelize\lib\model-manager.js:55:14)
    at Sequelize.sync (C:\CREDITCLAN\web_hook\sequelize_api\node_modules\sequelize\lib\sequelize.js:367:23)
    at processTicksAndRejections (internal/process/task_queues.js:93:5) }
{ time: [34m21-03-2022 12:56:31[39m level: [31merror[39m message: unhandledRejection: Dependency name must be given as a not empty string
TypeError: Dependency name must be given as a not empty string
    at Toposort.add (C:\CREDITCLAN\web_hook\sequelize_api\node_modules\toposort-class\build\toposort.js:92:31)
    at ModelManager.forEachModel (C:\CREDITCLAN\web_hook\sequelize_api\node_modules\sequelize\lib\model-manager.js:55:14)
    at Sequelize.sync (C:\CREDITCLAN\web_hook\sequelize_api\node_modules\sequelize\lib\sequelize.js:367:23)
    at processTicksAndRejections (internal/process/task_queues.js:93:5) stack: TypeError: Dependency name must be given as a not empty string
    at Toposort.add (C:\CREDITCLAN\web_hook\sequelize_api\node_modules\toposort-class\build\toposort.js:92:31)
    at ModelManager.forEachModel (C:\CREDITCLAN\web_hook\sequelize_api\node_modules\sequelize\lib\model-manager.js:55:14)
    at Sequelize.sync (C:\CREDITCLAN\web_hook\sequelize_api\node_modules\sequelize\lib\sequelize.js:367:23)
    at processTicksAndRejections (internal/process/task_queues.js:93:5) }
{ time: [34m21-03-2022 12:56:47[39m level: [31merror[39m message: unhandledRejection: Dependency name must be given as a not empty string
TypeError: Dependency name must be given as a not empty string
    at Toposort.add (C:\CREDITCLAN\web_hook\sequelize_api\node_modules\toposort-class\build\toposort.js:92:31)
    at ModelManager.forEachModel (C:\CREDITCLAN\web_hook\sequelize_api\node_modules\sequelize\lib\model-manager.js:55:14)
    at Sequelize.sync (C:\CREDITCLAN\web_hook\sequelize_api\node_modules\sequelize\lib\sequelize.js:367:23)
    at processTicksAndRejections (internal/process/task_queues.js:93:5) stack: TypeError: Dependency name must be given as a not empty string
    at Toposort.add (C:\CREDITCLAN\web_hook\sequelize_api\node_modules\toposort-class\build\toposort.js:92:31)
    at ModelManager.forEachModel (C:\CREDITCLAN\web_hook\sequelize_api\node_modules\sequelize\lib\model-manager.js:55:14)
    at Sequelize.sync (C:\CREDITCLAN\web_hook\sequelize_api\node_modules\sequelize\lib\sequelize.js:367:23)
    at processTicksAndRejections (internal/process/task_queues.js:93:5) }
{ time: [34m21-03-2022 14:13:42[39m level: [31merror[39m message: unhandledRejection: Dependency name must be given as a not empty string
TypeError: Dependency name must be given as a not empty string
    at Toposort.add (C:\CREDITCLAN\web_hook\sequelize_api\node_modules\toposort-class\build\toposort.js:92:31)
    at ModelManager.forEachModel (C:\CREDITCLAN\web_hook\sequelize_api\node_modules\sequelize\lib\model-manager.js:55:14)
    at Sequelize.sync (C:\CREDITCLAN\web_hook\sequelize_api\node_modules\sequelize\lib\sequelize.js:367:23)
    at processTicksAndRejections (internal/process/task_queues.js:93:5) stack: TypeError: Dependency name must be given as a not empty string
    at Toposort.add (C:\CREDITCLAN\web_hook\sequelize_api\node_modules\toposort-class\build\toposort.js:92:31)
    at ModelManager.forEachModel (C:\CREDITCLAN\web_hook\sequelize_api\node_modules\sequelize\lib\model-manager.js:55:14)
    at Sequelize.sync (C:\CREDITCLAN\web_hook\sequelize_api\node_modules\sequelize\lib\sequelize.js:367:23)
    at processTicksAndRejections (internal/process/task_queues.js:93:5) }
{ time: [34m21-03-2022 14:14:20[39m level: [31merror[39m message: unhandledRejection: Dependency name must be given as a not empty string
TypeError: Dependency name must be given as a not empty string
    at Toposort.add (C:\CREDITCLAN\web_hook\sequelize_api\node_modules\toposort-class\build\toposort.js:92:31)
    at ModelManager.forEachModel (C:\CREDITCLAN\web_hook\sequelize_api\node_modules\sequelize\lib\model-manager.js:55:14)
    at Sequelize.sync (C:\CREDITCLAN\web_hook\sequelize_api\node_modules\sequelize\lib\sequelize.js:367:23)
    at processTicksAndRejections (internal/process/task_queues.js:93:5) stack: TypeError: Dependency name must be given as a not empty string
    at Toposort.add (C:\CREDITCLAN\web_hook\sequelize_api\node_modules\toposort-class\build\toposort.js:92:31)
    at ModelManager.forEachModel (C:\CREDITCLAN\web_hook\sequelize_api\node_modules\sequelize\lib\model-manager.js:55:14)
    at Sequelize.sync (C:\CREDITCLAN\web_hook\sequelize_api\node_modules\sequelize\lib\sequelize.js:367:23)
    at processTicksAndRejections (internal/process/task_queues.js:93:5) }
{ time: [34m21-03-2022 14:14:32[39m level: [31merror[39m message: unhandledRejection: Dependency name must be given as a not empty string
TypeError: Dependency name must be given as a not empty string
    at Toposort.add (C:\CREDITCLAN\web_hook\sequelize_api\node_modules\toposort-class\build\toposort.js:92:31)
    at ModelManager.forEachModel (C:\CREDITCLAN\web_hook\sequelize_api\node_modules\sequelize\lib\model-manager.js:55:14)
    at Sequelize.sync (C:\CREDITCLAN\web_hook\sequelize_api\node_modules\sequelize\lib\sequelize.js:367:23)
    at processTicksAndRejections (internal/process/task_queues.js:93:5) stack: TypeError: Dependency name must be given as a not empty string
    at Toposort.add (C:\CREDITCLAN\web_hook\sequelize_api\node_modules\toposort-class\build\toposort.js:92:31)
    at ModelManager.forEachModel (C:\CREDITCLAN\web_hook\sequelize_api\node_modules\sequelize\lib\model-manager.js:55:14)
    at Sequelize.sync (C:\CREDITCLAN\web_hook\sequelize_api\node_modules\sequelize\lib\sequelize.js:367:23)
    at processTicksAndRejections (internal/process/task_queues.js:93:5) }
{ time: [34m21-03-2022 16:39:36[39m level: [31merror[39m message: unhandledRejection: Dependency name must be given as a not empty string
TypeError: Dependency name must be given as a not empty string
    at Toposort.add (C:\CREDITCLAN\web_hook\sequelize_api\node_modules\toposort-class\build\toposort.js:92:31)
    at ModelManager.forEachModel (C:\CREDITCLAN\web_hook\sequelize_api\node_modules\sequelize\lib\model-manager.js:55:14)
    at Sequelize.sync (C:\CREDITCLAN\web_hook\sequelize_api\node_modules\sequelize\lib\sequelize.js:367:23)
    at processTicksAndRejections (internal/process/task_queues.js:93:5) stack: TypeError: Dependency name must be given as a not empty string
    at Toposort.add (C:\CREDITCLAN\web_hook\sequelize_api\node_modules\toposort-class\build\toposort.js:92:31)
    at ModelManager.forEachModel (C:\CREDITCLAN\web_hook\sequelize_api\node_modules\sequelize\lib\model-manager.js:55:14)
    at Sequelize.sync (C:\CREDITCLAN\web_hook\sequelize_api\node_modules\sequelize\lib\sequelize.js:367:23)
    at processTicksAndRejections (internal/process/task_queues.js:93:5) }
{ time: [34m21-03-2022 16:40:37[39m level: [31merror[39m message: unhandledRejection: Dependency name must be given as a not empty string
TypeError: Dependency name must be given as a not empty string
    at Toposort.add (C:\CREDITCLAN\web_hook\sequelize_api\node_modules\toposort-class\build\toposort.js:92:31)
    at ModelManager.forEachModel (C:\CREDITCLAN\web_hook\sequelize_api\node_modules\sequelize\lib\model-manager.js:55:14)
    at Sequelize.sync (C:\CREDITCLAN\web_hook\sequelize_api\node_modules\sequelize\lib\sequelize.js:367:23)
    at processTicksAndRejections (internal/process/task_queues.js:93:5) stack: TypeError: Dependency name must be given as a not empty string
    at Toposort.add (C:\CREDITCLAN\web_hook\sequelize_api\node_modules\toposort-class\build\toposort.js:92:31)
    at ModelManager.forEachModel (C:\CREDITCLAN\web_hook\sequelize_api\node_modules\sequelize\lib\model-manager.js:55:14)
    at Sequelize.sync (C:\CREDITCLAN\web_hook\sequelize_api\node_modules\sequelize\lib\sequelize.js:367:23)
    at processTicksAndRejections (internal/process/task_queues.js:93:5) }
{ time: [34m21-03-2022 16:41:07[39m level: [31merror[39m message: unhandledRejection: Dependency name must be given as a not empty string
TypeError: Dependency name must be given as a not empty string
    at Toposort.add (C:\CREDITCLAN\web_hook\sequelize_api\node_modules\toposort-class\build\toposort.js:92:31)
    at ModelManager.forEachModel (C:\CREDITCLAN\web_hook\sequelize_api\node_modules\sequelize\lib\model-manager.js:55:14)
    at Sequelize.sync (C:\CREDITCLAN\web_hook\sequelize_api\node_modules\sequelize\lib\sequelize.js:367:23)
    at processTicksAndRejections (internal/process/task_queues.js:93:5) stack: TypeError: Dependency name must be given as a not empty string
    at Toposort.add (C:\CREDITCLAN\web_hook\sequelize_api\node_modules\toposort-class\build\toposort.js:92:31)
    at ModelManager.forEachModel (C:\CREDITCLAN\web_hook\sequelize_api\node_modules\sequelize\lib\model-manager.js:55:14)
    at Sequelize.sync (C:\CREDITCLAN\web_hook\sequelize_api\node_modules\sequelize\lib\sequelize.js:367:23)
    at processTicksAndRejections (internal/process/task_queues.js:93:5) }
{ time: [34m21-03-2022 16:41:28[39m level: [31merror[39m message: unhandledRejection: Dependency name must be given as a not empty string
TypeError: Dependency name must be given as a not empty string
    at Toposort.add (C:\CREDITCLAN\web_hook\sequelize_api\node_modules\toposort-class\build\toposort.js:92:31)
    at ModelManager.forEachModel (C:\CREDITCLAN\web_hook\sequelize_api\node_modules\sequelize\lib\model-manager.js:55:14)
    at Sequelize.sync (C:\CREDITCLAN\web_hook\sequelize_api\node_modules\sequelize\lib\sequelize.js:367:23)
    at processTicksAndRejections (internal/process/task_queues.js:93:5) stack: TypeError: Dependency name must be given as a not empty string
    at Toposort.add (C:\CREDITCLAN\web_hook\sequelize_api\node_modules\toposort-class\build\toposort.js:92:31)
    at ModelManager.forEachModel (C:\CREDITCLAN\web_hook\sequelize_api\node_modules\sequelize\lib\model-manager.js:55:14)
    at Sequelize.sync (C:\CREDITCLAN\web_hook\sequelize_api\node_modules\sequelize\lib\sequelize.js:367:23)
    at processTicksAndRejections (internal/process/task_queues.js:93:5) }
{ time: [34m21-03-2022 16:42:11[39m level: [31merror[39m message: unhandledRejection: Dependency name must be given as a not empty string
TypeError: Dependency name must be given as a not empty string
    at Toposort.add (C:\CREDITCLAN\web_hook\sequelize_api\node_modules\toposort-class\build\toposort.js:92:31)
    at ModelManager.forEachModel (C:\CREDITCLAN\web_hook\sequelize_api\node_modules\sequelize\lib\model-manager.js:55:14)
    at Sequelize.sync (C:\CREDITCLAN\web_hook\sequelize_api\node_modules\sequelize\lib\sequelize.js:367:23)
    at processTicksAndRejections (internal/process/task_queues.js:93:5) stack: TypeError: Dependency name must be given as a not empty string
    at Toposort.add (C:\CREDITCLAN\web_hook\sequelize_api\node_modules\toposort-class\build\toposort.js:92:31)
    at ModelManager.forEachModel (C:\CREDITCLAN\web_hook\sequelize_api\node_modules\sequelize\lib\model-manager.js:55:14)
    at Sequelize.sync (C:\CREDITCLAN\web_hook\sequelize_api\node_modules\sequelize\lib\sequelize.js:367:23)
    at processTicksAndRejections (internal/process/task_queues.js:93:5) }
{ time: [34m21-03-2022 16:42:53[39m level: [31merror[39m message: unhandledRejection: Dependency name must be given as a not empty string
TypeError: Dependency name must be given as a not empty string
    at Toposort.add (C:\CREDITCLAN\web_hook\sequelize_api\node_modules\toposort-class\build\toposort.js:92:31)
    at ModelManager.forEachModel (C:\CREDITCLAN\web_hook\sequelize_api\node_modules\sequelize\lib\model-manager.js:55:14)
    at Sequelize.sync (C:\CREDITCLAN\web_hook\sequelize_api\node_modules\sequelize\lib\sequelize.js:367:23)
    at processTicksAndRejections (internal/process/task_queues.js:93:5) stack: TypeError: Dependency name must be given as a not empty string
    at Toposort.add (C:\CREDITCLAN\web_hook\sequelize_api\node_modules\toposort-class\build\toposort.js:92:31)
    at ModelManager.forEachModel (C:\CREDITCLAN\web_hook\sequelize_api\node_modules\sequelize\lib\model-manager.js:55:14)
    at Sequelize.sync (C:\CREDITCLAN\web_hook\sequelize_api\node_modules\sequelize\lib\sequelize.js:367:23)
    at processTicksAndRejections (internal/process/task_queues.js:93:5) }
{ time: [34m21-03-2022 16:42:59[39m level: [31merror[39m message: unhandledRejection: Dependency name must be given as a not empty string
TypeError: Dependency name must be given as a not empty string
    at Toposort.add (C:\CREDITCLAN\web_hook\sequelize_api\node_modules\toposort-class\build\toposort.js:92:31)
    at ModelManager.forEachModel (C:\CREDITCLAN\web_hook\sequelize_api\node_modules\sequelize\lib\model-manager.js:55:14)
    at Sequelize.sync (C:\CREDITCLAN\web_hook\sequelize_api\node_modules\sequelize\lib\sequelize.js:367:23)
    at processTicksAndRejections (internal/process/task_queues.js:93:5) stack: TypeError: Dependency name must be given as a not empty string
    at Toposort.add (C:\CREDITCLAN\web_hook\sequelize_api\node_modules\toposort-class\build\toposort.js:92:31)
    at ModelManager.forEachModel (C:\CREDITCLAN\web_hook\sequelize_api\node_modules\sequelize\lib\model-manager.js:55:14)
    at Sequelize.sync (C:\CREDITCLAN\web_hook\sequelize_api\node_modules\sequelize\lib\sequelize.js:367:23)
    at processTicksAndRejections (internal/process/task_queues.js:93:5) }
{ time: [34m21-03-2022 16:46:15[39m level: [31merror[39m message: unhandledRejection: Dependency name must be given as a not empty string
TypeError: Dependency name must be given as a not empty string
    at Toposort.add (C:\CREDITCLAN\web_hook\sequelize_api\node_modules\toposort-class\build\toposort.js:92:31)
    at ModelManager.forEachModel (C:\CREDITCLAN\web_hook\sequelize_api\node_modules\sequelize\lib\model-manager.js:55:14)
    at Sequelize.sync (C:\CREDITCLAN\web_hook\sequelize_api\node_modules\sequelize\lib\sequelize.js:367:23)
    at processTicksAndRejections (internal/process/task_queues.js:93:5) stack: TypeError: Dependency name must be given as a not empty string
    at Toposort.add (C:\CREDITCLAN\web_hook\sequelize_api\node_modules\toposort-class\build\toposort.js:92:31)
    at ModelManager.forEachModel (C:\CREDITCLAN\web_hook\sequelize_api\node_modules\sequelize\lib\model-manager.js:55:14)
    at Sequelize.sync (C:\CREDITCLAN\web_hook\sequelize_api\node_modules\sequelize\lib\sequelize.js:367:23)
    at processTicksAndRejections (internal/process/task_queues.js:93:5) }
{ time: [34m21-03-2022 16:47:31[39m level: [31merror[39m message: unhandledRejection: Dependency name must be given as a not empty string
TypeError: Dependency name must be given as a not empty string
    at Toposort.add (C:\CREDITCLAN\web_hook\sequelize_api\node_modules\toposort-class\build\toposort.js:92:31)
    at ModelManager.forEachModel (C:\CREDITCLAN\web_hook\sequelize_api\node_modules\sequelize\lib\model-manager.js:55:14)
    at Sequelize.sync (C:\CREDITCLAN\web_hook\sequelize_api\node_modules\sequelize\lib\sequelize.js:367:23)
    at processTicksAndRejections (internal/process/task_queues.js:93:5) stack: TypeError: Dependency name must be given as a not empty string
    at Toposort.add (C:\CREDITCLAN\web_hook\sequelize_api\node_modules\toposort-class\build\toposort.js:92:31)
    at ModelManager.forEachModel (C:\CREDITCLAN\web_hook\sequelize_api\node_modules\sequelize\lib\model-manager.js:55:14)
    at Sequelize.sync (C:\CREDITCLAN\web_hook\sequelize_api\node_modules\sequelize\lib\sequelize.js:367:23)
    at processTicksAndRejections (internal/process/task_queues.js:93:5) }
{ time: [34m21-03-2022 16:50:35[39m level: [31merror[39m message: unhandledRejection: Dependency name must be given as a not empty string
TypeError: Dependency name must be given as a not empty string
    at Toposort.add (C:\CREDITCLAN\web_hook\sequelize_api\node_modules\toposort-class\build\toposort.js:92:31)
    at ModelManager.forEachModel (C:\CREDITCLAN\web_hook\sequelize_api\node_modules\sequelize\lib\model-manager.js:55:14)
    at Sequelize.sync (C:\CREDITCLAN\web_hook\sequelize_api\node_modules\sequelize\lib\sequelize.js:367:23)
    at processTicksAndRejections (internal/process/task_queues.js:93:5) stack: TypeError: Dependency name must be given as a not empty string
    at Toposort.add (C:\CREDITCLAN\web_hook\sequelize_api\node_modules\toposort-class\build\toposort.js:92:31)
    at ModelManager.forEachModel (C:\CREDITCLAN\web_hook\sequelize_api\node_modules\sequelize\lib\model-manager.js:55:14)
    at Sequelize.sync (C:\CREDITCLAN\web_hook\sequelize_api\node_modules\sequelize\lib\sequelize.js:367:23)
    at processTicksAndRejections (internal/process/task_queues.js:93:5) }
{ time: [34m21-03-2022 18:49:34[39m level: [31merror[39m message: uncaughtException: Unexpected token '}'
C:\CREDITCLAN\web_hook\sequelize_api\controllers\patient.controller.js:41
  const result = await depth.createEmployee({ name, email, phone,salary_id: }); // create new employee with a specific department id
                                                                            ^

SyntaxError: Unexpected token '}'
    at wrapSafe (internal/modules/cjs/loader.js:979:16)
    at Module._compile (internal/modules/cjs/loader.js:1027:27)
    at Object.Module._extensions..js (internal/modules/cjs/loader.js:1092:10)
    at Module.load (internal/modules/cjs/loader.js:928:32)
    at Function.Module._load (internal/modules/cjs/loader.js:769:14)
    at Module.require (internal/modules/cjs/loader.js:952:19)
    at require (internal/modules/cjs/helpers.js:88:18)
    at Object.<anonymous> (C:\CREDITCLAN\web_hook\sequelize_api\routes\patient.route.js:2:19)
    at Module._compile (internal/modules/cjs/loader.js:1063:30)
    at Object.Module._extensions..js (internal/modules/cjs/loader.js:1092:10) stack: C:\CREDITCLAN\web_hook\sequelize_api\controllers\patient.controller.js:41
  const result = await depth.createEmployee({ name, email, phone,salary_id: }); // create new employee with a specific department id
                                                                            ^

SyntaxError: Unexpected token '}'
    at wrapSafe (internal/modules/cjs/loader.js:979:16)
    at Module._compile (internal/modules/cjs/loader.js:1027:27)
    at Object.Module._extensions..js (internal/modules/cjs/loader.js:1092:10)
    at Module.load (internal/modules/cjs/loader.js:928:32)
    at Function.Module._load (internal/modules/cjs/loader.js:769:14)
    at Module.require (internal/modules/cjs/loader.js:952:19)
    at require (internal/modules/cjs/helpers.js:88:18)
    at Object.<anonymous> (C:\CREDITCLAN\web_hook\sequelize_api\routes\patient.route.js:2:19)
    at Module._compile (internal/modules/cjs/loader.js:1063:30)
    at Object.Module._extensions..js (internal/modules/cjs/loader.js:1092:10) }
{ time: [34m22-03-2022 12:53:01[39m level: [31merror[39m message: uncaughtException: path is not defined
ReferenceError: path is not defined
    at Object.<anonymous> (C:\CREDITCLAN\web_hook\sequelize_api\controllers\patient.controller.js:101:17)
    at Module._compile (internal/modules/cjs/loader.js:1063:30)
    at Object.Module._extensions..js (internal/modules/cjs/loader.js:1092:10)
    at Module.load (internal/modules/cjs/loader.js:928:32)
    at Function.Module._load (internal/modules/cjs/loader.js:769:14)
    at Module.require (internal/modules/cjs/loader.js:952:19)
    at require (internal/modules/cjs/helpers.js:88:18)
    at Object.<anonymous> (C:\CREDITCLAN\web_hook\sequelize_api\routes\patient.route.js:2:19)
    at Module._compile (internal/modules/cjs/loader.js:1063:30)
    at Object.Module._extensions..js (internal/modules/cjs/loader.js:1092:10) stack: ReferenceError: path is not defined
    at Object.<anonymous> (C:\CREDITCLAN\web_hook\sequelize_api\controllers\patient.controller.js:101:17)
    at Module._compile (internal/modules/cjs/loader.js:1063:30)
    at Object.Module._extensions..js (internal/modules/cjs/loader.js:1092:10)
    at Module.load (internal/modules/cjs/loader.js:928:32)
    at Function.Module._load (internal/modules/cjs/loader.js:769:14)
    at Module.require (internal/modules/cjs/loader.js:952:19)
    at require (internal/modules/cjs/helpers.js:88:18)
    at Object.<anonymous> (C:\CREDITCLAN\web_hook\sequelize_api\routes\patient.route.js:2:19)
    at Module._compile (internal/modules/cjs/loader.js:1063:30)
    at Object.Module._extensions..js (internal/modules/cjs/loader.js:1092:10) }
{ time: [34m22-03-2022 12:53:30[39m level: [31merror[39m message: uncaughtException: ENOENT: no such file or directory, open 'C:\CREDITCLAN\web_hook\sequelize_api\controllers\util\test.txt'
Error: ENOENT: no such file or directory, open 'C:\CREDITCLAN\web_hook\sequelize_api\controllers\util\test.txt'
    at Object.openSync (fs.js:476:3)
    at Object.readFileSync (fs.js:377:35)
    at Object.<anonymous> (C:\CREDITCLAN\web_hook\sequelize_api\controllers\patient.controller.js:102:4)
    at Module._compile (internal/modules/cjs/loader.js:1063:30)
    at Object.Module._extensions..js (internal/modules/cjs/loader.js:1092:10)
    at Module.load (internal/modules/cjs/loader.js:928:32)
    at Function.Module._load (internal/modules/cjs/loader.js:769:14)
    at Module.require (internal/modules/cjs/loader.js:952:19)
    at require (internal/modules/cjs/helpers.js:88:18)
    at Object.<anonymous> (C:\CREDITCLAN\web_hook\sequelize_api\routes\patient.route.js:2:19) stack: Error: ENOENT: no such file or directory, open 'C:\CREDITCLAN\web_hook\sequelize_api\controllers\util\test.txt'
    at Object.openSync (fs.js:476:3)
    at Object.readFileSync (fs.js:377:35)
    at Object.<anonymous> (C:\CREDITCLAN\web_hook\sequelize_api\controllers\patient.controller.js:102:4)
    at Module._compile (internal/modules/cjs/loader.js:1063:30)
    at Object.Module._extensions..js (internal/modules/cjs/loader.js:1092:10)
    at Module.load (internal/modules/cjs/loader.js:928:32)
    at Function.Module._load (internal/modules/cjs/loader.js:769:14)
    at Module.require (internal/modules/cjs/loader.js:952:19)
    at require (internal/modules/cjs/helpers.js:88:18)
    at Object.<anonymous> (C:\CREDITCLAN\web_hook\sequelize_api\routes\patient.route.js:2:19) }
{ time: [34m22-03-2022 12:55:45[39m level: [31merror[39m message: uncaughtException: ENOENT: no such file or directory, open 'C:\CREDITCLAN\web_hook\sequelize_api\controllers\util\test.txt'
Error: ENOENT: no such file or directory, open 'C:\CREDITCLAN\web_hook\sequelize_api\controllers\util\test.txt'
    at Object.openSync (fs.js:476:3)
    at Object.readFileSync (fs.js:377:35)
    at Object.<anonymous> (C:\CREDITCLAN\web_hook\sequelize_api\controllers\patient.controller.js:102:4)
    at Module._compile (internal/modules/cjs/loader.js:1063:30)
    at Object.Module._extensions..js (internal/modules/cjs/loader.js:1092:10)
    at Module.load (internal/modules/cjs/loader.js:928:32)
    at Function.Module._load (internal/modules/cjs/loader.js:769:14)
    at Module.require (internal/modules/cjs/loader.js:952:19)
    at require (internal/modules/cjs/helpers.js:88:18)
    at Object.<anonymous> (C:\CREDITCLAN\web_hook\sequelize_api\routes\patient.route.js:2:19) stack: Error: ENOENT: no such file or directory, open 'C:\CREDITCLAN\web_hook\sequelize_api\controllers\util\test.txt'
    at Object.openSync (fs.js:476:3)
    at Object.readFileSync (fs.js:377:35)
    at Object.<anonymous> (C:\CREDITCLAN\web_hook\sequelize_api\controllers\patient.controller.js:102:4)
    at Module._compile (internal/modules/cjs/loader.js:1063:30)
    at Object.Module._extensions..js (internal/modules/cjs/loader.js:1092:10)
    at Module.load (internal/modules/cjs/loader.js:928:32)
    at Function.Module._load (internal/modules/cjs/loader.js:769:14)
    at Module.require (internal/modules/cjs/loader.js:952:19)
    at require (internal/modules/cjs/helpers.js:88:18)
    at Object.<anonymous> (C:\CREDITCLAN\web_hook\sequelize_api\routes\patient.route.js:2:19) }
{ time: [34m22-03-2022 13:03:01[39m level: [31merror[39m message: uncaughtException: Unexpected end of input
C:\CREDITCLAN\web_hook\sequelize_api\controllers\patient.controller.js:103



SyntaxError: Unexpected end of input
    at wrapSafe (internal/modules/cjs/loader.js:979:16)
    at Module._compile (internal/modules/cjs/loader.js:1027:27)
    at Object.Module._extensions..js (internal/modules/cjs/loader.js:1092:10)
    at Module.load (internal/modules/cjs/loader.js:928:32)
    at Function.Module._load (internal/modules/cjs/loader.js:769:14)
    at Module.require (internal/modules/cjs/loader.js:952:19)
    at require (internal/modules/cjs/helpers.js:88:18)
    at Object.<anonymous> (C:\CREDITCLAN\web_hook\sequelize_api\routes\patient.route.js:2:19)
    at Module._compile (internal/modules/cjs/loader.js:1063:30)
    at Object.Module._extensions..js (internal/modules/cjs/loader.js:1092:10) stack: C:\CREDITCLAN\web_hook\sequelize_api\controllers\patient.controller.js:103



SyntaxError: Unexpected end of input
    at wrapSafe (internal/modules/cjs/loader.js:979:16)
    at Module._compile (internal/modules/cjs/loader.js:1027:27)
    at Object.Module._extensions..js (internal/modules/cjs/loader.js:1092:10)
    at Module.load (internal/modules/cjs/loader.js:928:32)
    at Function.Module._load (internal/modules/cjs/loader.js:769:14)
    at Module.require (internal/modules/cjs/loader.js:952:19)
    at require (internal/modules/cjs/helpers.js:88:18)
    at Object.<anonymous> (C:\CREDITCLAN\web_hook\sequelize_api\routes\patient.route.js:2:19)
    at Module._compile (internal/modules/cjs/loader.js:1063:30)
    at Object.Module._extensions..js (internal/modules/cjs/loader.js:1092:10) }
{ time: [34m22-03-2022 13:11:39[39m level: [31merror[39m message: uncaughtException: Identifier 'winston' has already been declared
C:\CREDITCLAN\web_hook\sequelize_api\controllers\patient.controller.js:99
const winston = require("winston");
      ^

SyntaxError: Identifier 'winston' has already been declared
    at wrapSafe (internal/modules/cjs/loader.js:979:16)
    at Module._compile (internal/modules/cjs/loader.js:1027:27)
    at Object.Module._extensions..js (internal/modules/cjs/loader.js:1092:10)
    at Module.load (internal/modules/cjs/loader.js:928:32)
    at Function.Module._load (internal/modules/cjs/loader.js:769:14)
    at Module.require (internal/modules/cjs/loader.js:952:19)
    at require (internal/modules/cjs/helpers.js:88:18)
    at Object.<anonymous> (C:\CREDITCLAN\web_hook\sequelize_api\routes\patient.route.js:2:19)
    at Module._compile (internal/modules/cjs/loader.js:1063:30)
    at Object.Module._extensions..js (internal/modules/cjs/loader.js:1092:10) stack: C:\CREDITCLAN\web_hook\sequelize_api\controllers\patient.controller.js:99
const winston = require("winston");
      ^

SyntaxError: Identifier 'winston' has already been declared
    at wrapSafe (internal/modules/cjs/loader.js:979:16)
    at Module._compile (internal/modules/cjs/loader.js:1027:27)
    at Object.Module._extensions..js (internal/modules/cjs/loader.js:1092:10)
    at Module.load (internal/modules/cjs/loader.js:928:32)
    at Function.Module._load (internal/modules/cjs/loader.js:769:14)
    at Module.require (internal/modules/cjs/loader.js:952:19)
    at require (internal/modules/cjs/helpers.js:88:18)
    at Object.<anonymous> (C:\CREDITCLAN\web_hook\sequelize_api\routes\patient.route.js:2:19)
    at Module._compile (internal/modules/cjs/loader.js:1063:30)
    at Object.Module._extensions..js (internal/modules/cjs/loader.js:1092:10) }
{ time: [34m22-03-2022 13:12:34[39m level: [31merror[39m message: uncaughtException: Identifier 'winston' has already been declared
C:\CREDITCLAN\web_hook\sequelize_api\controllers\patient.controller.js:99
const winston = require("winston");
      ^

SyntaxError: Identifier 'winston' has already been declared
    at wrapSafe (internal/modules/cjs/loader.js:979:16)
    at Module._compile (internal/modules/cjs/loader.js:1027:27)
    at Object.Module._extensions..js (internal/modules/cjs/loader.js:1092:10)
    at Module.load (internal/modules/cjs/loader.js:928:32)
    at Function.Module._load (internal/modules/cjs/loader.js:769:14)
    at Module.require (internal/modules/cjs/loader.js:952:19)
    at require (internal/modules/cjs/helpers.js:88:18)
    at Object.<anonymous> (C:\CREDITCLAN\web_hook\sequelize_api\routes\patient.route.js:2:19)
    at Module._compile (internal/modules/cjs/loader.js:1063:30)
    at Object.Module._extensions..js (internal/modules/cjs/loader.js:1092:10) stack: C:\CREDITCLAN\web_hook\sequelize_api\controllers\patient.controller.js:99
const winston = require("winston");
      ^

SyntaxError: Identifier 'winston' has already been declared
    at wrapSafe (internal/modules/cjs/loader.js:979:16)
    at Module._compile (internal/modules/cjs/loader.js:1027:27)
    at Object.Module._extensions..js (internal/modules/cjs/loader.js:1092:10)
    at Module.load (internal/modules/cjs/loader.js:928:32)
    at Function.Module._load (internal/modules/cjs/loader.js:769:14)
    at Module.require (internal/modules/cjs/loader.js:952:19)
    at require (internal/modules/cjs/helpers.js:88:18)
    at Object.<anonymous> (C:\CREDITCLAN\web_hook\sequelize_api\routes\patient.route.js:2:19)
    at Module._compile (internal/modules/cjs/loader.js:1063:30)
    at Object.Module._extensions..js (internal/modules/cjs/loader.js:1092:10) }
{ time: [34m22-03-2022 15:22:35[39m level: [31merror[39m message: uncaughtException: ENOENT: no such file or directory, open '../util/test2.txt'
Error: ENOENT: no such file or directory, open '../util/test2.txt'
    at Object.openSync (fs.js:476:3)
    at Object.writeFileSync (fs.js:1467:35)
    at Object.<anonymous> (C:\CREDITCLAN\web_hook\sequelize_api\controllers\patient.controller.js:106:23)
    at Module._compile (internal/modules/cjs/loader.js:1063:30)
    at Object.Module._extensions..js (internal/modules/cjs/loader.js:1092:10)
    at Module.load (internal/modules/cjs/loader.js:928:32)
    at Function.Module._load (internal/modules/cjs/loader.js:769:14)
    at Module.require (internal/modules/cjs/loader.js:952:19)
    at require (internal/modules/cjs/helpers.js:88:18)
    at Object.<anonymous> (C:\CREDITCLAN\web_hook\sequelize_api\routes\patient.route.js:2:19) stack: Error: ENOENT: no such file or directory, open '../util/test2.txt'
    at Object.openSync (fs.js:476:3)
    at Object.writeFileSync (fs.js:1467:35)
    at Object.<anonymous> (C:\CREDITCLAN\web_hook\sequelize_api\controllers\patient.controller.js:106:23)
    at Module._compile (internal/modules/cjs/loader.js:1063:30)
    at Object.Module._extensions..js (internal/modules/cjs/loader.js:1092:10)
    at Module.load (internal/modules/cjs/loader.js:928:32)
    at Function.Module._load (internal/modules/cjs/loader.js:769:14)
    at Module.require (internal/modules/cjs/loader.js:952:19)
    at require (internal/modules/cjs/helpers.js:88:18)
    at Object.<anonymous> (C:\CREDITCLAN\web_hook\sequelize_api\routes\patient.route.js:2:19) }
{ time: [34m22-03-2022 15:26:25[39m level: [31merror[39m message: uncaughtException: ENOENT: no such file or directory, open 'C:\CREDITCLAN\web_hook\sequelize_api\util\test1.txt'
Error: ENOENT: no such file or directory, open 'C:\CREDITCLAN\web_hook\sequelize_api\util\test1.txt'
    at Object.openSync (fs.js:476:3)
    at Object.readFileSync (fs.js:377:35)
    at Object.<anonymous> (C:\CREDITCLAN\web_hook\sequelize_api\controllers\patient.controller.js:101:21)
    at Module._compile (internal/modules/cjs/loader.js:1063:30)
    at Object.Module._extensions..js (internal/modules/cjs/loader.js:1092:10)
    at Module.load (internal/modules/cjs/loader.js:928:32)
    at Function.Module._load (internal/modules/cjs/loader.js:769:14)
    at Module.require (internal/modules/cjs/loader.js:952:19)
    at require (internal/modules/cjs/helpers.js:88:18)
    at Object.<anonymous> (C:\CREDITCLAN\web_hook\sequelize_api\routes\patient.route.js:2:19) stack: Error: ENOENT: no such file or directory, open 'C:\CREDITCLAN\web_hook\sequelize_api\util\test1.txt'
    at Object.openSync (fs.js:476:3)
    at Object.readFileSync (fs.js:377:35)
    at Object.<anonymous> (C:\CREDITCLAN\web_hook\sequelize_api\controllers\patient.controller.js:101:21)
    at Module._compile (internal/modules/cjs/loader.js:1063:30)
    at Object.Module._extensions..js (internal/modules/cjs/loader.js:1092:10)
    at Module.load (internal/modules/cjs/loader.js:928:32)
    at Function.Module._load (internal/modules/cjs/loader.js:769:14)
    at Module.require (internal/modules/cjs/loader.js:952:19)
    at require (internal/modules/cjs/helpers.js:88:18)
    at Object.<anonymous> (C:\CREDITCLAN\web_hook\sequelize_api\routes\patient.route.js:2:19) }
{ time: [34m22-03-2022 16:04:20[39m level: [31merror[39m message: uncaughtException: buf is not a function
TypeError: buf is not a function
    at Object.<anonymous> (C:\CREDITCLAN\web_hook\sequelize_api\controllers\patient.controller.js:116:13)
    at Module._compile (internal/modules/cjs/loader.js:1063:30)
    at Object.Module._extensions..js (internal/modules/cjs/loader.js:1092:10)
    at Module.load (internal/modules/cjs/loader.js:928:32)
    at Function.Module._load (internal/modules/cjs/loader.js:769:14)
    at Module.require (internal/modules/cjs/loader.js:952:19)
    at require (internal/modules/cjs/helpers.js:88:18)
    at Object.<anonymous> (C:\CREDITCLAN\web_hook\sequelize_api\routes\patient.route.js:2:19)
    at Module._compile (internal/modules/cjs/loader.js:1063:30)
    at Object.Module._extensions..js (internal/modules/cjs/loader.js:1092:10) stack: TypeError: buf is not a function
    at Object.<anonymous> (C:\CREDITCLAN\web_hook\sequelize_api\controllers\patient.controller.js:116:13)
    at Module._compile (internal/modules/cjs/loader.js:1063:30)
    at Object.Module._extensions..js (internal/modules/cjs/loader.js:1092:10)
    at Module.load (internal/modules/cjs/loader.js:928:32)
    at Function.Module._load (internal/modules/cjs/loader.js:769:14)
    at Module.require (internal/modules/cjs/loader.js:952:19)
    at require (internal/modules/cjs/helpers.js:88:18)
    at Object.<anonymous> (C:\CREDITCLAN\web_hook\sequelize_api\routes\patient.route.js:2:19)
    at Module._compile (internal/modules/cjs/loader.js:1063:30)
    at Object.Module._extensions..js (internal/modules/cjs/loader.js:1092:10) }
{ time: [34m22-03-2022 16:08:54[39m level: [31merror[39m message: uncaughtException: Unknown encoding: hexhggh
TypeError [ERR_UNKNOWN_ENCODING]: Unknown encoding: hexhggh
    at Buffer.toString (buffer.js:803:11)
    at Object.<anonymous> (C:\CREDITCLAN\web_hook\sequelize_api\controllers\patient.controller.js:122:17)
    at Module._compile (internal/modules/cjs/loader.js:1063:30)
    at Object.Module._extensions..js (internal/modules/cjs/loader.js:1092:10)
    at Module.load (internal/modules/cjs/loader.js:928:32)
    at Function.Module._load (internal/modules/cjs/loader.js:769:14)
    at Module.require (internal/modules/cjs/loader.js:952:19)
    at require (internal/modules/cjs/helpers.js:88:18)
    at Object.<anonymous> (C:\CREDITCLAN\web_hook\sequelize_api\routes\patient.route.js:2:19)
    at Module._compile (internal/modules/cjs/loader.js:1063:30) stack: TypeError [ERR_UNKNOWN_ENCODING]: Unknown encoding: hexhggh
    at Buffer.toString (buffer.js:803:11)
    at Object.<anonymous> (C:\CREDITCLAN\web_hook\sequelize_api\controllers\patient.controller.js:122:17)
    at Module._compile (internal/modules/cjs/loader.js:1063:30)
    at Object.Module._extensions..js (internal/modules/cjs/loader.js:1092:10)
    at Module.load (internal/modules/cjs/loader.js:928:32)
    at Function.Module._load (internal/modules/cjs/loader.js:769:14)
    at Module.require (internal/modules/cjs/loader.js:952:19)
    at require (internal/modules/cjs/helpers.js:88:18)
    at Object.<anonymous> (C:\CREDITCLAN\web_hook\sequelize_api\routes\patient.route.js:2:19)
    at Module._compile (internal/modules/cjs/loader.js:1063:30) }
{ time: [34m22-03-2022 16:29:47[39m level: [31merror[39m message: uncaughtException: Unknown encoding: base64url
TypeError [ERR_UNKNOWN_ENCODING]: Unknown encoding: base64url
    at Buffer.toString (buffer.js:803:11)
    at Object.<anonymous> (C:\CREDITCLAN\web_hook\sequelize_api\controllers\patient.controller.js:125:17)
    at Module._compile (internal/modules/cjs/loader.js:1063:30)
    at Object.Module._extensions..js (internal/modules/cjs/loader.js:1092:10)
    at Module.load (internal/modules/cjs/loader.js:928:32)
    at Function.Module._load (internal/modules/cjs/loader.js:769:14)
    at Module.require (internal/modules/cjs/loader.js:952:19)
    at require (internal/modules/cjs/helpers.js:88:18)
    at Object.<anonymous> (C:\CREDITCLAN\web_hook\sequelize_api\routes\patient.route.js:2:19)
    at Module._compile (internal/modules/cjs/loader.js:1063:30) stack: TypeError [ERR_UNKNOWN_ENCODING]: Unknown encoding: base64url
    at Buffer.toString (buffer.js:803:11)
    at Object.<anonymous> (C:\CREDITCLAN\web_hook\sequelize_api\controllers\patient.controller.js:125:17)
    at Module._compile (internal/modules/cjs/loader.js:1063:30)
    at Object.Module._extensions..js (internal/modules/cjs/loader.js:1092:10)
    at Module.load (internal/modules/cjs/loader.js:928:32)
    at Function.Module._load (internal/modules/cjs/loader.js:769:14)
    at Module.require (internal/modules/cjs/loader.js:952:19)
    at require (internal/modules/cjs/helpers.js:88:18)
    at Object.<anonymous> (C:\CREDITCLAN\web_hook\sequelize_api\routes\patient.route.js:2:19)
    at Module._compile (internal/modules/cjs/loader.js:1063:30) }
{ time: [34m23-03-2022 09:41:58[39m level: [31merror[39m message: uncaughtException: The value of "offset" is out of range. It must be >= 0 and <= 0. Received 1
RangeError [ERR_OUT_OF_RANGE]: The value of "offset" is out of range. It must be >= 0 and <= 0. Received 1
    at boundsError (internal/buffer.js:83:9)
    at Buffer.readInt16LE (internal/buffer.js:411:5)
    at Object.<anonymous> (C:\CREDITCLAN\web_hook\sequelize_api\controllers\patient.controller.js:175:17)
    at Module._compile (internal/modules/cjs/loader.js:1063:30)
    at Object.Module._extensions..js (internal/modules/cjs/loader.js:1092:10)
    at Module.load (internal/modules/cjs/loader.js:928:32)
    at Function.Module._load (internal/modules/cjs/loader.js:769:14)
    at Module.require (internal/modules/cjs/loader.js:952:19)
    at require (internal/modules/cjs/helpers.js:88:18)
    at Object.<anonymous> (C:\CREDITCLAN\web_hook\sequelize_api\routes\patient.route.js:2:19) stack: RangeError [ERR_OUT_OF_RANGE]: The value of "offset" is out of range. It must be >= 0 and <= 0. Received 1
    at boundsError (internal/buffer.js:83:9)
    at Buffer.readInt16LE (internal/buffer.js:411:5)
    at Object.<anonymous> (C:\CREDITCLAN\web_hook\sequelize_api\controllers\patient.controller.js:175:17)
    at Module._compile (internal/modules/cjs/loader.js:1063:30)
    at Object.Module._extensions..js (internal/modules/cjs/loader.js:1092:10)
    at Module.load (internal/modules/cjs/loader.js:928:32)
    at Function.Module._load (internal/modules/cjs/loader.js:769:14)
    at Module.require (internal/modules/cjs/loader.js:952:19)
    at require (internal/modules/cjs/helpers.js:88:18)
    at Object.<anonymous> (C:\CREDITCLAN\web_hook\sequelize_api\routes\patient.route.js:2:19) }
{ time: [34m23-03-2022 09:52:44[39m level: [31merror[39m message: uncaughtException: The "size" argument must be of type number. Received undefined
TypeError [ERR_INVALID_ARG_TYPE]: The "size" argument must be of type number. Received undefined
    at Function.alloc (buffer.js:373:3)
    at Object.<anonymous> (C:\CREDITCLAN\web_hook\sequelize_api\controllers\patient.controller.js:177:20)
    at Module._compile (internal/modules/cjs/loader.js:1063:30)
    at Object.Module._extensions..js (internal/modules/cjs/loader.js:1092:10)
    at Module.load (internal/modules/cjs/loader.js:928:32)
    at Function.Module._load (internal/modules/cjs/loader.js:769:14)
    at Module.require (internal/modules/cjs/loader.js:952:19)
    at require (internal/modules/cjs/helpers.js:88:18)
    at Object.<anonymous> (C:\CREDITCLAN\web_hook\sequelize_api\routes\patient.route.js:2:19)
    at Module._compile (internal/modules/cjs/loader.js:1063:30) stack: TypeError [ERR_INVALID_ARG_TYPE]: The "size" argument must be of type number. Received undefined
    at Function.alloc (buffer.js:373:3)
    at Object.<anonymous> (C:\CREDITCLAN\web_hook\sequelize_api\controllers\patient.controller.js:177:20)
    at Module._compile (internal/modules/cjs/loader.js:1063:30)
    at Object.Module._extensions..js (internal/modules/cjs/loader.js:1092:10)
    at Module.load (internal/modules/cjs/loader.js:928:32)
    at Function.Module._load (internal/modules/cjs/loader.js:769:14)
    at Module.require (internal/modules/cjs/loader.js:952:19)
    at require (internal/modules/cjs/helpers.js:88:18)
    at Object.<anonymous> (C:\CREDITCLAN\web_hook\sequelize_api\routes\patient.route.js:2:19)
    at Module._compile (internal/modules/cjs/loader.js:1063:30) }
{ time: [34m23-03-2022 10:38:23[39m level: [31merror[39m message: uncaughtException: cluster.fork is not a function
TypeError: cluster.fork is not a function
    at Object.<anonymous> (C:\CREDITCLAN\web_hook\sequelize_api\index.js:65:9)
    at Module._compile (internal/modules/cjs/loader.js:1063:30)
    at Object.Module._extensions..js (internal/modules/cjs/loader.js:1092:10)
    at Module.load (internal/modules/cjs/loader.js:928:32)
    at Function.Module._load (internal/modules/cjs/loader.js:769:14)
    at Function.executeUserEntryPoint [as runMain] (internal/modules/run_main.js:72:12)
    at internal/main/run_main_module.js:17:47 stack: TypeError: cluster.fork is not a function
    at Object.<anonymous> (C:\CREDITCLAN\web_hook\sequelize_api\index.js:65:9)
    at Module._compile (internal/modules/cjs/loader.js:1063:30)
    at Object.Module._extensions..js (internal/modules/cjs/loader.js:1092:10)
    at Module.load (internal/modules/cjs/loader.js:928:32)
    at Function.Module._load (internal/modules/cjs/loader.js:769:14)
    at Function.executeUserEntryPoint [as runMain] (internal/modules/run_main.js:72:12)
    at internal/main/run_main_module.js:17:47 }
{ time: [34m23-03-2022 10:38:35[39m level: [31merror[39m message: uncaughtException: write after end
Error: write after end
    at writeAfterEnd (C:\CREDITCLAN\web_hook\sequelize_api\node_modules\winston\node_modules\readable-stream\lib\_stream_writable.js:261:12)
    at PassThrough.Writable.write (C:\CREDITCLAN\web_hook\sequelize_api\node_modules\winston\node_modules\readable-stream\lib\_stream_writable.js:305:21)
    at File.log (C:\CREDITCLAN\web_hook\sequelize_api\node_modules\winston\lib\winston\transports\file.js:185:34)
    at ExceptionStream._write (C:\CREDITCLAN\web_hook\sequelize_api\node_modules\winston\lib\winston\exception-stream.js:48:29)
    at doWrite (C:\CREDITCLAN\web_hook\sequelize_api\node_modules\winston\node_modules\readable-stream\lib\_stream_writable.js:409:139)
    at writeOrBuffer (C:\CREDITCLAN\web_hook\sequelize_api\node_modules\winston\node_modules\readable-stream\lib\_stream_writable.js:398:5)
    at ExceptionStream.Writable.write (C:\CREDITCLAN\web_hook\sequelize_api\node_modules\winston\node_modules\readable-stream\lib\_stream_writable.js:307:11)
    at DerivedLogger.ondata (C:\CREDITCLAN\web_hook\sequelize_api\node_modules\winston\node_modules\readable-stream\lib\_stream_readable.js:681:20)
    at DerivedLogger.emit (events.js:327:22)
    at addChunk (C:\CREDITCLAN\web_hook\sequelize_api\node_modules\winston\node_modules\readable-stream\lib\_stream_readable.js:298:12) stack: Error: write after end
    at writeAfterEnd (C:\CREDITCLAN\web_hook\sequelize_api\node_modules\winston\node_modules\readable-stream\lib\_stream_writable.js:261:12)
    at PassThrough.Writable.write (C:\CREDITCLAN\web_hook\sequelize_api\node_modules\winston\node_modules\readable-stream\lib\_stream_writable.js:305:21)
    at File.log (C:\CREDITCLAN\web_hook\sequelize_api\node_modules\winston\lib\winston\transports\file.js:185:34)
    at ExceptionStream._write (C:\CREDITCLAN\web_hook\sequelize_api\node_modules\winston\lib\winston\exception-stream.js:48:29)
    at doWrite (C:\CREDITCLAN\web_hook\sequelize_api\node_modules\winston\node_modules\readable-stream\lib\_stream_writable.js:409:139)
    at writeOrBuffer (C:\CREDITCLAN\web_hook\sequelize_api\node_modules\winston\node_modules\readable-stream\lib\_stream_writable.js:398:5)
    at ExceptionStream.Writable.write (C:\CREDITCLAN\web_hook\sequelize_api\node_modules\winston\node_modules\readable-stream\lib\_stream_writable.js:307:11)
    at DerivedLogger.ondata (C:\CREDITCLAN\web_hook\sequelize_api\node_modules\winston\node_modules\readable-stream\lib\_stream_readable.js:681:20)
    at DerivedLogger.emit (events.js:327:22)
    at addChunk (C:\CREDITCLAN\web_hook\sequelize_api\node_modules\winston\node_modules\readable-stream\lib\_stream_readable.js:298:12) }
{ time: [34m23-03-2022 10:39:56[39m level: [31merror[39m message: uncaughtException: cluster.fork is not a function
TypeError: cluster.fork is not a function
    at Object.<anonymous> (C:\CREDITCLAN\web_hook\sequelize_api\index.js:65:9)
    at Module._compile (internal/modules/cjs/loader.js:1063:30)
    at Object.Module._extensions..js (internal/modules/cjs/loader.js:1092:10)
    at Module.load (internal/modules/cjs/loader.js:928:32)
    at Function.Module._load (internal/modules/cjs/loader.js:769:14)
    at Function.executeUserEntryPoint [as runMain] (internal/modules/run_main.js:72:12)
    at internal/main/run_main_module.js:17:47 stack: TypeError: cluster.fork is not a function
    at Object.<anonymous> (C:\CREDITCLAN\web_hook\sequelize_api\index.js:65:9)
    at Module._compile (internal/modules/cjs/loader.js:1063:30)
    at Object.Module._extensions..js (internal/modules/cjs/loader.js:1092:10)
    at Module.load (internal/modules/cjs/loader.js:928:32)
    at Function.Module._load (internal/modules/cjs/loader.js:769:14)
    at Function.executeUserEntryPoint [as runMain] (internal/modules/run_main.js:72:12)
    at internal/main/run_main_module.js:17:47 }
{ time: [34m23-03-2022 10:40:14[39m level: [31merror[39m message: uncaughtException: write after end
Error: write after end
    at writeAfterEnd (C:\CREDITCLAN\web_hook\sequelize_api\node_modules\winston\node_modules\readable-stream\lib\_stream_writable.js:261:12)
    at PassThrough.Writable.write (C:\CREDITCLAN\web_hook\sequelize_api\node_modules\winston\node_modules\readable-stream\lib\_stream_writable.js:305:21)
    at File.log (C:\CREDITCLAN\web_hook\sequelize_api\node_modules\winston\lib\winston\transports\file.js:185:34)
    at ExceptionStream._write (C:\CREDITCLAN\web_hook\sequelize_api\node_modules\winston\lib\winston\exception-stream.js:48:29)
    at doWrite (C:\CREDITCLAN\web_hook\sequelize_api\node_modules\winston\node_modules\readable-stream\lib\_stream_writable.js:409:139)
    at writeOrBuffer (C:\CREDITCLAN\web_hook\sequelize_api\node_modules\winston\node_modules\readable-stream\lib\_stream_writable.js:398:5)
    at ExceptionStream.Writable.write (C:\CREDITCLAN\web_hook\sequelize_api\node_modules\winston\node_modules\readable-stream\lib\_stream_writable.js:307:11)
    at DerivedLogger.ondata (C:\CREDITCLAN\web_hook\sequelize_api\node_modules\winston\node_modules\readable-stream\lib\_stream_readable.js:681:20)
    at DerivedLogger.emit (events.js:327:22)
    at addChunk (C:\CREDITCLAN\web_hook\sequelize_api\node_modules\winston\node_modules\readable-stream\lib\_stream_readable.js:298:12) stack: Error: write after end
    at writeAfterEnd (C:\CREDITCLAN\web_hook\sequelize_api\node_modules\winston\node_modules\readable-stream\lib\_stream_writable.js:261:12)
    at PassThrough.Writable.write (C:\CREDITCLAN\web_hook\sequelize_api\node_modules\winston\node_modules\readable-stream\lib\_stream_writable.js:305:21)
    at File.log (C:\CREDITCLAN\web_hook\sequelize_api\node_modules\winston\lib\winston\transports\file.js:185:34)
    at ExceptionStream._write (C:\CREDITCLAN\web_hook\sequelize_api\node_modules\winston\lib\winston\exception-stream.js:48:29)
    at doWrite (C:\CREDITCLAN\web_hook\sequelize_api\node_modules\winston\node_modules\readable-stream\lib\_stream_writable.js:409:139)
    at writeOrBuffer (C:\CREDITCLAN\web_hook\sequelize_api\node_modules\winston\node_modules\readable-stream\lib\_stream_writable.js:398:5)
    at ExceptionStream.Writable.write (C:\CREDITCLAN\web_hook\sequelize_api\node_modules\winston\node_modules\readable-stream\lib\_stream_writable.js:307:11)
    at DerivedLogger.ondata (C:\CREDITCLAN\web_hook\sequelize_api\node_modules\winston\node_modules\readable-stream\lib\_stream_readable.js:681:20)
    at DerivedLogger.emit (events.js:327:22)
    at addChunk (C:\CREDITCLAN\web_hook\sequelize_api\node_modules\winston\node_modules\readable-stream\lib\_stream_readable.js:298:12) }
{ time: [34m23-03-2022 10:41:08[39m level: [31merror[39m message: uncaughtException: cluster.fork is not a function
TypeError: cluster.fork is not a function
    at Object.<anonymous> (C:\CREDITCLAN\web_hook\sequelize_api\index.js:65:9)
    at Module._compile (internal/modules/cjs/loader.js:1063:30)
    at Object.Module._extensions..js (internal/modules/cjs/loader.js:1092:10)
    at Module.load (internal/modules/cjs/loader.js:928:32)
    at Function.Module._load (internal/modules/cjs/loader.js:769:14)
    at Function.executeUserEntryPoint [as runMain] (internal/modules/run_main.js:72:12)
    at internal/main/run_main_module.js:17:47 stack: TypeError: cluster.fork is not a function
    at Object.<anonymous> (C:\CREDITCLAN\web_hook\sequelize_api\index.js:65:9)
    at Module._compile (internal/modules/cjs/loader.js:1063:30)
    at Object.Module._extensions..js (internal/modules/cjs/loader.js:1092:10)
    at Module.load (internal/modules/cjs/loader.js:928:32)
    at Function.Module._load (internal/modules/cjs/loader.js:769:14)
    at Function.executeUserEntryPoint [as runMain] (internal/modules/run_main.js:72:12)
    at internal/main/run_main_module.js:17:47 }
{ time: [34m23-03-2022 10:41:19[39m level: [31merror[39m message: uncaughtException: write after end
Error: write after end
    at writeAfterEnd (C:\CREDITCLAN\web_hook\sequelize_api\node_modules\winston\node_modules\readable-stream\lib\_stream_writable.js:261:12)
    at PassThrough.Writable.write (C:\CREDITCLAN\web_hook\sequelize_api\node_modules\winston\node_modules\readable-stream\lib\_stream_writable.js:305:21)
    at File.log (C:\CREDITCLAN\web_hook\sequelize_api\node_modules\winston\lib\winston\transports\file.js:185:34)
    at ExceptionStream._write (C:\CREDITCLAN\web_hook\sequelize_api\node_modules\winston\lib\winston\exception-stream.js:48:29)
    at doWrite (C:\CREDITCLAN\web_hook\sequelize_api\node_modules\winston\node_modules\readable-stream\lib\_stream_writable.js:409:139)
    at writeOrBuffer (C:\CREDITCLAN\web_hook\sequelize_api\node_modules\winston\node_modules\readable-stream\lib\_stream_writable.js:398:5)
    at ExceptionStream.Writable.write (C:\CREDITCLAN\web_hook\sequelize_api\node_modules\winston\node_modules\readable-stream\lib\_stream_writable.js:307:11)
    at DerivedLogger.ondata (C:\CREDITCLAN\web_hook\sequelize_api\node_modules\winston\node_modules\readable-stream\lib\_stream_readable.js:681:20)
    at DerivedLogger.emit (events.js:327:22)
    at addChunk (C:\CREDITCLAN\web_hook\sequelize_api\node_modules\winston\node_modules\readable-stream\lib\_stream_readable.js:298:12) stack: Error: write after end
    at writeAfterEnd (C:\CREDITCLAN\web_hook\sequelize_api\node_modules\winston\node_modules\readable-stream\lib\_stream_writable.js:261:12)
    at PassThrough.Writable.write (C:\CREDITCLAN\web_hook\sequelize_api\node_modules\winston\node_modules\readable-stream\lib\_stream_writable.js:305:21)
    at File.log (C:\CREDITCLAN\web_hook\sequelize_api\node_modules\winston\lib\winston\transports\file.js:185:34)
    at ExceptionStream._write (C:\CREDITCLAN\web_hook\sequelize_api\node_modules\winston\lib\winston\exception-stream.js:48:29)
    at doWrite (C:\CREDITCLAN\web_hook\sequelize_api\node_modules\winston\node_modules\readable-stream\lib\_stream_writable.js:409:139)
    at writeOrBuffer (C:\CREDITCLAN\web_hook\sequelize_api\node_modules\winston\node_modules\readable-stream\lib\_stream_writable.js:398:5)
    at ExceptionStream.Writable.write (C:\CREDITCLAN\web_hook\sequelize_api\node_modules\winston\node_modules\readable-stream\lib\_stream_writable.js:307:11)
    at DerivedLogger.ondata (C:\CREDITCLAN\web_hook\sequelize_api\node_modules\winston\node_modules\readable-stream\lib\_stream_readable.js:681:20)
    at DerivedLogger.emit (events.js:327:22)
    at addChunk (C:\CREDITCLAN\web_hook\sequelize_api\node_modules\winston\node_modules\readable-stream\lib\_stream_readable.js:298:12) }
{ time: [34m23-03-2022 10:41:27[39m level: [31merror[39m message: uncaughtException: cluster.fork.on is not a function
TypeError: cluster.fork.on is not a function
    at Object.<anonymous> (C:\CREDITCLAN\web_hook\sequelize_api\index.js:65:14)
    at Module._compile (internal/modules/cjs/loader.js:1063:30)
    at Object.Module._extensions..js (internal/modules/cjs/loader.js:1092:10)
    at Module.load (internal/modules/cjs/loader.js:928:32)
    at Function.Module._load (internal/modules/cjs/loader.js:769:14)
    at Function.executeUserEntryPoint [as runMain] (internal/modules/run_main.js:72:12)
    at internal/main/run_main_module.js:17:47 stack: TypeError: cluster.fork.on is not a function
    at Object.<anonymous> (C:\CREDITCLAN\web_hook\sequelize_api\index.js:65:14)
    at Module._compile (internal/modules/cjs/loader.js:1063:30)
    at Object.Module._extensions..js (internal/modules/cjs/loader.js:1092:10)
    at Module.load (internal/modules/cjs/loader.js:928:32)
    at Function.Module._load (internal/modules/cjs/loader.js:769:14)
    at Function.executeUserEntryPoint [as runMain] (internal/modules/run_main.js:72:12)
    at internal/main/run_main_module.js:17:47 }
{ time: [34m23-03-2022 10:41:44[39m level: [31merror[39m message: uncaughtException: require(...).fork is not a function
TypeError: require(...).fork is not a function
    at Object.<anonymous> (C:\CREDITCLAN\web_hook\sequelize_api\index.js:63:36)
    at Module._compile (internal/modules/cjs/loader.js:1063:30)
    at Object.Module._extensions..js (internal/modules/cjs/loader.js:1092:10)
    at Module.load (internal/modules/cjs/loader.js:928:32)
    at Function.Module._load (internal/modules/cjs/loader.js:769:14)
    at Function.executeUserEntryPoint [as runMain] (internal/modules/run_main.js:72:12)
    at internal/main/run_main_module.js:17:47 stack: TypeError: require(...).fork is not a function
    at Object.<anonymous> (C:\CREDITCLAN\web_hook\sequelize_api\index.js:63:36)
    at Module._compile (internal/modules/cjs/loader.js:1063:30)
    at Object.Module._extensions..js (internal/modules/cjs/loader.js:1092:10)
    at Module.load (internal/modules/cjs/loader.js:928:32)
    at Function.Module._load (internal/modules/cjs/loader.js:769:14)
    at Function.executeUserEntryPoint [as runMain] (internal/modules/run_main.js:72:12)
    at internal/main/run_main_module.js:17:47 }
{ time: [34m23-03-2022 10:55:17[39m level: [31merror[39m message: uncaughtException: Route.post() requires a callback function but got a [object Undefined]
Error: Route.post() requires a callback function but got a [object Undefined]
    at Route.<computed> [as post] (C:\CREDITCLAN\web_hook\sequelize_api\node_modules\express\lib\router\route.js:202:15)
    at Function.proto.<computed> [as post] (C:\CREDITCLAN\web_hook\sequelize_api\node_modules\express\lib\router\index.js:516:19)
    at Object.<anonymous> (C:\CREDITCLAN\web_hook\sequelize_api\routes\patient.route.js:9:8)
    at Module._compile (internal/modules/cjs/loader.js:1063:30)
    at Object.Module._extensions..js (internal/modules/cjs/loader.js:1092:10)
    at Module.load (internal/modules/cjs/loader.js:928:32)
    at Function.Module._load (internal/modules/cjs/loader.js:769:14)
    at Module.require (internal/modules/cjs/loader.js:952:19)
    at require (internal/modules/cjs/helpers.js:88:18)
    at Object.<anonymous> (C:\CREDITCLAN\web_hook\sequelize_api\util\middleware&route.js:4:22) stack: Error: Route.post() requires a callback function but got a [object Undefined]
    at Route.<computed> [as post] (C:\CREDITCLAN\web_hook\sequelize_api\node_modules\express\lib\router\route.js:202:15)
    at Function.proto.<computed> [as post] (C:\CREDITCLAN\web_hook\sequelize_api\node_modules\express\lib\router\index.js:516:19)
    at Object.<anonymous> (C:\CREDITCLAN\web_hook\sequelize_api\routes\patient.route.js:9:8)
    at Module._compile (internal/modules/cjs/loader.js:1063:30)
    at Object.Module._extensions..js (internal/modules/cjs/loader.js:1092:10)
    at Module.load (internal/modules/cjs/loader.js:928:32)
    at Function.Module._load (internal/modules/cjs/loader.js:769:14)
    at Module.require (internal/modules/cjs/loader.js:952:19)
    at require (internal/modules/cjs/helpers.js:88:18)
    at Object.<anonymous> (C:\CREDITCLAN\web_hook\sequelize_api\util\middleware&route.js:4:22) }
{ time: [34m23-03-2022 10:55:47[39m level: [31merror[39m message: uncaughtException: Route.post() requires a callback function but got a [object Undefined]
Error: Route.post() requires a callback function but got a [object Undefined]
    at Route.<computed> [as post] (C:\CREDITCLAN\web_hook\sequelize_api\node_modules\express\lib\router\route.js:202:15)
    at Function.proto.<computed> [as post] (C:\CREDITCLAN\web_hook\sequelize_api\node_modules\express\lib\router\index.js:516:19)
    at Object.<anonymous> (C:\CREDITCLAN\web_hook\sequelize_api\routes\patient.route.js:7:8)
    at Module._compile (internal/modules/cjs/loader.js:1063:30)
    at Object.Module._extensions..js (internal/modules/cjs/loader.js:1092:10)
    at Module.load (internal/modules/cjs/loader.js:928:32)
    at Function.Module._load (internal/modules/cjs/loader.js:769:14)
    at Module.require (internal/modules/cjs/loader.js:952:19)
    at require (internal/modules/cjs/helpers.js:88:18)
    at Object.<anonymous> (C:\CREDITCLAN\web_hook\sequelize_api\util\middleware&route.js:4:22) stack: Error: Route.post() requires a callback function but got a [object Undefined]
    at Route.<computed> [as post] (C:\CREDITCLAN\web_hook\sequelize_api\node_modules\express\lib\router\route.js:202:15)
    at Function.proto.<computed> [as post] (C:\CREDITCLAN\web_hook\sequelize_api\node_modules\express\lib\router\index.js:516:19)
    at Object.<anonymous> (C:\CREDITCLAN\web_hook\sequelize_api\routes\patient.route.js:7:8)
    at Module._compile (internal/modules/cjs/loader.js:1063:30)
    at Object.Module._extensions..js (internal/modules/cjs/loader.js:1092:10)
    at Module.load (internal/modules/cjs/loader.js:928:32)
    at Function.Module._load (internal/modules/cjs/loader.js:769:14)
    at Module.require (internal/modules/cjs/loader.js:952:19)
    at require (internal/modules/cjs/helpers.js:88:18)
    at Object.<anonymous> (C:\CREDITCLAN\web_hook\sequelize_api\util\middleware&route.js:4:22) }
{ time: [34m23-03-2022 10:56:09[39m level: [31merror[39m message: uncaughtException: Route.post() requires a callback function but got a [object Undefined]
Error: Route.post() requires a callback function but got a [object Undefined]
    at Route.<computed> [as post] (C:\CREDITCLAN\web_hook\sequelize_api\node_modules\express\lib\router\route.js:202:15)
    at Function.proto.<computed> [as post] (C:\CREDITCLAN\web_hook\sequelize_api\node_modules\express\lib\router\index.js:516:19)
    at Object.<anonymous> (C:\CREDITCLAN\web_hook\sequelize_api\routes\patient.route.js:7:8)
    at Module._compile (internal/modules/cjs/loader.js:1063:30)
    at Object.Module._extensions..js (internal/modules/cjs/loader.js:1092:10)
    at Module.load (internal/modules/cjs/loader.js:928:32)
    at Function.Module._load (internal/modules/cjs/loader.js:769:14)
    at Module.require (internal/modules/cjs/loader.js:952:19)
    at require (internal/modules/cjs/helpers.js:88:18)
    at Object.<anonymous> (C:\CREDITCLAN\web_hook\sequelize_api\util\middleware&route.js:4:22) stack: Error: Route.post() requires a callback function but got a [object Undefined]
    at Route.<computed> [as post] (C:\CREDITCLAN\web_hook\sequelize_api\node_modules\express\lib\router\route.js:202:15)
    at Function.proto.<computed> [as post] (C:\CREDITCLAN\web_hook\sequelize_api\node_modules\express\lib\router\index.js:516:19)
    at Object.<anonymous> (C:\CREDITCLAN\web_hook\sequelize_api\routes\patient.route.js:7:8)
    at Module._compile (internal/modules/cjs/loader.js:1063:30)
    at Object.Module._extensions..js (internal/modules/cjs/loader.js:1092:10)
    at Module.load (internal/modules/cjs/loader.js:928:32)
    at Function.Module._load (internal/modules/cjs/loader.js:769:14)
    at Module.require (internal/modules/cjs/loader.js:952:19)
    at require (internal/modules/cjs/helpers.js:88:18)
    at Object.<anonymous> (C:\CREDITCLAN\web_hook\sequelize_api\util\middleware&route.js:4:22) }
{ time: [34m23-03-2022 10:57:22[39m level: [31merror[39m message: uncaughtException: Route.post() requires a callback function but got a [object Undefined]
Error: Route.post() requires a callback function but got a [object Undefined]
    at Route.<computed> [as post] (C:\CREDITCLAN\web_hook\sequelize_api\node_modules\express\lib\router\route.js:202:15)
    at Function.proto.<computed> [as post] (C:\CREDITCLAN\web_hook\sequelize_api\node_modules\express\lib\router\index.js:516:19)
    at Object.<anonymous> (C:\CREDITCLAN\web_hook\sequelize_api\routes\patient.route.js:7:8)
    at Module._compile (internal/modules/cjs/loader.js:1063:30)
    at Object.Module._extensions..js (internal/modules/cjs/loader.js:1092:10)
    at Module.load (internal/modules/cjs/loader.js:928:32)
    at Function.Module._load (internal/modules/cjs/loader.js:769:14)
    at Module.require (internal/modules/cjs/loader.js:952:19)
    at require (internal/modules/cjs/helpers.js:88:18)
    at Object.<anonymous> (C:\CREDITCLAN\web_hook\sequelize_api\util\middleware&route.js:4:22) stack: Error: Route.post() requires a callback function but got a [object Undefined]
    at Route.<computed> [as post] (C:\CREDITCLAN\web_hook\sequelize_api\node_modules\express\lib\router\route.js:202:15)
    at Function.proto.<computed> [as post] (C:\CREDITCLAN\web_hook\sequelize_api\node_modules\express\lib\router\index.js:516:19)
    at Object.<anonymous> (C:\CREDITCLAN\web_hook\sequelize_api\routes\patient.route.js:7:8)
    at Module._compile (internal/modules/cjs/loader.js:1063:30)
    at Object.Module._extensions..js (internal/modules/cjs/loader.js:1092:10)
    at Module.load (internal/modules/cjs/loader.js:928:32)
    at Function.Module._load (internal/modules/cjs/loader.js:769:14)
    at Module.require (internal/modules/cjs/loader.js:952:19)
    at require (internal/modules/cjs/helpers.js:88:18)
    at Object.<anonymous> (C:\CREDITCLAN\web_hook\sequelize_api\util\middleware&route.js:4:22) }
{ time: [34m23-03-2022 10:57:59[39m level: [31merror[39m message: uncaughtException: Route.post() requires a callback function but got a [object Undefined]
Error: Route.post() requires a callback function but got a [object Undefined]
    at Route.<computed> [as post] (C:\CREDITCLAN\web_hook\sequelize_api\node_modules\express\lib\router\route.js:202:15)
    at Function.proto.<computed> [as post] (C:\CREDITCLAN\web_hook\sequelize_api\node_modules\express\lib\router\index.js:516:19)
    at Object.<anonymous> (C:\CREDITCLAN\web_hook\sequelize_api\routes\patient.route.js:9:8)
    at Module._compile (internal/modules/cjs/loader.js:1063:30)
    at Object.Module._extensions..js (internal/modules/cjs/loader.js:1092:10)
    at Module.load (internal/modules/cjs/loader.js:928:32)
    at Function.Module._load (internal/modules/cjs/loader.js:769:14)
    at Module.require (internal/modules/cjs/loader.js:952:19)
    at require (internal/modules/cjs/helpers.js:88:18)
    at Object.<anonymous> (C:\CREDITCLAN\web_hook\sequelize_api\util\middleware&route.js:4:22) stack: Error: Route.post() requires a callback function but got a [object Undefined]
    at Route.<computed> [as post] (C:\CREDITCLAN\web_hook\sequelize_api\node_modules\express\lib\router\route.js:202:15)
    at Function.proto.<computed> [as post] (C:\CREDITCLAN\web_hook\sequelize_api\node_modules\express\lib\router\index.js:516:19)
    at Object.<anonymous> (C:\CREDITCLAN\web_hook\sequelize_api\routes\patient.route.js:9:8)
    at Module._compile (internal/modules/cjs/loader.js:1063:30)
    at Object.Module._extensions..js (internal/modules/cjs/loader.js:1092:10)
    at Module.load (internal/modules/cjs/loader.js:928:32)
    at Function.Module._load (internal/modules/cjs/loader.js:769:14)
    at Module.require (internal/modules/cjs/loader.js:952:19)
    at require (internal/modules/cjs/helpers.js:88:18)
    at Object.<anonymous> (C:\CREDITCLAN\web_hook\sequelize_api\util\middleware&route.js:4:22) }
{ time: [34m23-03-2022 11:00:20[39m level: [31merror[39m message: uncaughtException: Route.post() requires a callback function but got a [object Undefined]
Error: Route.post() requires a callback function but got a [object Undefined]
    at Route.<computed> [as post] (C:\CREDITCLAN\web_hook\sequelize_api\node_modules\express\lib\router\route.js:202:15)
    at Function.proto.<computed> [as post] (C:\CREDITCLAN\web_hook\sequelize_api\node_modules\express\lib\router\index.js:516:19)
    at Object.<anonymous> (C:\CREDITCLAN\web_hook\sequelize_api\routes\patient.route.js:9:8)
    at Module._compile (internal/modules/cjs/loader.js:1063:30)
    at Object.Module._extensions..js (internal/modules/cjs/loader.js:1092:10)
    at Module.load (internal/modules/cjs/loader.js:928:32)
    at Function.Module._load (internal/modules/cjs/loader.js:769:14)
    at Module.require (internal/modules/cjs/loader.js:952:19)
    at require (internal/modules/cjs/helpers.js:88:18)
    at Object.<anonymous> (C:\CREDITCLAN\web_hook\sequelize_api\util\middleware&route.js:4:22) stack: Error: Route.post() requires a callback function but got a [object Undefined]
    at Route.<computed> [as post] (C:\CREDITCLAN\web_hook\sequelize_api\node_modules\express\lib\router\route.js:202:15)
    at Function.proto.<computed> [as post] (C:\CREDITCLAN\web_hook\sequelize_api\node_modules\express\lib\router\index.js:516:19)
    at Object.<anonymous> (C:\CREDITCLAN\web_hook\sequelize_api\routes\patient.route.js:9:8)
    at Module._compile (internal/modules/cjs/loader.js:1063:30)
    at Object.Module._extensions..js (internal/modules/cjs/loader.js:1092:10)
    at Module.load (internal/modules/cjs/loader.js:928:32)
    at Function.Module._load (internal/modules/cjs/loader.js:769:14)
    at Module.require (internal/modules/cjs/loader.js:952:19)
    at require (internal/modules/cjs/helpers.js:88:18)
    at Object.<anonymous> (C:\CREDITCLAN\web_hook\sequelize_api\util\middleware&route.js:4:22) }
{ time: [34m23-03-2022 11:01:03[39m level: [31merror[39m message: uncaughtException: Route.post() requires a callback function but got a [object Undefined]
Error: Route.post() requires a callback function but got a [object Undefined]
    at Route.<computed> [as post] (C:\CREDITCLAN\web_hook\sequelize_api\node_modules\express\lib\router\route.js:202:15)
    at Function.proto.<computed> [as post] (C:\CREDITCLAN\web_hook\sequelize_api\node_modules\express\lib\router\index.js:516:19)
    at Object.<anonymous> (C:\CREDITCLAN\web_hook\sequelize_api\routes\patient.route.js:9:8)
    at Module._compile (internal/modules/cjs/loader.js:1063:30)
    at Object.Module._extensions..js (internal/modules/cjs/loader.js:1092:10)
    at Module.load (internal/modules/cjs/loader.js:928:32)
    at Function.Module._load (internal/modules/cjs/loader.js:769:14)
    at Module.require (internal/modules/cjs/loader.js:952:19)
    at require (internal/modules/cjs/helpers.js:88:18)
    at Object.<anonymous> (C:\CREDITCLAN\web_hook\sequelize_api\util\middleware&route.js:4:22) stack: Error: Route.post() requires a callback function but got a [object Undefined]
    at Route.<computed> [as post] (C:\CREDITCLAN\web_hook\sequelize_api\node_modules\express\lib\router\route.js:202:15)
    at Function.proto.<computed> [as post] (C:\CREDITCLAN\web_hook\sequelize_api\node_modules\express\lib\router\index.js:516:19)
    at Object.<anonymous> (C:\CREDITCLAN\web_hook\sequelize_api\routes\patient.route.js:9:8)
    at Module._compile (internal/modules/cjs/loader.js:1063:30)
    at Object.Module._extensions..js (internal/modules/cjs/loader.js:1092:10)
    at Module.load (internal/modules/cjs/loader.js:928:32)
    at Function.Module._load (internal/modules/cjs/loader.js:769:14)
    at Module.require (internal/modules/cjs/loader.js:952:19)
    at require (internal/modules/cjs/helpers.js:88:18)
    at Object.<anonymous> (C:\CREDITCLAN\web_hook\sequelize_api\util\middleware&route.js:4:22) }
{ time: [34m23-03-2022 11:01:34[39m level: [31merror[39m message: uncaughtException: Route.post() requires a callback function but got a [object Undefined]
Error: Route.post() requires a callback function but got a [object Undefined]
    at Route.<computed> [as post] (C:\CREDITCLAN\web_hook\sequelize_api\node_modules\express\lib\router\route.js:202:15)
    at Function.proto.<computed> [as post] (C:\CREDITCLAN\web_hook\sequelize_api\node_modules\express\lib\router\index.js:516:19)
    at Object.<anonymous> (C:\CREDITCLAN\web_hook\sequelize_api\routes\patient.route.js:9:8)
    at Module._compile (internal/modules/cjs/loader.js:1063:30)
    at Object.Module._extensions..js (internal/modules/cjs/loader.js:1092:10)
    at Module.load (internal/modules/cjs/loader.js:928:32)
    at Function.Module._load (internal/modules/cjs/loader.js:769:14)
    at Module.require (internal/modules/cjs/loader.js:952:19)
    at require (internal/modules/cjs/helpers.js:88:18)
    at Object.<anonymous> (C:\CREDITCLAN\web_hook\sequelize_api\util\middleware&route.js:4:22) stack: Error: Route.post() requires a callback function but got a [object Undefined]
    at Route.<computed> [as post] (C:\CREDITCLAN\web_hook\sequelize_api\node_modules\express\lib\router\route.js:202:15)
    at Function.proto.<computed> [as post] (C:\CREDITCLAN\web_hook\sequelize_api\node_modules\express\lib\router\index.js:516:19)
    at Object.<anonymous> (C:\CREDITCLAN\web_hook\sequelize_api\routes\patient.route.js:9:8)
    at Module._compile (internal/modules/cjs/loader.js:1063:30)
    at Object.Module._extensions..js (internal/modules/cjs/loader.js:1092:10)
    at Module.load (internal/modules/cjs/loader.js:928:32)
    at Function.Module._load (internal/modules/cjs/loader.js:769:14)
    at Module.require (internal/modules/cjs/loader.js:952:19)
    at require (internal/modules/cjs/helpers.js:88:18)
    at Object.<anonymous> (C:\CREDITCLAN\web_hook\sequelize_api\util\middleware&route.js:4:22) }
{ time: [34m23-03-2022 16:28:58[39m level: [31merror[39m message: uncaughtException: Cannot find module '../routes/file.route'
Require stack:
- C:\CREDITCLAN\web_hook\sequelize_api\util\middleware&route.js
- C:\CREDITCLAN\web_hook\sequelize_api\index.js
Error: Cannot find module '../routes/file.route'
Require stack:
- C:\CREDITCLAN\web_hook\sequelize_api\util\middleware&route.js
- C:\CREDITCLAN\web_hook\sequelize_api\index.js
    at Function.Module._resolveFilename (internal/modules/cjs/loader.js:880:15)
    at Function.Module._load (internal/modules/cjs/loader.js:725:27)
    at Module.require (internal/modules/cjs/loader.js:952:19)
    at require (internal/modules/cjs/helpers.js:88:18)
    at Object.<anonymous> (C:\CREDITCLAN\web_hook\sequelize_api\util\middleware&route.js:5:19)
    at Module._compile (internal/modules/cjs/loader.js:1063:30)
    at Object.Module._extensions..js (internal/modules/cjs/loader.js:1092:10)
    at Module.load (internal/modules/cjs/loader.js:928:32)
    at Function.Module._load (internal/modules/cjs/loader.js:769:14)
    at Module.require (internal/modules/cjs/loader.js:952:19) stack: Error: Cannot find module '../routes/file.route'
Require stack:
- C:\CREDITCLAN\web_hook\sequelize_api\util\middleware&route.js
- C:\CREDITCLAN\web_hook\sequelize_api\index.js
    at Function.Module._resolveFilename (internal/modules/cjs/loader.js:880:15)
    at Function.Module._load (internal/modules/cjs/loader.js:725:27)
    at Module.require (internal/modules/cjs/loader.js:952:19)
    at require (internal/modules/cjs/helpers.js:88:18)
    at Object.<anonymous> (C:\CREDITCLAN\web_hook\sequelize_api\util\middleware&route.js:5:19)
    at Module._compile (internal/modules/cjs/loader.js:1063:30)
    at Object.Module._extensions..js (internal/modules/cjs/loader.js:1092:10)
    at Module.load (internal/modules/cjs/loader.js:928:32)
    at Function.Module._load (internal/modules/cjs/loader.js:769:14)
    at Module.require (internal/modules/cjs/loader.js:952:19) }
{ time: [34m23-03-2022 16:29:39[39m level: [31merror[39m message: uncaughtException: Route.post() requires a callback function but got a [object Undefined]
Error: Route.post() requires a callback function but got a [object Undefined]
    at Route.<computed> [as post] (C:\CREDITCLAN\web_hook\sequelize_api\node_modules\express\lib\router\route.js:202:15)
    at Function.proto.<computed> [as post] (C:\CREDITCLAN\web_hook\sequelize_api\node_modules\express\lib\router\index.js:516:19)
    at Object.<anonymous> (C:\CREDITCLAN\web_hook\sequelize_api\routes\patient.route.js:9:8)
    at Module._compile (internal/modules/cjs/loader.js:1063:30)
    at Object.Module._extensions..js (internal/modules/cjs/loader.js:1092:10)
    at Module.load (internal/modules/cjs/loader.js:928:32)
    at Function.Module._load (internal/modules/cjs/loader.js:769:14)
    at Module.require (internal/modules/cjs/loader.js:952:19)
    at require (internal/modules/cjs/helpers.js:88:18)
    at Object.<anonymous> (C:\CREDITCLAN\web_hook\sequelize_api\util\middleware&route.js:4:22) stack: Error: Route.post() requires a callback function but got a [object Undefined]
    at Route.<computed> [as post] (C:\CREDITCLAN\web_hook\sequelize_api\node_modules\express\lib\router\route.js:202:15)
    at Function.proto.<computed> [as post] (C:\CREDITCLAN\web_hook\sequelize_api\node_modules\express\lib\router\index.js:516:19)
    at Object.<anonymous> (C:\CREDITCLAN\web_hook\sequelize_api\routes\patient.route.js:9:8)
    at Module._compile (internal/modules/cjs/loader.js:1063:30)
    at Object.Module._extensions..js (internal/modules/cjs/loader.js:1092:10)
    at Module.load (internal/modules/cjs/loader.js:928:32)
    at Function.Module._load (internal/modules/cjs/loader.js:769:14)
    at Module.require (internal/modules/cjs/loader.js:952:19)
    at require (internal/modules/cjs/helpers.js:88:18)
    at Object.<anonymous> (C:\CREDITCLAN\web_hook\sequelize_api\util\middleware&route.js:4:22) }
{ time: [34m23-03-2022 16:29:48[39m level: [31merror[39m message: uncaughtException: Route.post() requires a callback function but got a [object Undefined]
Error: Route.post() requires a callback function but got a [object Undefined]
    at Route.<computed> [as post] (C:\CREDITCLAN\web_hook\sequelize_api\node_modules\express\lib\router\route.js:202:15)
    at Function.proto.<computed> [as post] (C:\CREDITCLAN\web_hook\sequelize_api\node_modules\express\lib\router\index.js:516:19)
    at Object.<anonymous> (C:\CREDITCLAN\web_hook\sequelize_api\routes\patient.route.js:9:8)
    at Module._compile (internal/modules/cjs/loader.js:1063:30)
    at Object.Module._extensions..js (internal/modules/cjs/loader.js:1092:10)
    at Module.load (internal/modules/cjs/loader.js:928:32)
    at Function.Module._load (internal/modules/cjs/loader.js:769:14)
    at Module.require (internal/modules/cjs/loader.js:952:19)
    at require (internal/modules/cjs/helpers.js:88:18)
    at Object.<anonymous> (C:\CREDITCLAN\web_hook\sequelize_api\util\middleware&route.js:4:22) stack: Error: Route.post() requires a callback function but got a [object Undefined]
    at Route.<computed> [as post] (C:\CREDITCLAN\web_hook\sequelize_api\node_modules\express\lib\router\route.js:202:15)
    at Function.proto.<computed> [as post] (C:\CREDITCLAN\web_hook\sequelize_api\node_modules\express\lib\router\index.js:516:19)
    at Object.<anonymous> (C:\CREDITCLAN\web_hook\sequelize_api\routes\patient.route.js:9:8)
    at Module._compile (internal/modules/cjs/loader.js:1063:30)
    at Object.Module._extensions..js (internal/modules/cjs/loader.js:1092:10)
    at Module.load (internal/modules/cjs/loader.js:928:32)
    at Function.Module._load (internal/modules/cjs/loader.js:769:14)
    at Module.require (internal/modules/cjs/loader.js:952:19)
    at require (internal/modules/cjs/helpers.js:88:18)
    at Object.<anonymous> (C:\CREDITCLAN\web_hook\sequelize_api\util\middleware&route.js:4:22) }
{ time: [34m23-03-2022 16:31:08[39m level: [31merror[39m message: uncaughtException: Cannot find module '../routes/file.route'
Require stack:
- C:\CREDITCLAN\web_hook\sequelize_api\util\middleware&route.js
- C:\CREDITCLAN\web_hook\sequelize_api\index.js
Error: Cannot find module '../routes/file.route'
Require stack:
- C:\CREDITCLAN\web_hook\sequelize_api\util\middleware&route.js
- C:\CREDITCLAN\web_hook\sequelize_api\index.js
    at Function.Module._resolveFilename (internal/modules/cjs/loader.js:880:15)
    at Function.Module._load (internal/modules/cjs/loader.js:725:27)
    at Module.require (internal/modules/cjs/loader.js:952:19)
    at require (internal/modules/cjs/helpers.js:88:18)
    at Object.<anonymous> (C:\CREDITCLAN\web_hook\sequelize_api\util\middleware&route.js:5:19)
    at Module._compile (internal/modules/cjs/loader.js:1063:30)
    at Object.Module._extensions..js (internal/modules/cjs/loader.js:1092:10)
    at Module.load (internal/modules/cjs/loader.js:928:32)
    at Function.Module._load (internal/modules/cjs/loader.js:769:14)
    at Module.require (internal/modules/cjs/loader.js:952:19) stack: Error: Cannot find module '../routes/file.route'
Require stack:
- C:\CREDITCLAN\web_hook\sequelize_api\util\middleware&route.js
- C:\CREDITCLAN\web_hook\sequelize_api\index.js
    at Function.Module._resolveFilename (internal/modules/cjs/loader.js:880:15)
    at Function.Module._load (internal/modules/cjs/loader.js:725:27)
    at Module.require (internal/modules/cjs/loader.js:952:19)
    at require (internal/modules/cjs/helpers.js:88:18)
    at Object.<anonymous> (C:\CREDITCLAN\web_hook\sequelize_api\util\middleware&route.js:5:19)
    at Module._compile (internal/modules/cjs/loader.js:1063:30)
    at Object.Module._extensions..js (internal/modules/cjs/loader.js:1092:10)
    at Module.load (internal/modules/cjs/loader.js:928:32)
    at Function.Module._load (internal/modules/cjs/loader.js:769:14)
    at Module.require (internal/modules/cjs/loader.js:952:19) }
{ time: [34m23-03-2022 16:33:35[39m level: [31merror[39m message: uncaughtException: Cannot find module '../routes/file.route'
Require stack:
- C:\CREDITCLAN\web_hook\sequelize_api\util\middleware&route.js
- C:\CREDITCLAN\web_hook\sequelize_api\index.js
Error: Cannot find module '../routes/file.route'
Require stack:
- C:\CREDITCLAN\web_hook\sequelize_api\util\middleware&route.js
- C:\CREDITCLAN\web_hook\sequelize_api\index.js
    at Function.Module._resolveFilename (internal/modules/cjs/loader.js:880:15)
    at Function.Module._load (internal/modules/cjs/loader.js:725:27)
    at Module.require (internal/modules/cjs/loader.js:952:19)
    at require (internal/modules/cjs/helpers.js:88:18)
    at Object.<anonymous> (C:\CREDITCLAN\web_hook\sequelize_api\util\middleware&route.js:5:19)
    at Module._compile (internal/modules/cjs/loader.js:1063:30)
    at Object.Module._extensions..js (internal/modules/cjs/loader.js:1092:10)
    at Module.load (internal/modules/cjs/loader.js:928:32)
    at Function.Module._load (internal/modules/cjs/loader.js:769:14)
    at Module.require (internal/modules/cjs/loader.js:952:19) stack: Error: Cannot find module '../routes/file.route'
Require stack:
- C:\CREDITCLAN\web_hook\sequelize_api\util\middleware&route.js
- C:\CREDITCLAN\web_hook\sequelize_api\index.js
    at Function.Module._resolveFilename (internal/modules/cjs/loader.js:880:15)
    at Function.Module._load (internal/modules/cjs/loader.js:725:27)
    at Module.require (internal/modules/cjs/loader.js:952:19)
    at require (internal/modules/cjs/helpers.js:88:18)
    at Object.<anonymous> (C:\CREDITCLAN\web_hook\sequelize_api\util\middleware&route.js:5:19)
    at Module._compile (internal/modules/cjs/loader.js:1063:30)
    at Object.Module._extensions..js (internal/modules/cjs/loader.js:1092:10)
    at Module.load (internal/modules/cjs/loader.js:928:32)
    at Function.Module._load (internal/modules/cjs/loader.js:769:14)
    at Module.require (internal/modules/cjs/loader.js:952:19) }
{ time: [34m23-03-2022 16:34:49[39m level: [31merror[39m message: uncaughtException: Cannot find module '../routes/file.route'
Require stack:
- C:\CREDITCLAN\web_hook\sequelize_api\util\middleware&route.js
- C:\CREDITCLAN\web_hook\sequelize_api\index.js
Error: Cannot find module '../routes/file.route'
Require stack:
- C:\CREDITCLAN\web_hook\sequelize_api\util\middleware&route.js
- C:\CREDITCLAN\web_hook\sequelize_api\index.js
    at Function.Module._resolveFilename (internal/modules/cjs/loader.js:880:15)
    at Function.Module._load (internal/modules/cjs/loader.js:725:27)
    at Module.require (internal/modules/cjs/loader.js:952:19)
    at require (internal/modules/cjs/helpers.js:88:18)
    at Object.<anonymous> (C:\CREDITCLAN\web_hook\sequelize_api\util\middleware&route.js:5:19)
    at Module._compile (internal/modules/cjs/loader.js:1063:30)
    at Object.Module._extensions..js (internal/modules/cjs/loader.js:1092:10)
    at Module.load (internal/modules/cjs/loader.js:928:32)
    at Function.Module._load (internal/modules/cjs/loader.js:769:14)
    at Module.require (internal/modules/cjs/loader.js:952:19) stack: Error: Cannot find module '../routes/file.route'
Require stack:
- C:\CREDITCLAN\web_hook\sequelize_api\util\middleware&route.js
- C:\CREDITCLAN\web_hook\sequelize_api\index.js
    at Function.Module._resolveFilename (internal/modules/cjs/loader.js:880:15)
    at Function.Module._load (internal/modules/cjs/loader.js:725:27)
    at Module.require (internal/modules/cjs/loader.js:952:19)
    at require (internal/modules/cjs/helpers.js:88:18)
    at Object.<anonymous> (C:\CREDITCLAN\web_hook\sequelize_api\util\middleware&route.js:5:19)
    at Module._compile (internal/modules/cjs/loader.js:1063:30)
    at Object.Module._extensions..js (internal/modules/cjs/loader.js:1092:10)
    at Module.load (internal/modules/cjs/loader.js:928:32)
    at Function.Module._load (internal/modules/cjs/loader.js:769:14)
    at Module.require (internal/modules/cjs/loader.js:952:19) }
{ time: [34m23-03-2022 16:35:44[39m level: [31merror[39m message: uncaughtException: Cannot find module '../routes/file.route'
Require stack:
- C:\CREDITCLAN\web_hook\sequelize_api\util\middleware&route.js
- C:\CREDITCLAN\web_hook\sequelize_api\index.js
Error: Cannot find module '../routes/file.route'
Require stack:
- C:\CREDITCLAN\web_hook\sequelize_api\util\middleware&route.js
- C:\CREDITCLAN\web_hook\sequelize_api\index.js
    at Function.Module._resolveFilename (internal/modules/cjs/loader.js:880:15)
    at Function.Module._load (internal/modules/cjs/loader.js:725:27)
    at Module.require (internal/modules/cjs/loader.js:952:19)
    at require (internal/modules/cjs/helpers.js:88:18)
    at Object.<anonymous> (C:\CREDITCLAN\web_hook\sequelize_api\util\middleware&route.js:5:19)
    at Module._compile (internal/modules/cjs/loader.js:1063:30)
    at Object.Module._extensions..js (internal/modules/cjs/loader.js:1092:10)
    at Module.load (internal/modules/cjs/loader.js:928:32)
    at Function.Module._load (internal/modules/cjs/loader.js:769:14)
    at Module.require (internal/modules/cjs/loader.js:952:19) stack: Error: Cannot find module '../routes/file.route'
Require stack:
- C:\CREDITCLAN\web_hook\sequelize_api\util\middleware&route.js
- C:\CREDITCLAN\web_hook\sequelize_api\index.js
    at Function.Module._resolveFilename (internal/modules/cjs/loader.js:880:15)
    at Function.Module._load (internal/modules/cjs/loader.js:725:27)
    at Module.require (internal/modules/cjs/loader.js:952:19)
    at require (internal/modules/cjs/helpers.js:88:18)
    at Object.<anonymous> (C:\CREDITCLAN\web_hook\sequelize_api\util\middleware&route.js:5:19)
    at Module._compile (internal/modules/cjs/loader.js:1063:30)
    at Object.Module._extensions..js (internal/modules/cjs/loader.js:1092:10)
    at Module.load (internal/modules/cjs/loader.js:928:32)
    at Function.Module._load (internal/modules/cjs/loader.js:769:14)
    at Module.require (internal/modules/cjs/loader.js:952:19) }
{ time: [34m23-03-2022 16:35:46[39m level: [31merror[39m message: uncaughtException: Cannot find module '../routes/file.route'
Require stack:
- C:\CREDITCLAN\web_hook\sequelize_api\util\middleware&route.js
- C:\CREDITCLAN\web_hook\sequelize_api\index.js
Error: Cannot find module '../routes/file.route'
Require stack:
- C:\CREDITCLAN\web_hook\sequelize_api\util\middleware&route.js
- C:\CREDITCLAN\web_hook\sequelize_api\index.js
    at Function.Module._resolveFilename (internal/modules/cjs/loader.js:880:15)
    at Function.Module._load (internal/modules/cjs/loader.js:725:27)
    at Module.require (internal/modules/cjs/loader.js:952:19)
    at require (internal/modules/cjs/helpers.js:88:18)
    at Object.<anonymous> (C:\CREDITCLAN\web_hook\sequelize_api\util\middleware&route.js:5:19)
    at Module._compile (internal/modules/cjs/loader.js:1063:30)
    at Object.Module._extensions..js (internal/modules/cjs/loader.js:1092:10)
    at Module.load (internal/modules/cjs/loader.js:928:32)
    at Function.Module._load (internal/modules/cjs/loader.js:769:14)
    at Module.require (internal/modules/cjs/loader.js:952:19) stack: Error: Cannot find module '../routes/file.route'
Require stack:
- C:\CREDITCLAN\web_hook\sequelize_api\util\middleware&route.js
- C:\CREDITCLAN\web_hook\sequelize_api\index.js
    at Function.Module._resolveFilename (internal/modules/cjs/loader.js:880:15)
    at Function.Module._load (internal/modules/cjs/loader.js:725:27)
    at Module.require (internal/modules/cjs/loader.js:952:19)
    at require (internal/modules/cjs/helpers.js:88:18)
    at Object.<anonymous> (C:\CREDITCLAN\web_hook\sequelize_api\util\middleware&route.js:5:19)
    at Module._compile (internal/modules/cjs/loader.js:1063:30)
    at Object.Module._extensions..js (internal/modules/cjs/loader.js:1092:10)
    at Module.load (internal/modules/cjs/loader.js:928:32)
    at Function.Module._load (internal/modules/cjs/loader.js:769:14)
    at Module.require (internal/modules/cjs/loader.js:952:19) }
{ time: [34m23-03-2022 16:36:11[39m level: [31merror[39m message: uncaughtException: Cannot find module '../routes/file.route'
Require stack:
- C:\CREDITCLAN\web_hook\sequelize_api\util\middleware&route.js
- C:\CREDITCLAN\web_hook\sequelize_api\index.js
Error: Cannot find module '../routes/file.route'
Require stack:
- C:\CREDITCLAN\web_hook\sequelize_api\util\middleware&route.js
- C:\CREDITCLAN\web_hook\sequelize_api\index.js
    at Function.Module._resolveFilename (internal/modules/cjs/loader.js:880:15)
    at Function.Module._load (internal/modules/cjs/loader.js:725:27)
    at Module.require (internal/modules/cjs/loader.js:952:19)
    at require (internal/modules/cjs/helpers.js:88:18)
    at Object.<anonymous> (C:\CREDITCLAN\web_hook\sequelize_api\util\middleware&route.js:5:19)
    at Module._compile (internal/modules/cjs/loader.js:1063:30)
    at Object.Module._extensions..js (internal/modules/cjs/loader.js:1092:10)
    at Module.load (internal/modules/cjs/loader.js:928:32)
    at Function.Module._load (internal/modules/cjs/loader.js:769:14)
    at Module.require (internal/modules/cjs/loader.js:952:19) stack: Error: Cannot find module '../routes/file.route'
Require stack:
- C:\CREDITCLAN\web_hook\sequelize_api\util\middleware&route.js
- C:\CREDITCLAN\web_hook\sequelize_api\index.js
    at Function.Module._resolveFilename (internal/modules/cjs/loader.js:880:15)
    at Function.Module._load (internal/modules/cjs/loader.js:725:27)
    at Module.require (internal/modules/cjs/loader.js:952:19)
    at require (internal/modules/cjs/helpers.js:88:18)
    at Object.<anonymous> (C:\CREDITCLAN\web_hook\sequelize_api\util\middleware&route.js:5:19)
    at Module._compile (internal/modules/cjs/loader.js:1063:30)
    at Object.Module._extensions..js (internal/modules/cjs/loader.js:1092:10)
    at Module.load (internal/modules/cjs/loader.js:928:32)
    at Function.Module._load (internal/modules/cjs/loader.js:769:14)
    at Module.require (internal/modules/cjs/loader.js:952:19) }
{ time: [34m23-03-2022 16:37:16[39m level: [31merror[39m message: uncaughtException: Cannot find module '../routes/file.route'
Require stack:
- C:\CREDITCLAN\web_hook\sequelize_api\util\middleware&route.js
- C:\CREDITCLAN\web_hook\sequelize_api\index.js
Error: Cannot find module '../routes/file.route'
Require stack:
- C:\CREDITCLAN\web_hook\sequelize_api\util\middleware&route.js
- C:\CREDITCLAN\web_hook\sequelize_api\index.js
    at Function.Module._resolveFilename (internal/modules/cjs/loader.js:880:15)
    at Function.Module._load (internal/modules/cjs/loader.js:725:27)
    at Module.require (internal/modules/cjs/loader.js:952:19)
    at require (internal/modules/cjs/helpers.js:88:18)
    at Object.<anonymous> (C:\CREDITCLAN\web_hook\sequelize_api\util\middleware&route.js:5:19)
    at Module._compile (internal/modules/cjs/loader.js:1063:30)
    at Object.Module._extensions..js (internal/modules/cjs/loader.js:1092:10)
    at Module.load (internal/modules/cjs/loader.js:928:32)
    at Function.Module._load (internal/modules/cjs/loader.js:769:14)
    at Module.require (internal/modules/cjs/loader.js:952:19) stack: Error: Cannot find module '../routes/file.route'
Require stack:
- C:\CREDITCLAN\web_hook\sequelize_api\util\middleware&route.js
- C:\CREDITCLAN\web_hook\sequelize_api\index.js
    at Function.Module._resolveFilename (internal/modules/cjs/loader.js:880:15)
    at Function.Module._load (internal/modules/cjs/loader.js:725:27)
    at Module.require (internal/modules/cjs/loader.js:952:19)
    at require (internal/modules/cjs/helpers.js:88:18)
    at Object.<anonymous> (C:\CREDITCLAN\web_hook\sequelize_api\util\middleware&route.js:5:19)
    at Module._compile (internal/modules/cjs/loader.js:1063:30)
    at Object.Module._extensions..js (internal/modules/cjs/loader.js:1092:10)
    at Module.load (internal/modules/cjs/loader.js:928:32)
    at Function.Module._load (internal/modules/cjs/loader.js:769:14)
    at Module.require (internal/modules/cjs/loader.js:952:19) }
{ time: [34m23-03-2022 16:38:21[39m level: [31merror[39m message: uncaughtException: Cannot find module '../routes/file.route'
Require stack:
- C:\CREDITCLAN\web_hook\sequelize_api\util\middleware&route.js
- C:\CREDITCLAN\web_hook\sequelize_api\index.js
Error: Cannot find module '../routes/file.route'
Require stack:
- C:\CREDITCLAN\web_hook\sequelize_api\util\middleware&route.js
- C:\CREDITCLAN\web_hook\sequelize_api\index.js
    at Function.Module._resolveFilename (internal/modules/cjs/loader.js:880:15)
    at Function.Module._load (internal/modules/cjs/loader.js:725:27)
    at Module.require (internal/modules/cjs/loader.js:952:19)
    at require (internal/modules/cjs/helpers.js:88:18)
    at Object.<anonymous> (C:\CREDITCLAN\web_hook\sequelize_api\util\middleware&route.js:5:19)
    at Module._compile (internal/modules/cjs/loader.js:1063:30)
    at Object.Module._extensions..js (internal/modules/cjs/loader.js:1092:10)
    at Module.load (internal/modules/cjs/loader.js:928:32)
    at Function.Module._load (internal/modules/cjs/loader.js:769:14)
    at Module.require (internal/modules/cjs/loader.js:952:19) stack: Error: Cannot find module '../routes/file.route'
Require stack:
- C:\CREDITCLAN\web_hook\sequelize_api\util\middleware&route.js
- C:\CREDITCLAN\web_hook\sequelize_api\index.js
    at Function.Module._resolveFilename (internal/modules/cjs/loader.js:880:15)
    at Function.Module._load (internal/modules/cjs/loader.js:725:27)
    at Module.require (internal/modules/cjs/loader.js:952:19)
    at require (internal/modules/cjs/helpers.js:88:18)
    at Object.<anonymous> (C:\CREDITCLAN\web_hook\sequelize_api\util\middleware&route.js:5:19)
    at Module._compile (internal/modules/cjs/loader.js:1063:30)
    at Object.Module._extensions..js (internal/modules/cjs/loader.js:1092:10)
    at Module.load (internal/modules/cjs/loader.js:928:32)
    at Function.Module._load (internal/modules/cjs/loader.js:769:14)
    at Module.require (internal/modules/cjs/loader.js:952:19) }
{ time: [34m23-03-2022 16:39:10[39m level: [31merror[39m message: uncaughtException: Cannot find module '../routes/file.route'
Require stack:
- C:\CREDITCLAN\web_hook\sequelize_api\util\middleware&route.js
- C:\CREDITCLAN\web_hook\sequelize_api\index.js
Error: Cannot find module '../routes/file.route'
Require stack:
- C:\CREDITCLAN\web_hook\sequelize_api\util\middleware&route.js
- C:\CREDITCLAN\web_hook\sequelize_api\index.js
    at Function.Module._resolveFilename (internal/modules/cjs/loader.js:880:15)
    at Function.Module._load (internal/modules/cjs/loader.js:725:27)
    at Module.require (internal/modules/cjs/loader.js:952:19)
    at require (internal/modules/cjs/helpers.js:88:18)
    at Object.<anonymous> (C:\CREDITCLAN\web_hook\sequelize_api\util\middleware&route.js:5:19)
    at Module._compile (internal/modules/cjs/loader.js:1063:30)
    at Object.Module._extensions..js (internal/modules/cjs/loader.js:1092:10)
    at Module.load (internal/modules/cjs/loader.js:928:32)
    at Function.Module._load (internal/modules/cjs/loader.js:769:14)
    at Module.require (internal/modules/cjs/loader.js:952:19) stack: Error: Cannot find module '../routes/file.route'
Require stack:
- C:\CREDITCLAN\web_hook\sequelize_api\util\middleware&route.js
- C:\CREDITCLAN\web_hook\sequelize_api\index.js
    at Function.Module._resolveFilename (internal/modules/cjs/loader.js:880:15)
    at Function.Module._load (internal/modules/cjs/loader.js:725:27)
    at Module.require (internal/modules/cjs/loader.js:952:19)
    at require (internal/modules/cjs/helpers.js:88:18)
    at Object.<anonymous> (C:\CREDITCLAN\web_hook\sequelize_api\util\middleware&route.js:5:19)
    at Module._compile (internal/modules/cjs/loader.js:1063:30)
    at Object.Module._extensions..js (internal/modules/cjs/loader.js:1092:10)
    at Module.load (internal/modules/cjs/loader.js:928:32)
    at Function.Module._load (internal/modules/cjs/loader.js:769:14)
    at Module.require (internal/modules/cjs/loader.js:952:19) }
{ time: [34m23-03-2022 16:40:25[39m level: [31merror[39m message: uncaughtException: Cannot find module '../routes/file.route'
Require stack:
- C:\CREDITCLAN\web_hook\sequelize_api\util\middleware&route.js
- C:\CREDITCLAN\web_hook\sequelize_api\index.js
Error: Cannot find module '../routes/file.route'
Require stack:
- C:\CREDITCLAN\web_hook\sequelize_api\util\middleware&route.js
- C:\CREDITCLAN\web_hook\sequelize_api\index.js
    at Function.Module._resolveFilename (internal/modules/cjs/loader.js:880:15)
    at Function.Module._load (internal/modules/cjs/loader.js:725:27)
    at Module.require (internal/modules/cjs/loader.js:952:19)
    at require (internal/modules/cjs/helpers.js:88:18)
    at Object.<anonymous> (C:\CREDITCLAN\web_hook\sequelize_api\util\middleware&route.js:5:19)
    at Module._compile (internal/modules/cjs/loader.js:1063:30)
    at Object.Module._extensions..js (internal/modules/cjs/loader.js:1092:10)
    at Module.load (internal/modules/cjs/loader.js:928:32)
    at Function.Module._load (internal/modules/cjs/loader.js:769:14)
    at Module.require (internal/modules/cjs/loader.js:952:19) stack: Error: Cannot find module '../routes/file.route'
Require stack:
- C:\CREDITCLAN\web_hook\sequelize_api\util\middleware&route.js
- C:\CREDITCLAN\web_hook\sequelize_api\index.js
    at Function.Module._resolveFilename (internal/modules/cjs/loader.js:880:15)
    at Function.Module._load (internal/modules/cjs/loader.js:725:27)
    at Module.require (internal/modules/cjs/loader.js:952:19)
    at require (internal/modules/cjs/helpers.js:88:18)
    at Object.<anonymous> (C:\CREDITCLAN\web_hook\sequelize_api\util\middleware&route.js:5:19)
    at Module._compile (internal/modules/cjs/loader.js:1063:30)
    at Object.Module._extensions..js (internal/modules/cjs/loader.js:1092:10)
    at Module.load (internal/modules/cjs/loader.js:928:32)
    at Function.Module._load (internal/modules/cjs/loader.js:769:14)
    at Module.require (internal/modules/cjs/loader.js:952:19) }
{ time: [34m23-03-2022 16:40:48[39m level: [31merror[39m message: uncaughtException: Cannot find module '../routes/file.route'
Require stack:
- C:\CREDITCLAN\web_hook\sequelize_api\util\middleware&route.js
- C:\CREDITCLAN\web_hook\sequelize_api\index.js
Error: Cannot find module '../routes/file.route'
Require stack:
- C:\CREDITCLAN\web_hook\sequelize_api\util\middleware&route.js
- C:\CREDITCLAN\web_hook\sequelize_api\index.js
    at Function.Module._resolveFilename (internal/modules/cjs/loader.js:880:15)
    at Function.Module._load (internal/modules/cjs/loader.js:725:27)
    at Module.require (internal/modules/cjs/loader.js:952:19)
    at require (internal/modules/cjs/helpers.js:88:18)
    at Object.<anonymous> (C:\CREDITCLAN\web_hook\sequelize_api\util\middleware&route.js:5:19)
    at Module._compile (internal/modules/cjs/loader.js:1063:30)
    at Object.Module._extensions..js (internal/modules/cjs/loader.js:1092:10)
    at Module.load (internal/modules/cjs/loader.js:928:32)
    at Function.Module._load (internal/modules/cjs/loader.js:769:14)
    at Module.require (internal/modules/cjs/loader.js:952:19) stack: Error: Cannot find module '../routes/file.route'
Require stack:
- C:\CREDITCLAN\web_hook\sequelize_api\util\middleware&route.js
- C:\CREDITCLAN\web_hook\sequelize_api\index.js
    at Function.Module._resolveFilename (internal/modules/cjs/loader.js:880:15)
    at Function.Module._load (internal/modules/cjs/loader.js:725:27)
    at Module.require (internal/modules/cjs/loader.js:952:19)
    at require (internal/modules/cjs/helpers.js:88:18)
    at Object.<anonymous> (C:\CREDITCLAN\web_hook\sequelize_api\util\middleware&route.js:5:19)
    at Module._compile (internal/modules/cjs/loader.js:1063:30)
    at Object.Module._extensions..js (internal/modules/cjs/loader.js:1092:10)
    at Module.load (internal/modules/cjs/loader.js:928:32)
    at Function.Module._load (internal/modules/cjs/loader.js:769:14)
    at Module.require (internal/modules/cjs/loader.js:952:19) }
{ time: [34m23-03-2022 16:47:19[39m level: [31merror[39m message: uncaughtException: Cannot find module '../routes/file.route'
Require stack:
- C:\CREDITCLAN\web_hook\sequelize_api\util\middleware&route.js
- C:\CREDITCLAN\web_hook\sequelize_api\index.js
Error: Cannot find module '../routes/file.route'
Require stack:
- C:\CREDITCLAN\web_hook\sequelize_api\util\middleware&route.js
- C:\CREDITCLAN\web_hook\sequelize_api\index.js
    at Function.Module._resolveFilename (internal/modules/cjs/loader.js:880:15)
    at Function.Module._load (internal/modules/cjs/loader.js:725:27)
    at Module.require (internal/modules/cjs/loader.js:952:19)
    at require (internal/modules/cjs/helpers.js:88:18)
    at Object.<anonymous> (C:\CREDITCLAN\web_hook\sequelize_api\util\middleware&route.js:5:19)
    at Module._compile (internal/modules/cjs/loader.js:1063:30)
    at Object.Module._extensions..js (internal/modules/cjs/loader.js:1092:10)
    at Module.load (internal/modules/cjs/loader.js:928:32)
    at Function.Module._load (internal/modules/cjs/loader.js:769:14)
    at Module.require (internal/modules/cjs/loader.js:952:19) stack: Error: Cannot find module '../routes/file.route'
Require stack:
- C:\CREDITCLAN\web_hook\sequelize_api\util\middleware&route.js
- C:\CREDITCLAN\web_hook\sequelize_api\index.js
    at Function.Module._resolveFilename (internal/modules/cjs/loader.js:880:15)
    at Function.Module._load (internal/modules/cjs/loader.js:725:27)
    at Module.require (internal/modules/cjs/loader.js:952:19)
    at require (internal/modules/cjs/helpers.js:88:18)
    at Object.<anonymous> (C:\CREDITCLAN\web_hook\sequelize_api\util\middleware&route.js:5:19)
    at Module._compile (internal/modules/cjs/loader.js:1063:30)
    at Object.Module._extensions..js (internal/modules/cjs/loader.js:1092:10)
    at Module.load (internal/modules/cjs/loader.js:928:32)
    at Function.Module._load (internal/modules/cjs/loader.js:769:14)
    at Module.require (internal/modules/cjs/loader.js:952:19) }
{ time: [34m23-03-2022 16:52:18[39m level: [31merror[39m message: uncaughtException: upload is not defined
ReferenceError: upload is not defined
    at Object.<anonymous> (C:\CREDITCLAN\web_hook\sequelize_api\routes\patient.route.js:10:22)
    at Module._compile (internal/modules/cjs/loader.js:1063:30)
    at Object.Module._extensions..js (internal/modules/cjs/loader.js:1092:10)
    at Module.load (internal/modules/cjs/loader.js:928:32)
    at Function.Module._load (internal/modules/cjs/loader.js:769:14)
    at Module.require (internal/modules/cjs/loader.js:952:19)
    at require (internal/modules/cjs/helpers.js:88:18)
    at Object.<anonymous> (C:\CREDITCLAN\web_hook\sequelize_api\util\middleware&route.js:4:22)
    at Module._compile (internal/modules/cjs/loader.js:1063:30)
    at Object.Module._extensions..js (internal/modules/cjs/loader.js:1092:10) stack: ReferenceError: upload is not defined
    at Object.<anonymous> (C:\CREDITCLAN\web_hook\sequelize_api\routes\patient.route.js:10:22)
    at Module._compile (internal/modules/cjs/loader.js:1063:30)
    at Object.Module._extensions..js (internal/modules/cjs/loader.js:1092:10)
    at Module.load (internal/modules/cjs/loader.js:928:32)
    at Function.Module._load (internal/modules/cjs/loader.js:769:14)
    at Module.require (internal/modules/cjs/loader.js:952:19)
    at require (internal/modules/cjs/helpers.js:88:18)
    at Object.<anonymous> (C:\CREDITCLAN\web_hook\sequelize_api\util\middleware&route.js:4:22)
    at Module._compile (internal/modules/cjs/loader.js:1063:30)
    at Object.Module._extensions..js (internal/modules/cjs/loader.js:1092:10) }
{ time: [34m23-03-2022 21:32:31[39m level: [31merror[39m message: uncaughtException: missing ) after argument list
C:\CREDITCLAN\web_hook\sequelize_api\controllers\patient.controller.js:112
  await cloudinary.uploader.destroy( user.image_id  });
                                          ^^^^^^^^

SyntaxError: missing ) after argument list
    at wrapSafe (internal/modules/cjs/loader.js:979:16)
    at Module._compile (internal/modules/cjs/loader.js:1027:27)
    at Object.Module._extensions..js (internal/modules/cjs/loader.js:1092:10)
    at Module.load (internal/modules/cjs/loader.js:928:32)
    at Function.Module._load (internal/modules/cjs/loader.js:769:14)
    at Module.require (internal/modules/cjs/loader.js:952:19)
    at require (internal/modules/cjs/helpers.js:88:18)
    at Object.<anonymous> (C:\CREDITCLAN\web_hook\sequelize_api\routes\patient.route.js:2:19)
    at Module._compile (internal/modules/cjs/loader.js:1063:30)
    at Object.Module._extensions..js (internal/modules/cjs/loader.js:1092:10) stack: C:\CREDITCLAN\web_hook\sequelize_api\controllers\patient.controller.js:112
  await cloudinary.uploader.destroy( user.image_id  });
                                          ^^^^^^^^

SyntaxError: missing ) after argument list
    at wrapSafe (internal/modules/cjs/loader.js:979:16)
    at Module._compile (internal/modules/cjs/loader.js:1027:27)
    at Object.Module._extensions..js (internal/modules/cjs/loader.js:1092:10)
    at Module.load (internal/modules/cjs/loader.js:928:32)
    at Function.Module._load (internal/modules/cjs/loader.js:769:14)
    at Module.require (internal/modules/cjs/loader.js:952:19)
    at require (internal/modules/cjs/helpers.js:88:18)
    at Object.<anonymous> (C:\CREDITCLAN\web_hook\sequelize_api\routes\patient.route.js:2:19)
    at Module._compile (internal/modules/cjs/loader.js:1063:30)
    at Object.Module._extensions..js (internal/modules/cjs/loader.js:1092:10) }
{ time: [34m23-03-2022 23:02:10[39m level: [31merror[39m message: uncaughtException: callback is not a function
TypeError: callback is not a function
    at C:\CREDITCLAN\web_hook\sequelize_api\node_modules\cloudinary\lib\utils\index.js:1245:12
    at IncomingMessage.<anonymous> (C:\CREDITCLAN\web_hook\sequelize_api\node_modules\cloudinary\lib\uploader.js:507:9)
    at IncomingMessage.emit (events.js:327:22)
    at endReadableNT (internal/streams/readable.js:1327:12)
    at processTicksAndRejections (internal/process/task_queues.js:80:21) stack: TypeError: callback is not a function
    at C:\CREDITCLAN\web_hook\sequelize_api\node_modules\cloudinary\lib\utils\index.js:1245:12
    at IncomingMessage.<anonymous> (C:\CREDITCLAN\web_hook\sequelize_api\node_modules\cloudinary\lib\uploader.js:507:9)
    at IncomingMessage.emit (events.js:327:22)
    at endReadableNT (internal/streams/readable.js:1327:12)
    at processTicksAndRejections (internal/process/task_queues.js:80:21) }
{ time: [34m23-03-2022 23:04:46[39m level: [31merror[39m message: uncaughtException: callback is not a function
TypeError: callback is not a function
    at C:\CREDITCLAN\web_hook\sequelize_api\node_modules\cloudinary\lib\utils\index.js:1245:12
    at IncomingMessage.<anonymous> (C:\CREDITCLAN\web_hook\sequelize_api\node_modules\cloudinary\lib\uploader.js:507:9)
    at IncomingMessage.emit (events.js:327:22)
    at endReadableNT (internal/streams/readable.js:1327:12)
    at processTicksAndRejections (internal/process/task_queues.js:80:21) stack: TypeError: callback is not a function
    at C:\CREDITCLAN\web_hook\sequelize_api\node_modules\cloudinary\lib\utils\index.js:1245:12
    at IncomingMessage.<anonymous> (C:\CREDITCLAN\web_hook\sequelize_api\node_modules\cloudinary\lib\uploader.js:507:9)
    at IncomingMessage.emit (events.js:327:22)
    at endReadableNT (internal/streams/readable.js:1327:12)
    at processTicksAndRejections (internal/process/task_queues.js:80:21) }
{ time: [34m23-03-2022 23:23:13[39m level: [31merror[39m message: uncaughtException: fileFilter is not defined
ReferenceError: fileFilter is not defined
    at Object.<anonymous> (C:\CREDITCLAN\web_hook\sequelize_api\util\multer.js:40:15)
    at Module._compile (internal/modules/cjs/loader.js:1063:30)
    at Object.Module._extensions..js (internal/modules/cjs/loader.js:1092:10)
    at Module.load (internal/modules/cjs/loader.js:928:32)
    at Function.Module._load (internal/modules/cjs/loader.js:769:14)
    at Module.require (internal/modules/cjs/loader.js:952:19)
    at require (internal/modules/cjs/helpers.js:88:18)
    at Object.<anonymous> (C:\CREDITCLAN\web_hook\sequelize_api\routes\patient.route.js:5:16)
    at Module._compile (internal/modules/cjs/loader.js:1063:30)
    at Object.Module._extensions..js (internal/modules/cjs/loader.js:1092:10) stack: ReferenceError: fileFilter is not defined
    at Object.<anonymous> (C:\CREDITCLAN\web_hook\sequelize_api\util\multer.js:40:15)
    at Module._compile (internal/modules/cjs/loader.js:1063:30)
    at Object.Module._extensions..js (internal/modules/cjs/loader.js:1092:10)
    at Module.load (internal/modules/cjs/loader.js:928:32)
    at Function.Module._load (internal/modules/cjs/loader.js:769:14)
    at Module.require (internal/modules/cjs/loader.js:952:19)
    at require (internal/modules/cjs/helpers.js:88:18)
    at Object.<anonymous> (C:\CREDITCLAN\web_hook\sequelize_api\routes\patient.route.js:5:16)
    at Module._compile (internal/modules/cjs/loader.js:1063:30)
    at Object.Module._extensions..js (internal/modules/cjs/loader.js:1092:10) }
{ time: [34m23-03-2022 23:26:00[39m level: [31merror[39m message: uncaughtException: fileFilter is not defined
ReferenceError: fileFilter is not defined
    at Object.<anonymous> (C:\CREDITCLAN\web_hook\sequelize_api\util\multer.js:41:15)
    at Module._compile (internal/modules/cjs/loader.js:1063:30)
    at Object.Module._extensions..js (internal/modules/cjs/loader.js:1092:10)
    at Module.load (internal/modules/cjs/loader.js:928:32)
    at Function.Module._load (internal/modules/cjs/loader.js:769:14)
    at Module.require (internal/modules/cjs/loader.js:952:19)
    at require (internal/modules/cjs/helpers.js:88:18)
    at Object.<anonymous> (C:\CREDITCLAN\web_hook\sequelize_api\routes\patient.route.js:5:16)
    at Module._compile (internal/modules/cjs/loader.js:1063:30)
    at Object.Module._extensions..js (internal/modules/cjs/loader.js:1092:10) stack: ReferenceError: fileFilter is not defined
    at Object.<anonymous> (C:\CREDITCLAN\web_hook\sequelize_api\util\multer.js:41:15)
    at Module._compile (internal/modules/cjs/loader.js:1063:30)
    at Object.Module._extensions..js (internal/modules/cjs/loader.js:1092:10)
    at Module.load (internal/modules/cjs/loader.js:928:32)
    at Function.Module._load (internal/modules/cjs/loader.js:769:14)
    at Module.require (internal/modules/cjs/loader.js:952:19)
    at require (internal/modules/cjs/helpers.js:88:18)
    at Object.<anonymous> (C:\CREDITCLAN\web_hook\sequelize_api\routes\patient.route.js:5:16)
    at Module._compile (internal/modules/cjs/loader.js:1063:30)
    at Object.Module._extensions..js (internal/modules/cjs/loader.js:1092:10) }
{ time: [34m23-03-2022 23:27:25[39m level: [31merror[39m message: uncaughtException: path is not defined
ReferenceError: path is not defined
    at fileFilter (C:\CREDITCLAN\web_hook\sequelize_api\util\multer.js:29:13)
    at wrappedFileFilter (C:\CREDITCLAN\web_hook\sequelize_api\node_modules\multer\index.js:44:7)
    at Busboy.<anonymous> (C:\CREDITCLAN\web_hook\sequelize_api\node_modules\multer\lib\make-middleware.js:115:7)
    at Busboy.emit (events.js:315:20)
    at Busboy.emit (C:\CREDITCLAN\web_hook\sequelize_api\node_modules\busboy\lib\main.js:38:33)
    at PartStream.<anonymous> (C:\CREDITCLAN\web_hook\sequelize_api\node_modules\busboy\lib\types\multipart.js:213:13)
    at PartStream.emit (events.js:315:20)
    at HeaderParser.<anonymous> (C:\CREDITCLAN\web_hook\sequelize_api\node_modules\dicer\lib\Dicer.js:51:16)
    at HeaderParser.emit (events.js:315:20)
    at HeaderParser._finish (C:\CREDITCLAN\web_hook\sequelize_api\node_modules\dicer\lib\HeaderParser.js:68:8) stack: ReferenceError: path is not defined
    at fileFilter (C:\CREDITCLAN\web_hook\sequelize_api\util\multer.js:29:13)
    at wrappedFileFilter (C:\CREDITCLAN\web_hook\sequelize_api\node_modules\multer\index.js:44:7)
    at Busboy.<anonymous> (C:\CREDITCLAN\web_hook\sequelize_api\node_modules\multer\lib\make-middleware.js:115:7)
    at Busboy.emit (events.js:315:20)
    at Busboy.emit (C:\CREDITCLAN\web_hook\sequelize_api\node_modules\busboy\lib\main.js:38:33)
    at PartStream.<anonymous> (C:\CREDITCLAN\web_hook\sequelize_api\node_modules\busboy\lib\types\multipart.js:213:13)
    at PartStream.emit (events.js:315:20)
    at HeaderParser.<anonymous> (C:\CREDITCLAN\web_hook\sequelize_api\node_modules\dicer\lib\Dicer.js:51:16)
    at HeaderParser.emit (events.js:315:20)
    at HeaderParser._finish (C:\CREDITCLAN\web_hook\sequelize_api\node_modules\dicer\lib\HeaderParser.js:68:8) }
{ time: [34m23-03-2022 23:45:57[39m level: [31merror[39m message: uncaughtException: callback is not a function
TypeError: callback is not a function
    at C:\CREDITCLAN\web_hook\sequelize_api\node_modules\cloudinary\lib\utils\index.js:1245:12
    at IncomingMessage.<anonymous> (C:\CREDITCLAN\web_hook\sequelize_api\node_modules\cloudinary\lib\uploader.js:507:9)
    at IncomingMessage.emit (events.js:327:22)
    at endReadableNT (internal/streams/readable.js:1327:12)
    at processTicksAndRejections (internal/process/task_queues.js:80:21) stack: TypeError: callback is not a function
    at C:\CREDITCLAN\web_hook\sequelize_api\node_modules\cloudinary\lib\utils\index.js:1245:12
    at IncomingMessage.<anonymous> (C:\CREDITCLAN\web_hook\sequelize_api\node_modules\cloudinary\lib\uploader.js:507:9)
    at IncomingMessage.emit (events.js:327:22)
    at endReadableNT (internal/streams/readable.js:1327:12)
    at processTicksAndRejections (internal/process/task_queues.js:80:21) }
{ time: [34m23-03-2022 23:48:32[39m level: [31merror[39m message: uncaughtException: upload.array is not a function
TypeError: upload.array is not a function
    at Object.<anonymous> (C:\CREDITCLAN\web_hook\sequelize_api\routes\patient.route.js:11:29)
    at Module._compile (internal/modules/cjs/loader.js:1063:30)
    at Object.Module._extensions..js (internal/modules/cjs/loader.js:1092:10)
    at Module.load (internal/modules/cjs/loader.js:928:32)
    at Function.Module._load (internal/modules/cjs/loader.js:769:14)
    at Module.require (internal/modules/cjs/loader.js:952:19)
    at require (internal/modules/cjs/helpers.js:88:18)
    at Object.<anonymous> (C:\CREDITCLAN\web_hook\sequelize_api\util\middleware&route.js:4:22)
    at Module._compile (internal/modules/cjs/loader.js:1063:30)
    at Object.Module._extensions..js (internal/modules/cjs/loader.js:1092:10) stack: TypeError: upload.array is not a function
    at Object.<anonymous> (C:\CREDITCLAN\web_hook\sequelize_api\routes\patient.route.js:11:29)
    at Module._compile (internal/modules/cjs/loader.js:1063:30)
    at Object.Module._extensions..js (internal/modules/cjs/loader.js:1092:10)
    at Module.load (internal/modules/cjs/loader.js:928:32)
    at Function.Module._load (internal/modules/cjs/loader.js:769:14)
    at Module.require (internal/modules/cjs/loader.js:952:19)
    at require (internal/modules/cjs/helpers.js:88:18)
    at Object.<anonymous> (C:\CREDITCLAN\web_hook\sequelize_api\util\middleware&route.js:4:22)
    at Module._compile (internal/modules/cjs/loader.js:1063:30)
    at Object.Module._extensions..js (internal/modules/cjs/loader.js:1092:10) }
{ time: [34m23-03-2022 23:49:32[39m level: [31merror[39m message: uncaughtException: callback is not a function
TypeError: callback is not a function
    at C:\CREDITCLAN\web_hook\sequelize_api\node_modules\cloudinary\lib\utils\index.js:1245:12
    at IncomingMessage.<anonymous> (C:\CREDITCLAN\web_hook\sequelize_api\node_modules\cloudinary\lib\uploader.js:507:9)
    at IncomingMessage.emit (events.js:327:22)
    at endReadableNT (internal/streams/readable.js:1327:12)
    at processTicksAndRejections (internal/process/task_queues.js:80:21) stack: TypeError: callback is not a function
    at C:\CREDITCLAN\web_hook\sequelize_api\node_modules\cloudinary\lib\utils\index.js:1245:12
    at IncomingMessage.<anonymous> (C:\CREDITCLAN\web_hook\sequelize_api\node_modules\cloudinary\lib\uploader.js:507:9)
    at IncomingMessage.emit (events.js:327:22)
    at endReadableNT (internal/streams/readable.js:1327:12)
    at processTicksAndRejections (internal/process/task_queues.js:80:21) }
{ time: [34m24-03-2022 08:50:40[39m level: [31merror[39m message: uncaughtException: upload.single is not a function
TypeError: upload.single is not a function
    at Object.<anonymous> (C:\CREDITCLAN\web_hook\sequelize_api\routes\patient.route.js:12:29)
    at Module._compile (internal/modules/cjs/loader.js:1063:30)
    at Object.Module._extensions..js (internal/modules/cjs/loader.js:1092:10)
    at Module.load (internal/modules/cjs/loader.js:928:32)
    at Function.Module._load (internal/modules/cjs/loader.js:769:14)
    at Module.require (internal/modules/cjs/loader.js:952:19)
    at require (internal/modules/cjs/helpers.js:88:18)
    at Object.<anonymous> (C:\CREDITCLAN\web_hook\sequelize_api\util\middleware&route.js:4:22)
    at Module._compile (internal/modules/cjs/loader.js:1063:30)
    at Object.Module._extensions..js (internal/modules/cjs/loader.js:1092:10) stack: TypeError: upload.single is not a function
    at Object.<anonymous> (C:\CREDITCLAN\web_hook\sequelize_api\routes\patient.route.js:12:29)
    at Module._compile (internal/modules/cjs/loader.js:1063:30)
    at Object.Module._extensions..js (internal/modules/cjs/loader.js:1092:10)
    at Module.load (internal/modules/cjs/loader.js:928:32)
    at Function.Module._load (internal/modules/cjs/loader.js:769:14)
    at Module.require (internal/modules/cjs/loader.js:952:19)
    at require (internal/modules/cjs/helpers.js:88:18)
    at Object.<anonymous> (C:\CREDITCLAN\web_hook\sequelize_api\util\middleware&route.js:4:22)
    at Module._compile (internal/modules/cjs/loader.js:1063:30)
    at Object.Module._extensions..js (internal/modules/cjs/loader.js:1092:10) }
{ time: [34m24-03-2022 08:53:45[39m level: [31merror[39m message: uncaughtException: upload.single is not a function
TypeError: upload.single is not a function
    at Object.<anonymous> (C:\CREDITCLAN\web_hook\sequelize_api\routes\patient.route.js:12:29)
    at Module._compile (internal/modules/cjs/loader.js:1063:30)
    at Object.Module._extensions..js (internal/modules/cjs/loader.js:1092:10)
    at Module.load (internal/modules/cjs/loader.js:928:32)
    at Function.Module._load (internal/modules/cjs/loader.js:769:14)
    at Module.require (internal/modules/cjs/loader.js:952:19)
    at require (internal/modules/cjs/helpers.js:88:18)
    at Object.<anonymous> (C:\CREDITCLAN\web_hook\sequelize_api\util\middleware&route.js:4:22)
    at Module._compile (internal/modules/cjs/loader.js:1063:30)
    at Object.Module._extensions..js (internal/modules/cjs/loader.js:1092:10) stack: TypeError: upload.single is not a function
    at Object.<anonymous> (C:\CREDITCLAN\web_hook\sequelize_api\routes\patient.route.js:12:29)
    at Module._compile (internal/modules/cjs/loader.js:1063:30)
    at Object.Module._extensions..js (internal/modules/cjs/loader.js:1092:10)
    at Module.load (internal/modules/cjs/loader.js:928:32)
    at Function.Module._load (internal/modules/cjs/loader.js:769:14)
    at Module.require (internal/modules/cjs/loader.js:952:19)
    at require (internal/modules/cjs/helpers.js:88:18)
    at Object.<anonymous> (C:\CREDITCLAN\web_hook\sequelize_api\util\middleware&route.js:4:22)
    at Module._compile (internal/modules/cjs/loader.js:1063:30)
    at Object.Module._extensions..js (internal/modules/cjs/loader.js:1092:10) }
{ time: [34m24-03-2022 09:00:20[39m level: [31merror[39m message: uncaughtException: upload.single is not a function
TypeError: upload.single is not a function
    at Object.<anonymous> (C:\CREDITCLAN\web_hook\sequelize_api\routes\patient.route.js:12:29)
    at Module._compile (internal/modules/cjs/loader.js:1063:30)
    at Object.Module._extensions..js (internal/modules/cjs/loader.js:1092:10)
    at Module.load (internal/modules/cjs/loader.js:928:32)
    at Function.Module._load (internal/modules/cjs/loader.js:769:14)
    at Module.require (internal/modules/cjs/loader.js:952:19)
    at require (internal/modules/cjs/helpers.js:88:18)
    at Object.<anonymous> (C:\CREDITCLAN\web_hook\sequelize_api\util\middleware&route.js:4:22)
    at Module._compile (internal/modules/cjs/loader.js:1063:30)
    at Object.Module._extensions..js (internal/modules/cjs/loader.js:1092:10) stack: TypeError: upload.single is not a function
    at Object.<anonymous> (C:\CREDITCLAN\web_hook\sequelize_api\routes\patient.route.js:12:29)
    at Module._compile (internal/modules/cjs/loader.js:1063:30)
    at Object.Module._extensions..js (internal/modules/cjs/loader.js:1092:10)
    at Module.load (internal/modules/cjs/loader.js:928:32)
    at Function.Module._load (internal/modules/cjs/loader.js:769:14)
    at Module.require (internal/modules/cjs/loader.js:952:19)
    at require (internal/modules/cjs/helpers.js:88:18)
    at Object.<anonymous> (C:\CREDITCLAN\web_hook\sequelize_api\util\middleware&route.js:4:22)
    at Module._compile (internal/modules/cjs/loader.js:1063:30)
    at Object.Module._extensions..js (internal/modules/cjs/loader.js:1092:10) }
{ time: [34m24-03-2022 09:00:56[39m level: [31merror[39m message: uncaughtException: upload.single is not a function
TypeError: upload.single is not a function
    at Object.<anonymous> (C:\CREDITCLAN\web_hook\sequelize_api\routes\patient.route.js:12:29)
    at Module._compile (internal/modules/cjs/loader.js:1063:30)
    at Object.Module._extensions..js (internal/modules/cjs/loader.js:1092:10)
    at Module.load (internal/modules/cjs/loader.js:928:32)
    at Function.Module._load (internal/modules/cjs/loader.js:769:14)
    at Module.require (internal/modules/cjs/loader.js:952:19)
    at require (internal/modules/cjs/helpers.js:88:18)
    at Object.<anonymous> (C:\CREDITCLAN\web_hook\sequelize_api\util\middleware&route.js:4:22)
    at Module._compile (internal/modules/cjs/loader.js:1063:30)
    at Object.Module._extensions..js (internal/modules/cjs/loader.js:1092:10) stack: TypeError: upload.single is not a function
    at Object.<anonymous> (C:\CREDITCLAN\web_hook\sequelize_api\routes\patient.route.js:12:29)
    at Module._compile (internal/modules/cjs/loader.js:1063:30)
    at Object.Module._extensions..js (internal/modules/cjs/loader.js:1092:10)
    at Module.load (internal/modules/cjs/loader.js:928:32)
    at Function.Module._load (internal/modules/cjs/loader.js:769:14)
    at Module.require (internal/modules/cjs/loader.js:952:19)
    at require (internal/modules/cjs/helpers.js:88:18)
    at Object.<anonymous> (C:\CREDITCLAN\web_hook\sequelize_api\util\middleware&route.js:4:22)
    at Module._compile (internal/modules/cjs/loader.js:1063:30)
    at Object.Module._extensions..js (internal/modules/cjs/loader.js:1092:10) }
{ time: [34m24-03-2022 09:12:59[39m level: [31merror[39m message: uncaughtException: upload.single is not a function
TypeError: upload.single is not a function
    at Object.<anonymous> (C:\CREDITCLAN\web_hook\sequelize_api\routes\patient.route.js:12:29)
    at Module._compile (internal/modules/cjs/loader.js:1063:30)
    at Object.Module._extensions..js (internal/modules/cjs/loader.js:1092:10)
    at Module.load (internal/modules/cjs/loader.js:928:32)
    at Function.Module._load (internal/modules/cjs/loader.js:769:14)
    at Module.require (internal/modules/cjs/loader.js:952:19)
    at require (internal/modules/cjs/helpers.js:88:18)
    at Object.<anonymous> (C:\CREDITCLAN\web_hook\sequelize_api\util\middleware&route.js:4:22)
    at Module._compile (internal/modules/cjs/loader.js:1063:30)
    at Object.Module._extensions..js (internal/modules/cjs/loader.js:1092:10) stack: TypeError: upload.single is not a function
    at Object.<anonymous> (C:\CREDITCLAN\web_hook\sequelize_api\routes\patient.route.js:12:29)
    at Module._compile (internal/modules/cjs/loader.js:1063:30)
    at Object.Module._extensions..js (internal/modules/cjs/loader.js:1092:10)
    at Module.load (internal/modules/cjs/loader.js:928:32)
    at Function.Module._load (internal/modules/cjs/loader.js:769:14)
    at Module.require (internal/modules/cjs/loader.js:952:19)
    at require (internal/modules/cjs/helpers.js:88:18)
    at Object.<anonymous> (C:\CREDITCLAN\web_hook\sequelize_api\util\middleware&route.js:4:22)
    at Module._compile (internal/modules/cjs/loader.js:1063:30)
    at Object.Module._extensions..js (internal/modules/cjs/loader.js:1092:10) }
{ time: [34m24-03-2022 09:13:52[39m level: [31merror[39m message: uncaughtException: upload.single is not a function
TypeError: upload.single is not a function
    at Object.<anonymous> (C:\CREDITCLAN\web_hook\sequelize_api\routes\patient.route.js:12:29)
    at Module._compile (internal/modules/cjs/loader.js:1063:30)
    at Object.Module._extensions..js (internal/modules/cjs/loader.js:1092:10)
    at Module.load (internal/modules/cjs/loader.js:928:32)
    at Function.Module._load (internal/modules/cjs/loader.js:769:14)
    at Module.require (internal/modules/cjs/loader.js:952:19)
    at require (internal/modules/cjs/helpers.js:88:18)
    at Object.<anonymous> (C:\CREDITCLAN\web_hook\sequelize_api\util\middleware&route.js:4:22)
    at Module._compile (internal/modules/cjs/loader.js:1063:30)
    at Object.Module._extensions..js (internal/modules/cjs/loader.js:1092:10) stack: TypeError: upload.single is not a function
    at Object.<anonymous> (C:\CREDITCLAN\web_hook\sequelize_api\routes\patient.route.js:12:29)
    at Module._compile (internal/modules/cjs/loader.js:1063:30)
    at Object.Module._extensions..js (internal/modules/cjs/loader.js:1092:10)
    at Module.load (internal/modules/cjs/loader.js:928:32)
    at Function.Module._load (internal/modules/cjs/loader.js:769:14)
    at Module.require (internal/modules/cjs/loader.js:952:19)
    at require (internal/modules/cjs/helpers.js:88:18)
    at Object.<anonymous> (C:\CREDITCLAN\web_hook\sequelize_api\util\middleware&route.js:4:22)
    at Module._compile (internal/modules/cjs/loader.js:1063:30)
    at Object.Module._extensions..js (internal/modules/cjs/loader.js:1092:10) }
{ time: [34m24-03-2022 09:56:49[39m level: [31merror[39m message: unhandledRejection: (no error message)
  No stack trace stack: undefined }
{ time: [34m24-03-2022 12:11:59[39m level: [31merror[39m message: uncaughtException: Route.post() requires a callback function but got a [object Undefined]
Error: Route.post() requires a callback function but got a [object Undefined]
    at Route.<computed> [as post] (C:\CREDITCLAN\web_hook\sequelize_api\node_modules\express\lib\router\route.js:202:15)
    at Function.proto.<computed> [as post] (C:\CREDITCLAN\web_hook\sequelize_api\node_modules\express\lib\router\index.js:516:19)
    at Object.<anonymous> (C:\CREDITCLAN\web_hook\sequelize_api\routes\patient.route.js:12:8)
    at Module._compile (internal/modules/cjs/loader.js:1063:30)
    at Object.Module._extensions..js (internal/modules/cjs/loader.js:1092:10)
    at Module.load (internal/modules/cjs/loader.js:928:32)
    at Function.Module._load (internal/modules/cjs/loader.js:769:14)
    at Module.require (internal/modules/cjs/loader.js:952:19)
    at require (internal/modules/cjs/helpers.js:88:18)
    at Object.<anonymous> (C:\CREDITCLAN\web_hook\sequelize_api\util\middleware&route.js:4:22) stack: Error: Route.post() requires a callback function but got a [object Undefined]
    at Route.<computed> [as post] (C:\CREDITCLAN\web_hook\sequelize_api\node_modules\express\lib\router\route.js:202:15)
    at Function.proto.<computed> [as post] (C:\CREDITCLAN\web_hook\sequelize_api\node_modules\express\lib\router\index.js:516:19)
    at Object.<anonymous> (C:\CREDITCLAN\web_hook\sequelize_api\routes\patient.route.js:12:8)
    at Module._compile (internal/modules/cjs/loader.js:1063:30)
    at Object.Module._extensions..js (internal/modules/cjs/loader.js:1092:10)
    at Module.load (internal/modules/cjs/loader.js:928:32)
    at Function.Module._load (internal/modules/cjs/loader.js:769:14)
    at Module.require (internal/modules/cjs/loader.js:952:19)
    at require (internal/modules/cjs/helpers.js:88:18)
    at Object.<anonymous> (C:\CREDITCLAN\web_hook\sequelize_api\util\middleware&route.js:4:22) }
{ time: [34m24-03-2022 12:27:50[39m level: [31merror[39m message: uncaughtException: Unexpected token '}'
C:\CREDITCLAN\web_hook\sequelize_api\util\cloudinary.js:60
  });
  ^

SyntaxError: Unexpected token '}'
    at wrapSafe (internal/modules/cjs/loader.js:979:16)
    at Module._compile (internal/modules/cjs/loader.js:1027:27)
    at Object.Module._extensions..js (internal/modules/cjs/loader.js:1092:10)
    at Module.load (internal/modules/cjs/loader.js:928:32)
    at Function.Module._load (internal/modules/cjs/loader.js:769:14)
    at Module.require (internal/modules/cjs/loader.js:952:19)
    at require (internal/modules/cjs/helpers.js:88:18)
    at Object.<anonymous> (C:\CREDITCLAN\web_hook\sequelize_api\controllers\patient.controller.js:97:20)
    at Module._compile (internal/modules/cjs/loader.js:1063:30)
    at Object.Module._extensions..js (internal/modules/cjs/loader.js:1092:10) stack: C:\CREDITCLAN\web_hook\sequelize_api\util\cloudinary.js:60
  });
  ^

SyntaxError: Unexpected token '}'
    at wrapSafe (internal/modules/cjs/loader.js:979:16)
    at Module._compile (internal/modules/cjs/loader.js:1027:27)
    at Object.Module._extensions..js (internal/modules/cjs/loader.js:1092:10)
    at Module.load (internal/modules/cjs/loader.js:928:32)
    at Function.Module._load (internal/modules/cjs/loader.js:769:14)
    at Module.require (internal/modules/cjs/loader.js:952:19)
    at require (internal/modules/cjs/helpers.js:88:18)
    at Object.<anonymous> (C:\CREDITCLAN\web_hook\sequelize_api\controllers\patient.controller.js:97:20)
    at Module._compile (internal/modules/cjs/loader.js:1063:30)
    at Object.Module._extensions..js (internal/modules/cjs/loader.js:1092:10) }
{ time: [34m24-03-2022 12:36:07[39m level: [31merror[39m message: uncaughtException: cloudinary is not defined
ReferenceError: cloudinary is not defined
    at Object.<anonymous> (C:\CREDITCLAN\web_hook\sequelize_api\util\cloudinary.js:35:1)
    at Module._compile (internal/modules/cjs/loader.js:1063:30)
    at Object.Module._extensions..js (internal/modules/cjs/loader.js:1092:10)
    at Module.load (internal/modules/cjs/loader.js:928:32)
    at Function.Module._load (internal/modules/cjs/loader.js:769:14)
    at Module.require (internal/modules/cjs/loader.js:952:19)
    at require (internal/modules/cjs/helpers.js:88:18)
    at Object.<anonymous> (C:\CREDITCLAN\web_hook\sequelize_api\controllers\patient.controller.js:97:20)
    at Module._compile (internal/modules/cjs/loader.js:1063:30)
    at Object.Module._extensions..js (internal/modules/cjs/loader.js:1092:10) stack: ReferenceError: cloudinary is not defined
    at Object.<anonymous> (C:\CREDITCLAN\web_hook\sequelize_api\util\cloudinary.js:35:1)
    at Module._compile (internal/modules/cjs/loader.js:1063:30)
    at Object.Module._extensions..js (internal/modules/cjs/loader.js:1092:10)
    at Module.load (internal/modules/cjs/loader.js:928:32)
    at Function.Module._load (internal/modules/cjs/loader.js:769:14)
    at Module.require (internal/modules/cjs/loader.js:952:19)
    at require (internal/modules/cjs/helpers.js:88:18)
    at Object.<anonymous> (C:\CREDITCLAN\web_hook\sequelize_api\controllers\patient.controller.js:97:20)
    at Module._compile (internal/modules/cjs/loader.js:1063:30)
    at Object.Module._extensions..js (internal/modules/cjs/loader.js:1092:10) }
{ time: [34m24-03-2022 12:36:14[39m level: [31merror[39m message: uncaughtException: cloudinary is not defined
ReferenceError: cloudinary is not defined
    at Object.<anonymous> (C:\CREDITCLAN\web_hook\sequelize_api\util\cloudinary.js:35:1)
    at Module._compile (internal/modules/cjs/loader.js:1063:30)
    at Object.Module._extensions..js (internal/modules/cjs/loader.js:1092:10)
    at Module.load (internal/modules/cjs/loader.js:928:32)
    at Function.Module._load (internal/modules/cjs/loader.js:769:14)
    at Module.require (internal/modules/cjs/loader.js:952:19)
    at require (internal/modules/cjs/helpers.js:88:18)
    at Object.<anonymous> (C:\CREDITCLAN\web_hook\sequelize_api\controllers\patient.controller.js:97:20)
    at Module._compile (internal/modules/cjs/loader.js:1063:30)
    at Object.Module._extensions..js (internal/modules/cjs/loader.js:1092:10) stack: ReferenceError: cloudinary is not defined
    at Object.<anonymous> (C:\CREDITCLAN\web_hook\sequelize_api\util\cloudinary.js:35:1)
    at Module._compile (internal/modules/cjs/loader.js:1063:30)
    at Object.Module._extensions..js (internal/modules/cjs/loader.js:1092:10)
    at Module.load (internal/modules/cjs/loader.js:928:32)
    at Function.Module._load (internal/modules/cjs/loader.js:769:14)
    at Module.require (internal/modules/cjs/loader.js:952:19)
    at require (internal/modules/cjs/helpers.js:88:18)
    at Object.<anonymous> (C:\CREDITCLAN\web_hook\sequelize_api\controllers\patient.controller.js:97:20)
    at Module._compile (internal/modules/cjs/loader.js:1063:30)
    at Object.Module._extensions..js (internal/modules/cjs/loader.js:1092:10) }
{ time: [34m24-03-2022 13:23:34[39m level: [31merror[39m message: uncaughtException: cloudinary is not defined
ReferenceError: cloudinary is not defined
    at Object.<anonymous> (C:\CREDITCLAN\web_hook\sequelize_api\util\cloudinary.js:35:1)
    at Module._compile (internal/modules/cjs/loader.js:1063:30)
    at Object.Module._extensions..js (internal/modules/cjs/loader.js:1092:10)
    at Module.load (internal/modules/cjs/loader.js:928:32)
    at Function.Module._load (internal/modules/cjs/loader.js:769:14)
    at Module.require (internal/modules/cjs/loader.js:952:19)
    at require (internal/modules/cjs/helpers.js:88:18)
    at Object.<anonymous> (C:\CREDITCLAN\web_hook\sequelize_api\controllers\patient.controller.js:97:20)
    at Module._compile (internal/modules/cjs/loader.js:1063:30)
    at Object.Module._extensions..js (internal/modules/cjs/loader.js:1092:10) stack: ReferenceError: cloudinary is not defined
    at Object.<anonymous> (C:\CREDITCLAN\web_hook\sequelize_api\util\cloudinary.js:35:1)
    at Module._compile (internal/modules/cjs/loader.js:1063:30)
    at Object.Module._extensions..js (internal/modules/cjs/loader.js:1092:10)
    at Module.load (internal/modules/cjs/loader.js:928:32)
    at Function.Module._load (internal/modules/cjs/loader.js:769:14)
    at Module.require (internal/modules/cjs/loader.js:952:19)
    at require (internal/modules/cjs/helpers.js:88:18)
    at Object.<anonymous> (C:\CREDITCLAN\web_hook\sequelize_api\controllers\patient.controller.js:97:20)
    at Module._compile (internal/modules/cjs/loader.js:1063:30)
    at Object.Module._extensions..js (internal/modules/cjs/loader.js:1092:10) }
{ time: [34m24-03-2022 13:24:34[39m level: [31merror[39m message: uncaughtException: cloudinary is not defined
ReferenceError: cloudinary is not defined
    at Object.<anonymous> (C:\CREDITCLAN\web_hook\sequelize_api\util\cloudinary.js:35:1)
    at Module._compile (internal/modules/cjs/loader.js:1063:30)
    at Object.Module._extensions..js (internal/modules/cjs/loader.js:1092:10)
    at Module.load (internal/modules/cjs/loader.js:928:32)
    at Function.Module._load (internal/modules/cjs/loader.js:769:14)
    at Module.require (internal/modules/cjs/loader.js:952:19)
    at require (internal/modules/cjs/helpers.js:88:18)
    at Object.<anonymous> (C:\CREDITCLAN\web_hook\sequelize_api\controllers\patient.controller.js:97:20)
    at Module._compile (internal/modules/cjs/loader.js:1063:30)
    at Object.Module._extensions..js (internal/modules/cjs/loader.js:1092:10) stack: ReferenceError: cloudinary is not defined
    at Object.<anonymous> (C:\CREDITCLAN\web_hook\sequelize_api\util\cloudinary.js:35:1)
    at Module._compile (internal/modules/cjs/loader.js:1063:30)
    at Object.Module._extensions..js (internal/modules/cjs/loader.js:1092:10)
    at Module.load (internal/modules/cjs/loader.js:928:32)
    at Function.Module._load (internal/modules/cjs/loader.js:769:14)
    at Module.require (internal/modules/cjs/loader.js:952:19)
    at require (internal/modules/cjs/helpers.js:88:18)
    at Object.<anonymous> (C:\CREDITCLAN\web_hook\sequelize_api\controllers\patient.controller.js:97:20)
    at Module._compile (internal/modules/cjs/loader.js:1063:30)
    at Object.Module._extensions..js (internal/modules/cjs/loader.js:1092:10) }
{ time: [34m24-03-2022 13:24:49[39m level: [31merror[39m message: uncaughtException: cloudinary is not defined
ReferenceError: cloudinary is not defined
    at Object.<anonymous> (C:\CREDITCLAN\web_hook\sequelize_api\util\cloudinary.js:35:1)
    at Module._compile (internal/modules/cjs/loader.js:1063:30)
    at Object.Module._extensions..js (internal/modules/cjs/loader.js:1092:10)
    at Module.load (internal/modules/cjs/loader.js:928:32)
    at Function.Module._load (internal/modules/cjs/loader.js:769:14)
    at Module.require (internal/modules/cjs/loader.js:952:19)
    at require (internal/modules/cjs/helpers.js:88:18)
    at Object.<anonymous> (C:\CREDITCLAN\web_hook\sequelize_api\controllers\patient.controller.js:97:20)
    at Module._compile (internal/modules/cjs/loader.js:1063:30)
    at Object.Module._extensions..js (internal/modules/cjs/loader.js:1092:10) stack: ReferenceError: cloudinary is not defined
    at Object.<anonymous> (C:\CREDITCLAN\web_hook\sequelize_api\util\cloudinary.js:35:1)
    at Module._compile (internal/modules/cjs/loader.js:1063:30)
    at Object.Module._extensions..js (internal/modules/cjs/loader.js:1092:10)
    at Module.load (internal/modules/cjs/loader.js:928:32)
    at Function.Module._load (internal/modules/cjs/loader.js:769:14)
    at Module.require (internal/modules/cjs/loader.js:952:19)
    at require (internal/modules/cjs/helpers.js:88:18)
    at Object.<anonymous> (C:\CREDITCLAN\web_hook\sequelize_api\controllers\patient.controller.js:97:20)
    at Module._compile (internal/modules/cjs/loader.js:1063:30)
    at Object.Module._extensions..js (internal/modules/cjs/loader.js:1092:10) }
{ time: [34m24-03-2022 13:24:54[39m level: [31merror[39m message: uncaughtException: cloudinary is not defined
ReferenceError: cloudinary is not defined
    at Object.<anonymous> (C:\CREDITCLAN\web_hook\sequelize_api\util\cloudinary.js:35:1)
    at Module._compile (internal/modules/cjs/loader.js:1063:30)
    at Object.Module._extensions..js (internal/modules/cjs/loader.js:1092:10)
    at Module.load (internal/modules/cjs/loader.js:928:32)
    at Function.Module._load (internal/modules/cjs/loader.js:769:14)
    at Module.require (internal/modules/cjs/loader.js:952:19)
    at require (internal/modules/cjs/helpers.js:88:18)
    at Object.<anonymous> (C:\CREDITCLAN\web_hook\sequelize_api\controllers\patient.controller.js:97:20)
    at Module._compile (internal/modules/cjs/loader.js:1063:30)
    at Object.Module._extensions..js (internal/modules/cjs/loader.js:1092:10) stack: ReferenceError: cloudinary is not defined
    at Object.<anonymous> (C:\CREDITCLAN\web_hook\sequelize_api\util\cloudinary.js:35:1)
    at Module._compile (internal/modules/cjs/loader.js:1063:30)
    at Object.Module._extensions..js (internal/modules/cjs/loader.js:1092:10)
    at Module.load (internal/modules/cjs/loader.js:928:32)
    at Function.Module._load (internal/modules/cjs/loader.js:769:14)
    at Module.require (internal/modules/cjs/loader.js:952:19)
    at require (internal/modules/cjs/helpers.js:88:18)
    at Object.<anonymous> (C:\CREDITCLAN\web_hook\sequelize_api\controllers\patient.controller.js:97:20)
    at Module._compile (internal/modules/cjs/loader.js:1063:30)
    at Object.Module._extensions..js (internal/modules/cjs/loader.js:1092:10) }
{ time: [34m24-03-2022 13:25:46[39m level: [31merror[39m message: uncaughtException: cloudinary is not defined
ReferenceError: cloudinary is not defined
    at Object.<anonymous> (C:\CREDITCLAN\web_hook\sequelize_api\util\cloudinary.js:35:1)
    at Module._compile (internal/modules/cjs/loader.js:1063:30)
    at Object.Module._extensions..js (internal/modules/cjs/loader.js:1092:10)
    at Module.load (internal/modules/cjs/loader.js:928:32)
    at Function.Module._load (internal/modules/cjs/loader.js:769:14)
    at Module.require (internal/modules/cjs/loader.js:952:19)
    at require (internal/modules/cjs/helpers.js:88:18)
    at Object.<anonymous> (C:\CREDITCLAN\web_hook\sequelize_api\controllers\patient.controller.js:97:20)
    at Module._compile (internal/modules/cjs/loader.js:1063:30)
    at Object.Module._extensions..js (internal/modules/cjs/loader.js:1092:10) stack: ReferenceError: cloudinary is not defined
    at Object.<anonymous> (C:\CREDITCLAN\web_hook\sequelize_api\util\cloudinary.js:35:1)
    at Module._compile (internal/modules/cjs/loader.js:1063:30)
    at Object.Module._extensions..js (internal/modules/cjs/loader.js:1092:10)
    at Module.load (internal/modules/cjs/loader.js:928:32)
    at Function.Module._load (internal/modules/cjs/loader.js:769:14)
    at Module.require (internal/modules/cjs/loader.js:952:19)
    at require (internal/modules/cjs/helpers.js:88:18)
    at Object.<anonymous> (C:\CREDITCLAN\web_hook\sequelize_api\controllers\patient.controller.js:97:20)
    at Module._compile (internal/modules/cjs/loader.js:1063:30)
    at Object.Module._extensions..js (internal/modules/cjs/loader.js:1092:10) }
{ time: [34m24-03-2022 13:25:56[39m level: [31merror[39m message: uncaughtException: cloudinary is not defined
ReferenceError: cloudinary is not defined
    at Object.<anonymous> (C:\CREDITCLAN\web_hook\sequelize_api\util\cloudinary.js:35:1)
    at Module._compile (internal/modules/cjs/loader.js:1063:30)
    at Object.Module._extensions..js (internal/modules/cjs/loader.js:1092:10)
    at Module.load (internal/modules/cjs/loader.js:928:32)
    at Function.Module._load (internal/modules/cjs/loader.js:769:14)
    at Module.require (internal/modules/cjs/loader.js:952:19)
    at require (internal/modules/cjs/helpers.js:88:18)
    at Object.<anonymous> (C:\CREDITCLAN\web_hook\sequelize_api\controllers\patient.controller.js:97:20)
    at Module._compile (internal/modules/cjs/loader.js:1063:30)
    at Object.Module._extensions..js (internal/modules/cjs/loader.js:1092:10) stack: ReferenceError: cloudinary is not defined
    at Object.<anonymous> (C:\CREDITCLAN\web_hook\sequelize_api\util\cloudinary.js:35:1)
    at Module._compile (internal/modules/cjs/loader.js:1063:30)
    at Object.Module._extensions..js (internal/modules/cjs/loader.js:1092:10)
    at Module.load (internal/modules/cjs/loader.js:928:32)
    at Function.Module._load (internal/modules/cjs/loader.js:769:14)
    at Module.require (internal/modules/cjs/loader.js:952:19)
    at require (internal/modules/cjs/helpers.js:88:18)
    at Object.<anonymous> (C:\CREDITCLAN\web_hook\sequelize_api\controllers\patient.controller.js:97:20)
    at Module._compile (internal/modules/cjs/loader.js:1063:30)
    at Object.Module._extensions..js (internal/modules/cjs/loader.js:1092:10) }
{ time: [34m24-03-2022 14:10:59[39m level: [31merror[39m message: uncaughtException: cloudinary is not defined
ReferenceError: cloudinary is not defined
    at Object.<anonymous> (C:\CREDITCLAN\web_hook\sequelize_api\util\cloudinary.js:35:1)
    at Module._compile (internal/modules/cjs/loader.js:1063:30)
    at Object.Module._extensions..js (internal/modules/cjs/loader.js:1092:10)
    at Module.load (internal/modules/cjs/loader.js:928:32)
    at Function.Module._load (internal/modules/cjs/loader.js:769:14)
    at Module.require (internal/modules/cjs/loader.js:952:19)
    at require (internal/modules/cjs/helpers.js:88:18)
    at Object.<anonymous> (C:\CREDITCLAN\web_hook\sequelize_api\controllers\patient.controller.js:145:20)
    at Module._compile (internal/modules/cjs/loader.js:1063:30)
    at Object.Module._extensions..js (internal/modules/cjs/loader.js:1092:10) stack: ReferenceError: cloudinary is not defined
    at Object.<anonymous> (C:\CREDITCLAN\web_hook\sequelize_api\util\cloudinary.js:35:1)
    at Module._compile (internal/modules/cjs/loader.js:1063:30)
    at Object.Module._extensions..js (internal/modules/cjs/loader.js:1092:10)
    at Module.load (internal/modules/cjs/loader.js:928:32)
    at Function.Module._load (internal/modules/cjs/loader.js:769:14)
    at Module.require (internal/modules/cjs/loader.js:952:19)
    at require (internal/modules/cjs/helpers.js:88:18)
    at Object.<anonymous> (C:\CREDITCLAN\web_hook\sequelize_api\controllers\patient.controller.js:145:20)
    at Module._compile (internal/modules/cjs/loader.js:1063:30)
    at Object.Module._extensions..js (internal/modules/cjs/loader.js:1092:10) }
{ time: [34m24-03-2022 14:38:26[39m level: [31merror[39m message: uncaughtException: s is not defined
ReferenceError: s is not defined
    at Object.<anonymous> (C:\CREDITCLAN\web_hook\sequelize_api\util\cloudinary.js:3:1)
    at Module._compile (internal/modules/cjs/loader.js:1063:30)
    at Object.Module._extensions..js (internal/modules/cjs/loader.js:1092:10)
    at Module.load (internal/modules/cjs/loader.js:928:32)
    at Function.Module._load (internal/modules/cjs/loader.js:769:14)
    at Module.require (internal/modules/cjs/loader.js:952:19)
    at require (internal/modules/cjs/helpers.js:88:18)
    at Object.<anonymous> (C:\CREDITCLAN\web_hook\sequelize_api\controllers\patient.controller.js:145:20)
    at Module._compile (internal/modules/cjs/loader.js:1063:30)
    at Object.Module._extensions..js (internal/modules/cjs/loader.js:1092:10) stack: ReferenceError: s is not defined
    at Object.<anonymous> (C:\CREDITCLAN\web_hook\sequelize_api\util\cloudinary.js:3:1)
    at Module._compile (internal/modules/cjs/loader.js:1063:30)
    at Object.Module._extensions..js (internal/modules/cjs/loader.js:1092:10)
    at Module.load (internal/modules/cjs/loader.js:928:32)
    at Function.Module._load (internal/modules/cjs/loader.js:769:14)
    at Module.require (internal/modules/cjs/loader.js:952:19)
    at require (internal/modules/cjs/helpers.js:88:18)
    at Object.<anonymous> (C:\CREDITCLAN\web_hook\sequelize_api\controllers\patient.controller.js:145:20)
    at Module._compile (internal/modules/cjs/loader.js:1063:30)
    at Object.Module._extensions..js (internal/modules/cjs/loader.js:1092:10) }
{ time: [34m24-03-2022 14:47:07[39m level: [31merror[39m message: unhandledRejection: Invalid image file
  No stack trace stack: undefined }
{ time: [34m24-03-2022 15:56:27[39m level: [31merror[39m message: uncaughtException: public_id is not defined
ReferenceError: public_id is not defined
    at C:\CREDITCLAN\web_hook\sequelize_api\controllers\patient.controller.js:208:60
    at C:\CREDITCLAN\web_hook\sequelize_api\node_modules\cloudinary\lib\utils\index.js:1245:12
    at IncomingMessage.<anonymous> (C:\CREDITCLAN\web_hook\sequelize_api\node_modules\cloudinary\lib\uploader.js:507:9)
    at IncomingMessage.emit (events.js:327:22)
    at endReadableNT (internal/streams/readable.js:1327:12)
    at processTicksAndRejections (internal/process/task_queues.js:80:21) stack: ReferenceError: public_id is not defined
    at C:\CREDITCLAN\web_hook\sequelize_api\controllers\patient.controller.js:208:60
    at C:\CREDITCLAN\web_hook\sequelize_api\node_modules\cloudinary\lib\utils\index.js:1245:12
    at IncomingMessage.<anonymous> (C:\CREDITCLAN\web_hook\sequelize_api\node_modules\cloudinary\lib\uploader.js:507:9)
    at IncomingMessage.emit (events.js:327:22)
    at endReadableNT (internal/streams/readable.js:1327:12)
    at processTicksAndRejections (internal/process/task_queues.js:80:21) }
{ time: [34m24-03-2022 18:14:32[39m level: [31merror[39m message: uncaughtException: Route.post() requires a callback function but got a [object Undefined]
Error: Route.post() requires a callback function but got a [object Undefined]
    at Route.<computed> [as post] (C:\CREDITCLAN\web_hook\sequelize_api\node_modules\express\lib\router\route.js:202:15)
    at Function.proto.<computed> [as post] (C:\CREDITCLAN\web_hook\sequelize_api\node_modules\express\lib\router\index.js:516:19)
    at Object.<anonymous> (C:\CREDITCLAN\web_hook\sequelize_api\routes\patient.route.js:12:8)
    at Module._compile (internal/modules/cjs/loader.js:1063:30)
    at Object.Module._extensions..js (internal/modules/cjs/loader.js:1092:10)
    at Module.load (internal/modules/cjs/loader.js:928:32)
    at Function.Module._load (internal/modules/cjs/loader.js:769:14)
    at Module.require (internal/modules/cjs/loader.js:952:19)
    at require (internal/modules/cjs/helpers.js:88:18)
    at Object.<anonymous> (C:\CREDITCLAN\web_hook\sequelize_api\util\middleware&route.js:4:22) stack: Error: Route.post() requires a callback function but got a [object Undefined]
    at Route.<computed> [as post] (C:\CREDITCLAN\web_hook\sequelize_api\node_modules\express\lib\router\route.js:202:15)
    at Function.proto.<computed> [as post] (C:\CREDITCLAN\web_hook\sequelize_api\node_modules\express\lib\router\index.js:516:19)
    at Object.<anonymous> (C:\CREDITCLAN\web_hook\sequelize_api\routes\patient.route.js:12:8)
    at Module._compile (internal/modules/cjs/loader.js:1063:30)
    at Object.Module._extensions..js (internal/modules/cjs/loader.js:1092:10)
    at Module.load (internal/modules/cjs/loader.js:928:32)
    at Function.Module._load (internal/modules/cjs/loader.js:769:14)
    at Module.require (internal/modules/cjs/loader.js:952:19)
    at require (internal/modules/cjs/helpers.js:88:18)
    at Object.<anonymous> (C:\CREDITCLAN\web_hook\sequelize_api\util\middleware&route.js:4:22) }
{ time: [34m24-03-2022 18:16:34[39m level: [31merror[39m message: uncaughtException: Route.post() requires a callback function but got a [object Undefined]
Error: Route.post() requires a callback function but got a [object Undefined]
    at Route.<computed> [as post] (C:\CREDITCLAN\web_hook\sequelize_api\node_modules\express\lib\router\route.js:202:15)
    at Function.proto.<computed> [as post] (C:\CREDITCLAN\web_hook\sequelize_api\node_modules\express\lib\router\index.js:516:19)
    at Object.<anonymous> (C:\CREDITCLAN\web_hook\sequelize_api\routes\patient.route.js:12:8)
    at Module._compile (internal/modules/cjs/loader.js:1063:30)
    at Object.Module._extensions..js (internal/modules/cjs/loader.js:1092:10)
    at Module.load (internal/modules/cjs/loader.js:928:32)
    at Function.Module._load (internal/modules/cjs/loader.js:769:14)
    at Module.require (internal/modules/cjs/loader.js:952:19)
    at require (internal/modules/cjs/helpers.js:88:18)
    at Object.<anonymous> (C:\CREDITCLAN\web_hook\sequelize_api\util\middleware&route.js:4:22) stack: Error: Route.post() requires a callback function but got a [object Undefined]
    at Route.<computed> [as post] (C:\CREDITCLAN\web_hook\sequelize_api\node_modules\express\lib\router\route.js:202:15)
    at Function.proto.<computed> [as post] (C:\CREDITCLAN\web_hook\sequelize_api\node_modules\express\lib\router\index.js:516:19)
    at Object.<anonymous> (C:\CREDITCLAN\web_hook\sequelize_api\routes\patient.route.js:12:8)
    at Module._compile (internal/modules/cjs/loader.js:1063:30)
    at Object.Module._extensions..js (internal/modules/cjs/loader.js:1092:10)
    at Module.load (internal/modules/cjs/loader.js:928:32)
    at Function.Module._load (internal/modules/cjs/loader.js:769:14)
    at Module.require (internal/modules/cjs/loader.js:952:19)
    at require (internal/modules/cjs/helpers.js:88:18)
    at Object.<anonymous> (C:\CREDITCLAN\web_hook\sequelize_api\util\middleware&route.js:4:22) }
{ time: [34m24-03-2022 18:39:15[39m level: [31merror[39m message: unhandledRejection: public_id (VideoUploads/) is invalid
  No stack trace stack: undefined }
{ time: [34m25-03-2022 14:49:18[39m level: [31merror[39m message: uncaughtException: Cannot find module 'timers/promises'
Require stack:
- C:\CREDITCLAN\web_hook\sequelize_api\controllers\patient.controller.js
- C:\CREDITCLAN\web_hook\sequelize_api\routes\patient.route.js
- C:\CREDITCLAN\web_hook\sequelize_api\util\middleware&route.js
- C:\CREDITCLAN\web_hook\sequelize_api\index.js
Error: Cannot find module 'timers/promises'
Require stack:
- C:\CREDITCLAN\web_hook\sequelize_api\controllers\patient.controller.js
- C:\CREDITCLAN\web_hook\sequelize_api\routes\patient.route.js
- C:\CREDITCLAN\web_hook\sequelize_api\util\middleware&route.js
- C:\CREDITCLAN\web_hook\sequelize_api\index.js
    at Function.Module._resolveFilename (internal/modules/cjs/loader.js:880:15)
    at Function.Module._load (internal/modules/cjs/loader.js:725:27)
    at Module.require (internal/modules/cjs/loader.js:952:19)
    at require (internal/modules/cjs/helpers.js:88:18)
    at Object.<anonymous> (C:\CREDITCLAN\web_hook\sequelize_api\controllers\patient.controller.js:290:47)
    at Module._compile (internal/modules/cjs/loader.js:1063:30)
    at Object.Module._extensions..js (internal/modules/cjs/loader.js:1092:10)
    at Module.load (internal/modules/cjs/loader.js:928:32)
    at Function.Module._load (internal/modules/cjs/loader.js:769:14)
    at Module.require (internal/modules/cjs/loader.js:952:19) stack: Error: Cannot find module 'timers/promises'
Require stack:
- C:\CREDITCLAN\web_hook\sequelize_api\controllers\patient.controller.js
- C:\CREDITCLAN\web_hook\sequelize_api\routes\patient.route.js
- C:\CREDITCLAN\web_hook\sequelize_api\util\middleware&route.js
- C:\CREDITCLAN\web_hook\sequelize_api\index.js
    at Function.Module._resolveFilename (internal/modules/cjs/loader.js:880:15)
    at Function.Module._load (internal/modules/cjs/loader.js:725:27)
    at Module.require (internal/modules/cjs/loader.js:952:19)
    at require (internal/modules/cjs/helpers.js:88:18)
    at Object.<anonymous> (C:\CREDITCLAN\web_hook\sequelize_api\controllers\patient.controller.js:290:47)
    at Module._compile (internal/modules/cjs/loader.js:1063:30)
    at Object.Module._extensions..js (internal/modules/cjs/loader.js:1092:10)
    at Module.load (internal/modules/cjs/loader.js:928:32)
    at Function.Module._load (internal/modules/cjs/loader.js:769:14)
    at Module.require (internal/modules/cjs/loader.js:952:19) }
{ time: [34m25-03-2022 14:50:44[39m level: [31merror[39m message: uncaughtException: Cannot find module 'timers/promises'
Require stack:
- C:\CREDITCLAN\web_hook\sequelize_api\controllers\patient.controller.js
- C:\CREDITCLAN\web_hook\sequelize_api\routes\patient.route.js
- C:\CREDITCLAN\web_hook\sequelize_api\util\middleware&route.js
- C:\CREDITCLAN\web_hook\sequelize_api\index.js
Error: Cannot find module 'timers/promises'
Require stack:
- C:\CREDITCLAN\web_hook\sequelize_api\controllers\patient.controller.js
- C:\CREDITCLAN\web_hook\sequelize_api\routes\patient.route.js
- C:\CREDITCLAN\web_hook\sequelize_api\util\middleware&route.js
- C:\CREDITCLAN\web_hook\sequelize_api\index.js
    at Function.Module._resolveFilename (internal/modules/cjs/loader.js:880:15)
    at Function.Module._load (internal/modules/cjs/loader.js:725:27)
    at Module.require (internal/modules/cjs/loader.js:952:19)
    at require (internal/modules/cjs/helpers.js:88:18)
    at Object.<anonymous> (C:\CREDITCLAN\web_hook\sequelize_api\controllers\patient.controller.js:290:47)
    at Module._compile (internal/modules/cjs/loader.js:1063:30)
    at Object.Module._extensions..js (internal/modules/cjs/loader.js:1092:10)
    at Module.load (internal/modules/cjs/loader.js:928:32)
    at Function.Module._load (internal/modules/cjs/loader.js:769:14)
    at Module.require (internal/modules/cjs/loader.js:952:19) stack: Error: Cannot find module 'timers/promises'
Require stack:
- C:\CREDITCLAN\web_hook\sequelize_api\controllers\patient.controller.js
- C:\CREDITCLAN\web_hook\sequelize_api\routes\patient.route.js
- C:\CREDITCLAN\web_hook\sequelize_api\util\middleware&route.js
- C:\CREDITCLAN\web_hook\sequelize_api\index.js
    at Function.Module._resolveFilename (internal/modules/cjs/loader.js:880:15)
    at Function.Module._load (internal/modules/cjs/loader.js:725:27)
    at Module.require (internal/modules/cjs/loader.js:952:19)
    at require (internal/modules/cjs/helpers.js:88:18)
    at Object.<anonymous> (C:\CREDITCLAN\web_hook\sequelize_api\controllers\patient.controller.js:290:47)
    at Module._compile (internal/modules/cjs/loader.js:1063:30)
    at Object.Module._extensions..js (internal/modules/cjs/loader.js:1092:10)
    at Module.load (internal/modules/cjs/loader.js:928:32)
    at Function.Module._load (internal/modules/cjs/loader.js:769:14)
    at Module.require (internal/modules/cjs/loader.js:952:19) }
{ time: [34m25-03-2022 14:51:21[39m level: [31merror[39m message: uncaughtException: Cannot find module 'timers/promises'
Require stack:
- C:\CREDITCLAN\web_hook\sequelize_api\controllers\patient.controller.js
- C:\CREDITCLAN\web_hook\sequelize_api\routes\patient.route.js
- C:\CREDITCLAN\web_hook\sequelize_api\util\middleware&route.js
- C:\CREDITCLAN\web_hook\sequelize_api\index.js
Error: Cannot find module 'timers/promises'
Require stack:
- C:\CREDITCLAN\web_hook\sequelize_api\controllers\patient.controller.js
- C:\CREDITCLAN\web_hook\sequelize_api\routes\patient.route.js
- C:\CREDITCLAN\web_hook\sequelize_api\util\middleware&route.js
- C:\CREDITCLAN\web_hook\sequelize_api\index.js
    at Function.Module._resolveFilename (internal/modules/cjs/loader.js:880:15)
    at Function.Module._load (internal/modules/cjs/loader.js:725:27)
    at Module.require (internal/modules/cjs/loader.js:952:19)
    at require (internal/modules/cjs/helpers.js:88:18)
    at Object.<anonymous> (C:\CREDITCLAN\web_hook\sequelize_api\controllers\patient.controller.js:290:47)
    at Module._compile (internal/modules/cjs/loader.js:1063:30)
    at Object.Module._extensions..js (internal/modules/cjs/loader.js:1092:10)
    at Module.load (internal/modules/cjs/loader.js:928:32)
    at Function.Module._load (internal/modules/cjs/loader.js:769:14)
    at Module.require (internal/modules/cjs/loader.js:952:19) stack: Error: Cannot find module 'timers/promises'
Require stack:
- C:\CREDITCLAN\web_hook\sequelize_api\controllers\patient.controller.js
- C:\CREDITCLAN\web_hook\sequelize_api\routes\patient.route.js
- C:\CREDITCLAN\web_hook\sequelize_api\util\middleware&route.js
- C:\CREDITCLAN\web_hook\sequelize_api\index.js
    at Function.Module._resolveFilename (internal/modules/cjs/loader.js:880:15)
    at Function.Module._load (internal/modules/cjs/loader.js:725:27)
    at Module.require (internal/modules/cjs/loader.js:952:19)
    at require (internal/modules/cjs/helpers.js:88:18)
    at Object.<anonymous> (C:\CREDITCLAN\web_hook\sequelize_api\controllers\patient.controller.js:290:47)
    at Module._compile (internal/modules/cjs/loader.js:1063:30)
    at Object.Module._extensions..js (internal/modules/cjs/loader.js:1092:10)
    at Module.load (internal/modules/cjs/loader.js:928:32)
    at Function.Module._load (internal/modules/cjs/loader.js:769:14)
    at Module.require (internal/modules/cjs/loader.js:952:19) }
{ time: [34m25-03-2022 14:54:43[39m level: [31merror[39m message: uncaughtException: Cannot find module 'timers/promises'
Require stack:
- C:\CREDITCLAN\web_hook\sequelize_api\controllers\patient.controller.js
- C:\CREDITCLAN\web_hook\sequelize_api\routes\patient.route.js
- C:\CREDITCLAN\web_hook\sequelize_api\util\middleware&route.js
- C:\CREDITCLAN\web_hook\sequelize_api\index.js
Error: Cannot find module 'timers/promises'
Require stack:
- C:\CREDITCLAN\web_hook\sequelize_api\controllers\patient.controller.js
- C:\CREDITCLAN\web_hook\sequelize_api\routes\patient.route.js
- C:\CREDITCLAN\web_hook\sequelize_api\util\middleware&route.js
- C:\CREDITCLAN\web_hook\sequelize_api\index.js
    at Function.Module._resolveFilename (internal/modules/cjs/loader.js:880:15)
    at Function.Module._load (internal/modules/cjs/loader.js:725:27)
    at Module.require (internal/modules/cjs/loader.js:952:19)
    at require (internal/modules/cjs/helpers.js:88:18)
    at Object.<anonymous> (C:\CREDITCLAN\web_hook\sequelize_api\controllers\patient.controller.js:290:43)
    at Module._compile (internal/modules/cjs/loader.js:1063:30)
    at Object.Module._extensions..js (internal/modules/cjs/loader.js:1092:10)
    at Module.load (internal/modules/cjs/loader.js:928:32)
    at Function.Module._load (internal/modules/cjs/loader.js:769:14)
    at Module.require (internal/modules/cjs/loader.js:952:19) stack: Error: Cannot find module 'timers/promises'
Require stack:
- C:\CREDITCLAN\web_hook\sequelize_api\controllers\patient.controller.js
- C:\CREDITCLAN\web_hook\sequelize_api\routes\patient.route.js
- C:\CREDITCLAN\web_hook\sequelize_api\util\middleware&route.js
- C:\CREDITCLAN\web_hook\sequelize_api\index.js
    at Function.Module._resolveFilename (internal/modules/cjs/loader.js:880:15)
    at Function.Module._load (internal/modules/cjs/loader.js:725:27)
    at Module.require (internal/modules/cjs/loader.js:952:19)
    at require (internal/modules/cjs/helpers.js:88:18)
    at Object.<anonymous> (C:\CREDITCLAN\web_hook\sequelize_api\controllers\patient.controller.js:290:43)
    at Module._compile (internal/modules/cjs/loader.js:1063:30)
    at Object.Module._extensions..js (internal/modules/cjs/loader.js:1092:10)
    at Module.load (internal/modules/cjs/loader.js:928:32)
    at Function.Module._load (internal/modules/cjs/loader.js:769:14)
    at Module.require (internal/modules/cjs/loader.js:952:19) }
{ time: [34m25-03-2022 14:55:50[39m level: [31merror[39m message: uncaughtException: Route.post() requires a callback function but got a [object Undefined]
Error: Route.post() requires a callback function but got a [object Undefined]
    at Route.<computed> [as post] (C:\CREDITCLAN\web_hook\sequelize_api\node_modules\express\lib\router\route.js:202:15)
    at Function.proto.<computed> [as post] (C:\CREDITCLAN\web_hook\sequelize_api\node_modules\express\lib\router\index.js:516:19)
    at Object.<anonymous> (C:\CREDITCLAN\web_hook\sequelize_api\routes\patient.route.js:9:8)
    at Module._compile (internal/modules/cjs/loader.js:1063:30)
    at Object.Module._extensions..js (internal/modules/cjs/loader.js:1092:10)
    at Module.load (internal/modules/cjs/loader.js:928:32)
    at Function.Module._load (internal/modules/cjs/loader.js:769:14)
    at Module.require (internal/modules/cjs/loader.js:952:19)
    at require (internal/modules/cjs/helpers.js:88:18)
    at Object.<anonymous> (C:\CREDITCLAN\web_hook\sequelize_api\util\middleware&route.js:4:22) stack: Error: Route.post() requires a callback function but got a [object Undefined]
    at Route.<computed> [as post] (C:\CREDITCLAN\web_hook\sequelize_api\node_modules\express\lib\router\route.js:202:15)
    at Function.proto.<computed> [as post] (C:\CREDITCLAN\web_hook\sequelize_api\node_modules\express\lib\router\index.js:516:19)
    at Object.<anonymous> (C:\CREDITCLAN\web_hook\sequelize_api\routes\patient.route.js:9:8)
    at Module._compile (internal/modules/cjs/loader.js:1063:30)
    at Object.Module._extensions..js (internal/modules/cjs/loader.js:1092:10)
    at Module.load (internal/modules/cjs/loader.js:928:32)
    at Function.Module._load (internal/modules/cjs/loader.js:769:14)
    at Module.require (internal/modules/cjs/loader.js:952:19)
    at require (internal/modules/cjs/helpers.js:88:18)
    at Object.<anonymous> (C:\CREDITCLAN\web_hook\sequelize_api\util\middleware&route.js:4:22) }
{ time: [34m25-03-2022 15:00:11[39m level: [31merror[39m message: uncaughtException: Cannot find module 'timers/promises'
Require stack:
- C:\CREDITCLAN\web_hook\sequelize_api\controllers\patient.controller.js
- C:\CREDITCLAN\web_hook\sequelize_api\routes\patient.route.js
- C:\CREDITCLAN\web_hook\sequelize_api\util\middleware&route.js
- C:\CREDITCLAN\web_hook\sequelize_api\index.js
Error: Cannot find module 'timers/promises'
Require stack:
- C:\CREDITCLAN\web_hook\sequelize_api\controllers\patient.controller.js
- C:\CREDITCLAN\web_hook\sequelize_api\routes\patient.route.js
- C:\CREDITCLAN\web_hook\sequelize_api\util\middleware&route.js
- C:\CREDITCLAN\web_hook\sequelize_api\index.js
    at Function.Module._resolveFilename (internal/modules/cjs/loader.js:880:15)
    at Function.Module._load (internal/modules/cjs/loader.js:725:27)
    at Module.require (internal/modules/cjs/loader.js:952:19)
    at require (internal/modules/cjs/helpers.js:88:18)
    at Object.<anonymous> (C:\CREDITCLAN\web_hook\sequelize_api\controllers\patient.controller.js:290:24)
    at Module._compile (internal/modules/cjs/loader.js:1063:30)
    at Object.Module._extensions..js (internal/modules/cjs/loader.js:1092:10)
    at Module.load (internal/modules/cjs/loader.js:928:32)
    at Function.Module._load (internal/modules/cjs/loader.js:769:14)
    at Module.require (internal/modules/cjs/loader.js:952:19) stack: Error: Cannot find module 'timers/promises'
Require stack:
- C:\CREDITCLAN\web_hook\sequelize_api\controllers\patient.controller.js
- C:\CREDITCLAN\web_hook\sequelize_api\routes\patient.route.js
- C:\CREDITCLAN\web_hook\sequelize_api\util\middleware&route.js
- C:\CREDITCLAN\web_hook\sequelize_api\index.js
    at Function.Module._resolveFilename (internal/modules/cjs/loader.js:880:15)
    at Function.Module._load (internal/modules/cjs/loader.js:725:27)
    at Module.require (internal/modules/cjs/loader.js:952:19)
    at require (internal/modules/cjs/helpers.js:88:18)
    at Object.<anonymous> (C:\CREDITCLAN\web_hook\sequelize_api\controllers\patient.controller.js:290:24)
    at Module._compile (internal/modules/cjs/loader.js:1063:30)
    at Object.Module._extensions..js (internal/modules/cjs/loader.js:1092:10)
    at Module.load (internal/modules/cjs/loader.js:928:32)
    at Function.Module._load (internal/modules/cjs/loader.js:769:14)
    at Module.require (internal/modules/cjs/loader.js:952:19) }
{ time: [34m25-03-2022 15:00:42[39m level: [31merror[39m message: uncaughtException: Cannot find module 'timers/promises'
Require stack:
- C:\CREDITCLAN\web_hook\sequelize_api\controllers\patient.controller.js
- C:\CREDITCLAN\web_hook\sequelize_api\routes\patient.route.js
- C:\CREDITCLAN\web_hook\sequelize_api\util\middleware&route.js
- C:\CREDITCLAN\web_hook\sequelize_api\index.js
Error: Cannot find module 'timers/promises'
Require stack:
- C:\CREDITCLAN\web_hook\sequelize_api\controllers\patient.controller.js
- C:\CREDITCLAN\web_hook\sequelize_api\routes\patient.route.js
- C:\CREDITCLAN\web_hook\sequelize_api\util\middleware&route.js
- C:\CREDITCLAN\web_hook\sequelize_api\index.js
    at Function.Module._resolveFilename (internal/modules/cjs/loader.js:880:15)
    at Function.Module._load (internal/modules/cjs/loader.js:725:27)
    at Module.require (internal/modules/cjs/loader.js:952:19)
    at require (internal/modules/cjs/helpers.js:88:18)
    at Object.<anonymous> (C:\CREDITCLAN\web_hook\sequelize_api\controllers\patient.controller.js:290:24)
    at Module._compile (internal/modules/cjs/loader.js:1063:30)
    at Object.Module._extensions..js (internal/modules/cjs/loader.js:1092:10)
    at Module.load (internal/modules/cjs/loader.js:928:32)
    at Function.Module._load (internal/modules/cjs/loader.js:769:14)
    at Module.require (internal/modules/cjs/loader.js:952:19) stack: Error: Cannot find module 'timers/promises'
Require stack:
- C:\CREDITCLAN\web_hook\sequelize_api\controllers\patient.controller.js
- C:\CREDITCLAN\web_hook\sequelize_api\routes\patient.route.js
- C:\CREDITCLAN\web_hook\sequelize_api\util\middleware&route.js
- C:\CREDITCLAN\web_hook\sequelize_api\index.js
    at Function.Module._resolveFilename (internal/modules/cjs/loader.js:880:15)
    at Function.Module._load (internal/modules/cjs/loader.js:725:27)
    at Module.require (internal/modules/cjs/loader.js:952:19)
    at require (internal/modules/cjs/helpers.js:88:18)
    at Object.<anonymous> (C:\CREDITCLAN\web_hook\sequelize_api\controllers\patient.controller.js:290:24)
    at Module._compile (internal/modules/cjs/loader.js:1063:30)
    at Object.Module._extensions..js (internal/modules/cjs/loader.js:1092:10)
    at Module.load (internal/modules/cjs/loader.js:928:32)
    at Function.Module._load (internal/modules/cjs/loader.js:769:14)
    at Module.require (internal/modules/cjs/loader.js:952:19) }
{ time: [34m25-03-2022 15:03:35[39m level: [31merror[39m message: uncaughtException: Cannot find module 'timers/promises'
Require stack:
- C:\CREDITCLAN\web_hook\sequelize_api\controllers\patient.controller.js
- C:\CREDITCLAN\web_hook\sequelize_api\routes\patient.route.js
- C:\CREDITCLAN\web_hook\sequelize_api\util\middleware&route.js
- C:\CREDITCLAN\web_hook\sequelize_api\index.js
Error: Cannot find module 'timers/promises'
Require stack:
- C:\CREDITCLAN\web_hook\sequelize_api\controllers\patient.controller.js
- C:\CREDITCLAN\web_hook\sequelize_api\routes\patient.route.js
- C:\CREDITCLAN\web_hook\sequelize_api\util\middleware&route.js
- C:\CREDITCLAN\web_hook\sequelize_api\index.js
    at Function.Module._resolveFilename (internal/modules/cjs/loader.js:880:15)
    at Function.Module._load (internal/modules/cjs/loader.js:725:27)
    at Module.require (internal/modules/cjs/loader.js:952:19)
    at require (internal/modules/cjs/helpers.js:88:18)
    at Object.<anonymous> (C:\CREDITCLAN\web_hook\sequelize_api\controllers\patient.controller.js:290:24)
    at Module._compile (internal/modules/cjs/loader.js:1063:30)
    at Object.Module._extensions..js (internal/modules/cjs/loader.js:1092:10)
    at Module.load (internal/modules/cjs/loader.js:928:32)
    at Function.Module._load (internal/modules/cjs/loader.js:769:14)
    at Module.require (internal/modules/cjs/loader.js:952:19) stack: Error: Cannot find module 'timers/promises'
Require stack:
- C:\CREDITCLAN\web_hook\sequelize_api\controllers\patient.controller.js
- C:\CREDITCLAN\web_hook\sequelize_api\routes\patient.route.js
- C:\CREDITCLAN\web_hook\sequelize_api\util\middleware&route.js
- C:\CREDITCLAN\web_hook\sequelize_api\index.js
    at Function.Module._resolveFilename (internal/modules/cjs/loader.js:880:15)
    at Function.Module._load (internal/modules/cjs/loader.js:725:27)
    at Module.require (internal/modules/cjs/loader.js:952:19)
    at require (internal/modules/cjs/helpers.js:88:18)
    at Object.<anonymous> (C:\CREDITCLAN\web_hook\sequelize_api\controllers\patient.controller.js:290:24)
    at Module._compile (internal/modules/cjs/loader.js:1063:30)
    at Object.Module._extensions..js (internal/modules/cjs/loader.js:1092:10)
    at Module.load (internal/modules/cjs/loader.js:928:32)
    at Function.Module._load (internal/modules/cjs/loader.js:769:14)
    at Module.require (internal/modules/cjs/loader.js:952:19) }
{ time: [34m25-03-2022 15:05:15[39m level: [31merror[39m message: uncaughtException: Route.post() requires a callback function but got a [object Undefined]
Error: Route.post() requires a callback function but got a [object Undefined]
    at Route.<computed> [as post] (C:\CREDITCLAN\web_hook\sequelize_api\node_modules\express\lib\router\route.js:202:15)
    at Function.proto.<computed> [as post] (C:\CREDITCLAN\web_hook\sequelize_api\node_modules\express\lib\router\index.js:516:19)
    at Object.<anonymous> (C:\CREDITCLAN\web_hook\sequelize_api\routes\patient.route.js:9:8)
    at Module._compile (internal/modules/cjs/loader.js:1063:30)
    at Object.Module._extensions..js (internal/modules/cjs/loader.js:1092:10)
    at Module.load (internal/modules/cjs/loader.js:928:32)
    at Function.Module._load (internal/modules/cjs/loader.js:769:14)
    at Module.require (internal/modules/cjs/loader.js:952:19)
    at require (internal/modules/cjs/helpers.js:88:18)
    at Object.<anonymous> (C:\CREDITCLAN\web_hook\sequelize_api\util\middleware&route.js:4:22) stack: Error: Route.post() requires a callback function but got a [object Undefined]
    at Route.<computed> [as post] (C:\CREDITCLAN\web_hook\sequelize_api\node_modules\express\lib\router\route.js:202:15)
    at Function.proto.<computed> [as post] (C:\CREDITCLAN\web_hook\sequelize_api\node_modules\express\lib\router\index.js:516:19)
    at Object.<anonymous> (C:\CREDITCLAN\web_hook\sequelize_api\routes\patient.route.js:9:8)
    at Module._compile (internal/modules/cjs/loader.js:1063:30)
    at Object.Module._extensions..js (internal/modules/cjs/loader.js:1092:10)
    at Module.load (internal/modules/cjs/loader.js:928:32)
    at Function.Module._load (internal/modules/cjs/loader.js:769:14)
    at Module.require (internal/modules/cjs/loader.js:952:19)
    at require (internal/modules/cjs/helpers.js:88:18)
    at Object.<anonymous> (C:\CREDITCLAN\web_hook\sequelize_api\util\middleware&route.js:4:22) }
{ time: [34m25-03-2022 15:10:32[39m level: [31merror[39m message: uncaughtException: i is not defined
ReferenceError: i is not defined
    at Timeout.method (C:\CREDITCLAN\web_hook\sequelize_api\controllers\patient.controller.js:300:3)
    at Timeout._onTimeout (C:\CREDITCLAN\web_hook\sequelize_api\node_modules\promise-timers\index.js:26:24)
    at listOnTimeout (internal/timers.js:554:17)
    at processTimers (internal/timers.js:497:7) stack: ReferenceError: i is not defined
    at Timeout.method (C:\CREDITCLAN\web_hook\sequelize_api\controllers\patient.controller.js:300:3)
    at Timeout._onTimeout (C:\CREDITCLAN\web_hook\sequelize_api\node_modules\promise-timers\index.js:26:24)
    at listOnTimeout (internal/timers.js:554:17)
    at processTimers (internal/timers.js:497:7) }
{ time: [34m25-03-2022 15:16:47[39m level: [31merror[39m message: uncaughtException: Cannot read property 'apply' of undefined
TypeError: Cannot read property 'apply' of undefined
    at Timeout._onTimeout (C:\CREDITCLAN\web_hook\sequelize_api\node_modules\promise-timers\index.js:26:24)
    at listOnTimeout (internal/timers.js:554:17)
    at processTimers (internal/timers.js:497:7) stack: TypeError: Cannot read property 'apply' of undefined
    at Timeout._onTimeout (C:\CREDITCLAN\web_hook\sequelize_api\node_modules\promise-timers\index.js:26:24)
    at listOnTimeout (internal/timers.js:554:17)
    at processTimers (internal/timers.js:497:7) }
{ time: [34m20-04-2022 15:40:35[39m level: [31merror[39m message: uncaughtException: Route.post() requires a callback function but got a [object Undefined]
Error: Route.post() requires a callback function but got a [object Undefined]
    at Route.<computed> [as post] (C:\CREDITCLAN\web_hook\Inventory\node_modules\express\lib\router\route.js:202:15)
    at Function.proto.<computed> [as post] (C:\CREDITCLAN\web_hook\Inventory\node_modules\express\lib\router\index.js:516:19)
    at Object.<anonymous> (C:\CREDITCLAN\web_hook\Inventory\routes\process.route.js:9:8)
    at Module._compile (internal/modules/cjs/loader.js:1063:30)
    at Object.Module._extensions..js (internal/modules/cjs/loader.js:1092:10)
    at Module.load (internal/modules/cjs/loader.js:928:32)
    at Function.Module._load (internal/modules/cjs/loader.js:769:14)
    at Module.require (internal/modules/cjs/loader.js:952:19)
    at require (internal/modules/cjs/helpers.js:88:18)
    at Object.<anonymous> (C:\CREDITCLAN\web_hook\Inventory\util\middleware&route.js:5:22) stack: Error: Route.post() requires a callback function but got a [object Undefined]
    at Route.<computed> [as post] (C:\CREDITCLAN\web_hook\Inventory\node_modules\express\lib\router\route.js:202:15)
    at Function.proto.<computed> [as post] (C:\CREDITCLAN\web_hook\Inventory\node_modules\express\lib\router\index.js:516:19)
    at Object.<anonymous> (C:\CREDITCLAN\web_hook\Inventory\routes\process.route.js:9:8)
    at Module._compile (internal/modules/cjs/loader.js:1063:30)
    at Object.Module._extensions..js (internal/modules/cjs/loader.js:1092:10)
    at Module.load (internal/modules/cjs/loader.js:928:32)
    at Function.Module._load (internal/modules/cjs/loader.js:769:14)
    at Module.require (internal/modules/cjs/loader.js:952:19)
    at require (internal/modules/cjs/helpers.js:88:18)
    at Object.<anonymous> (C:\CREDITCLAN\web_hook\Inventory\util\middleware&route.js:5:22) }
{ time: [34m20-04-2022 15:40:36[39m level: [31merror[39m message: uncaughtException: write after end
Error: write after end
    at writeAfterEnd (C:\CREDITCLAN\web_hook\Inventory\node_modules\winston\node_modules\readable-stream\lib\_stream_writable.js:261:12)
    at PassThrough.Writable.write (C:\CREDITCLAN\web_hook\Inventory\node_modules\winston\node_modules\readable-stream\lib\_stream_writable.js:305:21)
    at File.log (C:\CREDITCLAN\web_hook\Inventory\node_modules\winston\lib\winston\transports\file.js:185:34)
    at ExceptionStream._write (C:\CREDITCLAN\web_hook\Inventory\node_modules\winston\lib\winston\exception-stream.js:48:29)
    at doWrite (C:\CREDITCLAN\web_hook\Inventory\node_modules\winston\node_modules\readable-stream\lib\_stream_writable.js:409:139)
    at writeOrBuffer (C:\CREDITCLAN\web_hook\Inventory\node_modules\winston\node_modules\readable-stream\lib\_stream_writable.js:398:5)
    at ExceptionStream.Writable.write (C:\CREDITCLAN\web_hook\Inventory\node_modules\winston\node_modules\readable-stream\lib\_stream_writable.js:307:11)
    at DerivedLogger.ondata (C:\CREDITCLAN\web_hook\Inventory\node_modules\winston\node_modules\readable-stream\lib\_stream_readable.js:681:20)
    at DerivedLogger.emit (events.js:327:22)
    at addChunk (C:\CREDITCLAN\web_hook\Inventory\node_modules\winston\node_modules\readable-stream\lib\_stream_readable.js:298:12) stack: Error: write after end
    at writeAfterEnd (C:\CREDITCLAN\web_hook\Inventory\node_modules\winston\node_modules\readable-stream\lib\_stream_writable.js:261:12)
    at PassThrough.Writable.write (C:\CREDITCLAN\web_hook\Inventory\node_modules\winston\node_modules\readable-stream\lib\_stream_writable.js:305:21)
    at File.log (C:\CREDITCLAN\web_hook\Inventory\node_modules\winston\lib\winston\transports\file.js:185:34)
    at ExceptionStream._write (C:\CREDITCLAN\web_hook\Inventory\node_modules\winston\lib\winston\exception-stream.js:48:29)
    at doWrite (C:\CREDITCLAN\web_hook\Inventory\node_modules\winston\node_modules\readable-stream\lib\_stream_writable.js:409:139)
    at writeOrBuffer (C:\CREDITCLAN\web_hook\Inventory\node_modules\winston\node_modules\readable-stream\lib\_stream_writable.js:398:5)
    at ExceptionStream.Writable.write (C:\CREDITCLAN\web_hook\Inventory\node_modules\winston\node_modules\readable-stream\lib\_stream_writable.js:307:11)
    at DerivedLogger.ondata (C:\CREDITCLAN\web_hook\Inventory\node_modules\winston\node_modules\readable-stream\lib\_stream_readable.js:681:20)
    at DerivedLogger.emit (events.js:327:22)
    at addChunk (C:\CREDITCLAN\web_hook\Inventory\node_modules\winston\node_modules\readable-stream\lib\_stream_readable.js:298:12) }
{ time: [34m20-04-2022 15:41:36[39m level: [31merror[39m message: unhandledRejection: Unknown database 'inventory_db'
SequelizeConnectionError: Unknown database 'inventory_db'
    at ConnectionManager.connect (C:\CREDITCLAN\web_hook\Inventory\node_modules\sequelize\lib\dialects\mysql\connection-manager.js:102:17)
    at processTicksAndRejections (internal/process/task_queues.js:93:5)
    at async ConnectionManager._connect (C:\CREDITCLAN\web_hook\Inventory\node_modules\sequelize\lib\dialects\abstract\connection-manager.js:216:24)
    at async C:\CREDITCLAN\web_hook\Inventory\node_modules\sequelize\lib\dialects\abstract\connection-manager.js:174:32
    at async ConnectionManager.getConnection (C:\CREDITCLAN\web_hook\Inventory\node_modules\sequelize\lib\dialects\abstract\connection-manager.js:197:7)
    at async C:\CREDITCLAN\web_hook\Inventory\node_modules\sequelize\lib\sequelize.js:303:26
    at async MySQLQueryInterface.createTable (C:\CREDITCLAN\web_hook\Inventory\node_modules\sequelize\lib\dialects\abstract\query-interface.js:94:12)
    at async Function.sync (C:\CREDITCLAN\web_hook\Inventory\node_modules\sequelize\lib\model.js:930:5)
    at async Sequelize.sync (C:\CREDITCLAN\web_hook\Inventory\node_modules\sequelize\lib\sequelize.js:377:9) stack: SequelizeConnectionError: Unknown database 'inventory_db'
    at ConnectionManager.connect (C:\CREDITCLAN\web_hook\Inventory\node_modules\sequelize\lib\dialects\mysql\connection-manager.js:102:17)
    at processTicksAndRejections (internal/process/task_queues.js:93:5)
    at async ConnectionManager._connect (C:\CREDITCLAN\web_hook\Inventory\node_modules\sequelize\lib\dialects\abstract\connection-manager.js:216:24)
    at async C:\CREDITCLAN\web_hook\Inventory\node_modules\sequelize\lib\dialects\abstract\connection-manager.js:174:32
    at async ConnectionManager.getConnection (C:\CREDITCLAN\web_hook\Inventory\node_modules\sequelize\lib\dialects\abstract\connection-manager.js:197:7)
    at async C:\CREDITCLAN\web_hook\Inventory\node_modules\sequelize\lib\sequelize.js:303:26
    at async MySQLQueryInterface.createTable (C:\CREDITCLAN\web_hook\Inventory\node_modules\sequelize\lib\dialects\abstract\query-interface.js:94:12)
    at async Function.sync (C:\CREDITCLAN\web_hook\Inventory\node_modules\sequelize\lib\model.js:930:5)
    at async Sequelize.sync (C:\CREDITCLAN\web_hook\Inventory\node_modules\sequelize\lib\sequelize.js:377:9) }
{ time: [34m20-04-2022 15:51:25[39m level: [31merror[39m message: uncaughtException: Unexpected identifier
C:\CREDITCLAN\web_hook\Inventory\models\inventory.model.js:85
	- Marketplace items
	              ^^^^^

SyntaxError: Unexpected identifier
    at wrapSafe (internal/modules/cjs/loader.js:979:16)
    at Module._compile (internal/modules/cjs/loader.js:1027:27)
    at Object.Module._extensions..js (internal/modules/cjs/loader.js:1092:10)
    at Module.load (internal/modules/cjs/loader.js:928:32)
    at Function.Module._load (internal/modules/cjs/loader.js:769:14)
    at Module.require (internal/modules/cjs/loader.js:952:19)
    at require (internal/modules/cjs/helpers.js:88:18)
    at Object.<anonymous> (C:\CREDITCLAN\web_hook\Inventory\models\index.js:15:19)
    at Module._compile (internal/modules/cjs/loader.js:1063:30)
    at Object.Module._extensions..js (internal/modules/cjs/loader.js:1092:10) stack: C:\CREDITCLAN\web_hook\Inventory\models\inventory.model.js:85
	- Marketplace items
	              ^^^^^

SyntaxError: Unexpected identifier
    at wrapSafe (internal/modules/cjs/loader.js:979:16)
    at Module._compile (internal/modules/cjs/loader.js:1027:27)
    at Object.Module._extensions..js (internal/modules/cjs/loader.js:1092:10)
    at Module.load (internal/modules/cjs/loader.js:928:32)
    at Function.Module._load (internal/modules/cjs/loader.js:769:14)
    at Module.require (internal/modules/cjs/loader.js:952:19)
    at require (internal/modules/cjs/helpers.js:88:18)
    at Object.<anonymous> (C:\CREDITCLAN\web_hook\Inventory\models\index.js:15:19)
    at Module._compile (internal/modules/cjs/loader.js:1063:30)
    at Object.Module._extensions..js (internal/modules/cjs/loader.js:1092:10) }
